[INFO ] 2016-10-01 00:17:02.084 [main] FolderStorageModuleTest - Starting test [createDirectoryTest]
[INFO ] 2016-10-01 00:17:02.088 [main] MailStorageModuleTest - Seeding
[INFO ] 2016-10-01 00:17:02.356 [main] FolderStorageModule - Connected to the database.
[INFO ] 2016-10-01 00:17:03.787 [main] FolderStorageModule - Connected to the database.
[INFO ] 2016-10-01 00:17:03.825 [main] FolderStorageModule - Connected to the database.
[INFO ] 2016-10-01 00:17:03.833 [main] FolderStorageModuleTest - Starting test [updateDirectoryTest_DuplicateDir]
[INFO ] 2016-10-01 00:17:03.834 [main] MailStorageModuleTest - Seeding
[INFO ] 2016-10-01 00:17:03.848 [main] FolderStorageModule - Connected to the database.
[INFO ] 2016-10-01 00:17:05.113 [main] FolderStorageModule - Connected to the database.
[ERROR] 2016-10-01 00:17:05.174 [main] FolderStorageModule - Such directory already exists
com.mysql.jdbc.exceptions.jdbc4.MySQLIntegrityConstraintViolationException: Duplicate entry 'trash' for key 'name'
	at sun.reflect.NativeConstructorAccessorImpl.newInstance0(Native Method) ~[?:1.8.0_91]
	at sun.reflect.NativeConstructorAccessorImpl.newInstance(NativeConstructorAccessorImpl.java:62) ~[?:1.8.0_91]
	at sun.reflect.DelegatingConstructorAccessorImpl.newInstance(DelegatingConstructorAccessorImpl.java:45) ~[?:1.8.0_91]
	at java.lang.reflect.Constructor.newInstance(Constructor.java:423) ~[?:1.8.0_91]
	at com.mysql.jdbc.Util.handleNewInstance(Util.java:404) ~[mysql-connector-java-5.1.39.jar:5.1.39]
	at com.mysql.jdbc.Util.getInstance(Util.java:387) ~[mysql-connector-java-5.1.39.jar:5.1.39]
	at com.mysql.jdbc.SQLError.createSQLException(SQLError.java:934) ~[mysql-connector-java-5.1.39.jar:5.1.39]
	at com.mysql.jdbc.MysqlIO.checkErrorPacket(MysqlIO.java:3966) ~[mysql-connector-java-5.1.39.jar:5.1.39]
	at com.mysql.jdbc.MysqlIO.checkErrorPacket(MysqlIO.java:3902) ~[mysql-connector-java-5.1.39.jar:5.1.39]
	at com.mysql.jdbc.MysqlIO.sendCommand(MysqlIO.java:2526) ~[mysql-connector-java-5.1.39.jar:5.1.39]
	at com.mysql.jdbc.MysqlIO.sqlQueryDirect(MysqlIO.java:2673) ~[mysql-connector-java-5.1.39.jar:5.1.39]
	at com.mysql.jdbc.ConnectionImpl.execSQL(ConnectionImpl.java:2549) ~[mysql-connector-java-5.1.39.jar:5.1.39]
	at com.mysql.jdbc.PreparedStatement.executeInternal(PreparedStatement.java:1861) ~[mysql-connector-java-5.1.39.jar:5.1.39]
	at com.mysql.jdbc.PreparedStatement.executeUpdateInternal(PreparedStatement.java:2073) ~[mysql-connector-java-5.1.39.jar:5.1.39]
	at com.mysql.jdbc.PreparedStatement.executeUpdateInternal(PreparedStatement.java:2009) ~[mysql-connector-java-5.1.39.jar:5.1.39]
	at com.mysql.jdbc.PreparedStatement.executeLargeUpdate(PreparedStatement.java:5098) ~[mysql-connector-java-5.1.39.jar:5.1.39]
	at com.mysql.jdbc.PreparedStatement.executeUpdate(PreparedStatement.java:1994) ~[mysql-connector-java-5.1.39.jar:5.1.39]
	at ashulzhenko.emailapp.data.FolderStorageModule.updateDirectory(FolderStorageModule.java:146) [classes/:?]
	at ashulzhenko.emailapp.data.FolderStorageModuleTest.updateDirectoryTest_DuplicateDir(FolderStorageModuleTest.java:103) [test-classes/:?]
	at sun.reflect.NativeMethodAccessorImpl.invoke0(Native Method) ~[?:1.8.0_91]
	at sun.reflect.NativeMethodAccessorImpl.invoke(NativeMethodAccessorImpl.java:62) ~[?:1.8.0_91]
	at sun.reflect.DelegatingMethodAccessorImpl.invoke(DelegatingMethodAccessorImpl.java:43) ~[?:1.8.0_91]
	at java.lang.reflect.Method.invoke(Method.java:498) ~[?:1.8.0_91]
	at org.junit.runners.model.FrameworkMethod$1.runReflectiveCall(FrameworkMethod.java:50) [junit-4.12.jar:4.12]
	at org.junit.internal.runners.model.ReflectiveCallable.run(ReflectiveCallable.java:12) [junit-4.12.jar:4.12]
	at org.junit.runners.model.FrameworkMethod.invokeExplosively(FrameworkMethod.java:47) [junit-4.12.jar:4.12]
	at org.junit.internal.runners.statements.InvokeMethod.evaluate(InvokeMethod.java:17) [junit-4.12.jar:4.12]
	at org.junit.internal.runners.statements.ExpectException.evaluate(ExpectException.java:19) [junit-4.12.jar:4.12]
	at org.junit.internal.runners.statements.RunBefores.evaluate(RunBefores.java:26) [junit-4.12.jar:4.12]
	at org.junit.rules.TestWatcher$1.evaluate(TestWatcher.java:55) [junit-4.12.jar:4.12]
	at org.junit.rules.RunRules.evaluate(RunRules.java:20) [junit-4.12.jar:4.12]
	at org.junit.runners.ParentRunner.runLeaf(ParentRunner.java:325) [junit-4.12.jar:4.12]
	at org.junit.runners.BlockJUnit4ClassRunner.runChild(BlockJUnit4ClassRunner.java:78) [junit-4.12.jar:4.12]
	at org.junit.runners.BlockJUnit4ClassRunner.runChild(BlockJUnit4ClassRunner.java:57) [junit-4.12.jar:4.12]
	at org.junit.runners.ParentRunner$3.run(ParentRunner.java:290) [junit-4.12.jar:4.12]
	at org.junit.runners.ParentRunner$1.schedule(ParentRunner.java:71) [junit-4.12.jar:4.12]
	at org.junit.runners.ParentRunner.runChildren(ParentRunner.java:288) [junit-4.12.jar:4.12]
	at org.junit.runners.ParentRunner.access$000(ParentRunner.java:58) [junit-4.12.jar:4.12]
	at org.junit.runners.ParentRunner$2.evaluate(ParentRunner.java:268) [junit-4.12.jar:4.12]
	at org.junit.runners.ParentRunner.run(ParentRunner.java:363) [junit-4.12.jar:4.12]
	at org.apache.maven.surefire.junit4.JUnit4Provider.execute(JUnit4Provider.java:367) [surefire-junit4-2.19.1.jar:2.19.1]
	at org.apache.maven.surefire.junit4.JUnit4Provider.executeWithRerun(JUnit4Provider.java:274) [surefire-junit4-2.19.1.jar:2.19.1]
	at org.apache.maven.surefire.junit4.JUnit4Provider.executeTestSet(JUnit4Provider.java:238) [surefire-junit4-2.19.1.jar:2.19.1]
	at org.apache.maven.surefire.junit4.JUnit4Provider.invoke(JUnit4Provider.java:161) [surefire-junit4-2.19.1.jar:2.19.1]
	at org.apache.maven.surefire.booter.ForkedBooter.invokeProviderInSameClassLoader(ForkedBooter.java:290) [surefire-booter-2.19.1.jar:2.19.1]
	at org.apache.maven.surefire.booter.ForkedBooter.runSuitesInProcess(ForkedBooter.java:242) [surefire-booter-2.19.1.jar:2.19.1]
	at org.apache.maven.surefire.booter.ForkedBooter.main(ForkedBooter.java:121) [surefire-booter-2.19.1.jar:2.19.1]
[INFO ] 2016-10-01 00:17:05.190 [main] FolderStorageModuleTest - Starting test [deleteDirectoryTest_DirNotExists]
[INFO ] 2016-10-01 00:17:05.191 [main] MailStorageModuleTest - Seeding
[INFO ] 2016-10-01 00:17:05.207 [main] FolderStorageModule - Connected to the database.
[INFO ] 2016-10-01 00:17:06.519 [main] FolderStorageModule - Connected to the database.
[INFO ] 2016-10-01 00:17:06.524 [main] FolderStorageModuleTest - Starting test [findAllTest]
[INFO ] 2016-10-01 00:17:06.524 [main] MailStorageModuleTest - Seeding
[INFO ] 2016-10-01 00:17:06.544 [main] FolderStorageModule - Connected to the database.
[INFO ] 2016-10-01 00:17:07.893 [main] FolderStorageModule - Connected to the database.
[INFO ] 2016-10-01 00:17:07.897 [main] FolderStorageModuleTest - Starting test [deleteDirectoryTest_InvalidArgument]
[INFO ] 2016-10-01 00:17:07.897 [main] MailStorageModuleTest - Seeding
[INFO ] 2016-10-01 00:17:07.913 [main] FolderStorageModule - Connected to the database.
[INFO ] 2016-10-01 00:17:09.127 [main] FolderStorageModuleTest - Starting test [deleteDirectoryTest]
[INFO ] 2016-10-01 00:17:09.127 [main] MailStorageModuleTest - Seeding
[INFO ] 2016-10-01 00:17:09.144 [main] FolderStorageModule - Connected to the database.
[INFO ] 2016-10-01 00:17:10.374 [main] FolderStorageModule - Connected to the database.
[INFO ] 2016-10-01 00:17:10.418 [main] FolderStorageModule - Connected to the database.
[INFO ] 2016-10-01 00:17:10.421 [main] FolderStorageModuleTest - Starting test [updateDirectoryTest]
[INFO ] 2016-10-01 00:17:10.422 [main] MailStorageModuleTest - Seeding
[INFO ] 2016-10-01 00:17:10.436 [main] FolderStorageModule - Connected to the database.
[INFO ] 2016-10-01 00:17:11.781 [main] FolderStorageModule - Connected to the database.
[INFO ] 2016-10-01 00:17:11.814 [main] FolderStorageModule - Connected to the database.
[INFO ] 2016-10-01 00:17:11.823 [main] FolderStorageModule - Connected to the database.
[INFO ] 2016-10-01 00:17:11.826 [main] FolderStorageModuleTest - Starting test [createDirectoryTest_InvalidArgument]
[INFO ] 2016-10-01 00:17:11.826 [main] MailStorageModuleTest - Seeding
[INFO ] 2016-10-01 00:17:11.837 [main] FolderStorageModule - Connected to the database.
[INFO ] 2016-10-01 00:17:14.018 [main] FolderStorageModuleTest - Starting test [updateDirectoryTest_InvalidSameValueArgument]
[INFO ] 2016-10-01 00:17:14.019 [main] MailStorageModuleTest - Seeding
[INFO ] 2016-10-01 00:17:14.036 [main] FolderStorageModule - Connected to the database.
[INFO ] 2016-10-01 00:17:15.269 [main] FolderStorageModuleTest - Starting test [updateDirectoryTest_InvalidArgument]
[INFO ] 2016-10-01 00:17:15.271 [main] MailStorageModuleTest - Seeding
[INFO ] 2016-10-01 00:17:15.285 [main] FolderStorageModule - Connected to the database.
[INFO ] 2016-10-01 00:17:16.678 [main] FolderStorageModuleTest - Starting test [createDirectoryTest_DuplicateDir]
[INFO ] 2016-10-01 00:17:16.678 [main] MailStorageModuleTest - Seeding
[INFO ] 2016-10-01 00:17:16.694 [main] FolderStorageModule - Connected to the database.
[INFO ] 2016-10-01 00:17:17.909 [main] FolderStorageModule - Connected to the database.
[ERROR] 2016-10-01 00:17:17.949 [main] FolderStorageModule - Such directory already exists
com.mysql.jdbc.exceptions.jdbc4.MySQLIntegrityConstraintViolationException: Duplicate entry 'new' for key 'name'
	at sun.reflect.NativeConstructorAccessorImpl.newInstance0(Native Method) ~[?:1.8.0_91]
	at sun.reflect.NativeConstructorAccessorImpl.newInstance(NativeConstructorAccessorImpl.java:62) ~[?:1.8.0_91]
	at sun.reflect.DelegatingConstructorAccessorImpl.newInstance(DelegatingConstructorAccessorImpl.java:45) ~[?:1.8.0_91]
	at java.lang.reflect.Constructor.newInstance(Constructor.java:423) ~[?:1.8.0_91]
	at com.mysql.jdbc.Util.handleNewInstance(Util.java:404) ~[mysql-connector-java-5.1.39.jar:5.1.39]
	at com.mysql.jdbc.Util.getInstance(Util.java:387) ~[mysql-connector-java-5.1.39.jar:5.1.39]
	at com.mysql.jdbc.SQLError.createSQLException(SQLError.java:934) ~[mysql-connector-java-5.1.39.jar:5.1.39]
	at com.mysql.jdbc.MysqlIO.checkErrorPacket(MysqlIO.java:3966) ~[mysql-connector-java-5.1.39.jar:5.1.39]
	at com.mysql.jdbc.MysqlIO.checkErrorPacket(MysqlIO.java:3902) ~[mysql-connector-java-5.1.39.jar:5.1.39]
	at com.mysql.jdbc.MysqlIO.sendCommand(MysqlIO.java:2526) ~[mysql-connector-java-5.1.39.jar:5.1.39]
	at com.mysql.jdbc.MysqlIO.sqlQueryDirect(MysqlIO.java:2673) ~[mysql-connector-java-5.1.39.jar:5.1.39]
	at com.mysql.jdbc.ConnectionImpl.execSQL(ConnectionImpl.java:2549) ~[mysql-connector-java-5.1.39.jar:5.1.39]
	at com.mysql.jdbc.PreparedStatement.executeInternal(PreparedStatement.java:1861) ~[mysql-connector-java-5.1.39.jar:5.1.39]
	at com.mysql.jdbc.PreparedStatement.executeUpdateInternal(PreparedStatement.java:2073) ~[mysql-connector-java-5.1.39.jar:5.1.39]
	at com.mysql.jdbc.PreparedStatement.executeUpdateInternal(PreparedStatement.java:2009) ~[mysql-connector-java-5.1.39.jar:5.1.39]
	at com.mysql.jdbc.PreparedStatement.executeLargeUpdate(PreparedStatement.java:5098) ~[mysql-connector-java-5.1.39.jar:5.1.39]
	at com.mysql.jdbc.PreparedStatement.executeUpdate(PreparedStatement.java:1994) ~[mysql-connector-java-5.1.39.jar:5.1.39]
	at ashulzhenko.emailapp.data.FolderStorageModule.createDirectory(FolderStorageModule.java:56) [classes/:?]
	at ashulzhenko.emailapp.data.FolderStorageModuleTest.createDirectoryTest_DuplicateDir(FolderStorageModuleTest.java:55) [test-classes/:?]
	at sun.reflect.NativeMethodAccessorImpl.invoke0(Native Method) ~[?:1.8.0_91]
	at sun.reflect.NativeMethodAccessorImpl.invoke(NativeMethodAccessorImpl.java:62) ~[?:1.8.0_91]
	at sun.reflect.DelegatingMethodAccessorImpl.invoke(DelegatingMethodAccessorImpl.java:43) ~[?:1.8.0_91]
	at java.lang.reflect.Method.invoke(Method.java:498) ~[?:1.8.0_91]
	at org.junit.runners.model.FrameworkMethod$1.runReflectiveCall(FrameworkMethod.java:50) [junit-4.12.jar:4.12]
	at org.junit.internal.runners.model.ReflectiveCallable.run(ReflectiveCallable.java:12) [junit-4.12.jar:4.12]
	at org.junit.runners.model.FrameworkMethod.invokeExplosively(FrameworkMethod.java:47) [junit-4.12.jar:4.12]
	at org.junit.internal.runners.statements.InvokeMethod.evaluate(InvokeMethod.java:17) [junit-4.12.jar:4.12]
	at org.junit.internal.runners.statements.ExpectException.evaluate(ExpectException.java:19) [junit-4.12.jar:4.12]
	at org.junit.internal.runners.statements.RunBefores.evaluate(RunBefores.java:26) [junit-4.12.jar:4.12]
	at org.junit.rules.TestWatcher$1.evaluate(TestWatcher.java:55) [junit-4.12.jar:4.12]
	at org.junit.rules.RunRules.evaluate(RunRules.java:20) [junit-4.12.jar:4.12]
	at org.junit.runners.ParentRunner.runLeaf(ParentRunner.java:325) [junit-4.12.jar:4.12]
	at org.junit.runners.BlockJUnit4ClassRunner.runChild(BlockJUnit4ClassRunner.java:78) [junit-4.12.jar:4.12]
	at org.junit.runners.BlockJUnit4ClassRunner.runChild(BlockJUnit4ClassRunner.java:57) [junit-4.12.jar:4.12]
	at org.junit.runners.ParentRunner$3.run(ParentRunner.java:290) [junit-4.12.jar:4.12]
	at org.junit.runners.ParentRunner$1.schedule(ParentRunner.java:71) [junit-4.12.jar:4.12]
	at org.junit.runners.ParentRunner.runChildren(ParentRunner.java:288) [junit-4.12.jar:4.12]
	at org.junit.runners.ParentRunner.access$000(ParentRunner.java:58) [junit-4.12.jar:4.12]
	at org.junit.runners.ParentRunner$2.evaluate(ParentRunner.java:268) [junit-4.12.jar:4.12]
	at org.junit.runners.ParentRunner.run(ParentRunner.java:363) [junit-4.12.jar:4.12]
	at org.apache.maven.surefire.junit4.JUnit4Provider.execute(JUnit4Provider.java:367) [surefire-junit4-2.19.1.jar:2.19.1]
	at org.apache.maven.surefire.junit4.JUnit4Provider.executeWithRerun(JUnit4Provider.java:274) [surefire-junit4-2.19.1.jar:2.19.1]
	at org.apache.maven.surefire.junit4.JUnit4Provider.executeTestSet(JUnit4Provider.java:238) [surefire-junit4-2.19.1.jar:2.19.1]
	at org.apache.maven.surefire.junit4.JUnit4Provider.invoke(JUnit4Provider.java:161) [surefire-junit4-2.19.1.jar:2.19.1]
	at org.apache.maven.surefire.booter.ForkedBooter.invokeProviderInSameClassLoader(ForkedBooter.java:290) [surefire-booter-2.19.1.jar:2.19.1]
	at org.apache.maven.surefire.booter.ForkedBooter.runSuitesInProcess(ForkedBooter.java:242) [surefire-booter-2.19.1.jar:2.19.1]
	at org.apache.maven.surefire.booter.ForkedBooter.main(ForkedBooter.java:121) [surefire-booter-2.19.1.jar:2.19.1]
[INFO ] 2016-10-01 00:17:17.961 [main] MailStorageModuleTest - Starting test [findEmailByIdTest]
[INFO ] 2016-10-01 00:17:17.961 [main] MailStorageModuleTest - Seeding
[INFO ] 2016-10-01 00:17:17.974 [main] MailStorageModule - Connected to the database.
[INFO ] 2016-10-01 00:17:19.187 [main] MailStorageModule - Connected to the database.
[INFO ] 2016-10-01 00:17:19.249 [main] MailStorageModuleTest - Starting test [deleteEmailTest]
[INFO ] 2016-10-01 00:17:19.250 [main] MailStorageModuleTest - Seeding
[INFO ] 2016-10-01 00:17:19.255 [main] MailStorageModule - Connected to the database.
[INFO ] 2016-10-01 00:17:20.459 [main] MailStorageModule - Connected to the database.
[INFO ] 2016-10-01 00:17:20.516 [main] MailStorageModule - Connected to the database.
[INFO ] 2016-10-01 00:17:20.520 [main] MailStorageModuleTest - Starting test [findAllInDirectoryTest]
[INFO ] 2016-10-01 00:17:20.520 [main] MailStorageModuleTest - Seeding
[INFO ] 2016-10-01 00:17:20.526 [main] MailStorageModule - Connected to the database.
[INFO ] 2016-10-01 00:17:21.768 [main] MailStorageModule - Connected to the database.
[INFO ] 2016-10-01 00:17:21.787 [main] MailStorageModuleTest - Starting test [findAllInDirectoryTest_DirNotExists]
[INFO ] 2016-10-01 00:17:21.787 [main] MailStorageModuleTest - Seeding
[INFO ] 2016-10-01 00:17:21.801 [main] MailStorageModule - Connected to the database.
[INFO ] 2016-10-01 00:17:23.066 [main] MailStorageModule - Connected to the database.
[INFO ] 2016-10-01 00:17:23.071 [main] MailStorageModuleTest - Starting test [findEmailByIdTest_NotInDb]
[INFO ] 2016-10-01 00:17:23.072 [main] MailStorageModuleTest - Seeding
[INFO ] 2016-10-01 00:17:23.088 [main] MailStorageModule - Connected to the database.
[INFO ] 2016-10-01 00:17:24.829 [main] MailStorageModule - Connected to the database.
[INFO ] 2016-10-01 00:17:24.833 [main] MailStorageModuleTest - Starting test [deleteEmailTest_InvalidArgument]
[INFO ] 2016-10-01 00:17:24.833 [main] MailStorageModuleTest - Seeding
[INFO ] 2016-10-01 00:17:24.848 [main] MailStorageModule - Connected to the database.
[INFO ] 2016-10-01 00:17:26.165 [main] MailStorageModuleTest - Starting test [findAllTest]
[INFO ] 2016-10-01 00:17:26.165 [main] MailStorageModuleTest - Seeding
[INFO ] 2016-10-01 00:17:26.180 [main] MailStorageModule - Connected to the database.
[INFO ] 2016-10-01 00:17:27.699 [main] MailStorageModule - Connected to the database.
[INFO ] 2016-10-01 00:17:27.719 [main] MailStorageModuleTest - Starting test [deleteEmailTest_IdNotExists]
[INFO ] 2016-10-01 00:17:27.719 [main] MailStorageModuleTest - Seeding
[INFO ] 2016-10-01 00:17:27.728 [main] MailStorageModule - Connected to the database.
[INFO ] 2016-10-01 00:17:29.152 [main] MailStorageModule - Connected to the database.
[INFO ] 2016-10-01 00:17:29.155 [main] MailStorageModuleTest - Starting test [saveEmailTest]
[INFO ] 2016-10-01 00:17:29.159 [main] MailStorageModuleTest - Seeding
[INFO ] 2016-10-01 00:17:29.173 [main] MailStorageModule - Connected to the database.
[INFO ] 2016-10-01 00:17:30.534 [main] MailStorageModule - Connected to the database.
[INFO ] 2016-10-01 00:17:30.972 [main] MailStorageModule - Connected to the database.
[INFO ] 2016-10-01 00:17:30.996 [main] MailStorageModuleTest - Starting test [updateEmailDirectoryTest_InvalidArgument]
[INFO ] 2016-10-01 00:17:30.996 [main] MailStorageModuleTest - Seeding
[INFO ] 2016-10-01 00:17:31.009 [main] MailStorageModule - Connected to the database.
[INFO ] 2016-10-01 00:17:32.407 [main] MailStorageModuleTest - Starting test [findEmailByIdTest_InvalidArgument]
[INFO ] 2016-10-01 00:17:32.408 [main] MailStorageModuleTest - Seeding
[INFO ] 2016-10-01 00:17:32.426 [main] MailStorageModule - Connected to the database.
[INFO ] 2016-10-01 00:17:33.996 [main] MailStorageModuleTest - Starting test [saveEmailTest_InvalidArgument]
[INFO ] 2016-10-01 00:17:33.998 [main] MailStorageModuleTest - Seeding
[INFO ] 2016-10-01 00:17:34.015 [main] MailStorageModule - Connected to the database.
[INFO ] 2016-10-01 00:17:35.448 [main] MailStorageModuleTest - Starting test [updateEmailDirectoryTest]
[INFO ] 2016-10-01 00:17:35.449 [main] MailStorageModuleTest - Seeding
[INFO ] 2016-10-01 00:17:35.465 [main] MailStorageModule - Connected to the database.
[INFO ] 2016-10-01 00:17:36.838 [main] MailStorageModule - Connected to the database.
[INFO ] 2016-10-01 00:17:36.847 [main] MailStorageModule - Connected to the database.
[INFO ] 2016-10-01 00:17:36.894 [main] MailStorageModule - Connected to the database.
[INFO ] 2016-10-01 00:17:36.898 [main] MailStorageModuleTest - Starting test [updateEmailDirectoryTest_EmailIdNotInDb]
[INFO ] 2016-10-01 00:17:36.899 [main] MailStorageModuleTest - Seeding
[INFO ] 2016-10-01 00:17:36.911 [main] MailStorageModule - Connected to the database.
[INFO ] 2016-10-01 00:17:38.225 [main] MailStorageModule - Connected to the database.
[INFO ] 2016-10-01 00:17:38.229 [main] MailStorageModuleTest - Starting test [findAllInDirectoryTest_InvalidArgument]
[INFO ] 2016-10-01 00:17:38.230 [main] MailStorageModuleTest - Seeding
[INFO ] 2016-10-01 00:17:38.242 [main] MailStorageModule - Connected to the database.
[INFO ] 2016-10-01 00:17:39.511 [main] PropertiesManagerTest - Starting test [testWriteText]
[DEBUG] 2016-10-01 00:17:39.551 [main] MailModuleExceptionsTest - in TestExceptions with no to's addresses
[DEBUG] 2016-10-01 00:17:39.553 [main] MailModuleExceptionsTest - in TestExceptions with null for cc
[DEBUG] 2016-10-01 00:17:39.554 [main] MailModuleExceptionsTest - in TestExceptions with to with invalid email
[DEBUG] 2016-10-01 00:17:39.556 [main] MailModuleExceptionsTest - in TestExceptions with cc with invalid email
[DEBUG] 2016-10-01 00:17:39.557 [main] MailModuleExceptionsTest - in TestExceptions with bcc with invalid email
[DEBUG] 2016-10-01 00:17:39.559 [main] MailModuleExceptionsTest - in TestExceptions with attachment error: file not found
[INFO ] 2016-10-01 00:18:36.507 [main] FolderStorageModuleTest - Starting test [createDirectoryTest]
[INFO ] 2016-10-01 00:18:36.512 [main] MailStorageModuleTest - Seeding
[INFO ] 2016-10-01 00:18:36.841 [main] FolderStorageModule - Connected to the database.
[INFO ] 2016-10-01 00:18:38.221 [main] FolderStorageModule - Connected to the database.
[INFO ] 2016-10-01 00:18:38.262 [main] FolderStorageModule - Connected to the database.
[INFO ] 2016-10-01 00:18:38.268 [main] FolderStorageModuleTest - Starting test [updateDirectoryTest_DuplicateDir]
[INFO ] 2016-10-01 00:18:38.268 [main] MailStorageModuleTest - Seeding
[INFO ] 2016-10-01 00:18:38.280 [main] FolderStorageModule - Connected to the database.
[INFO ] 2016-10-01 00:18:39.461 [main] FolderStorageModule - Connected to the database.
[ERROR] 2016-10-01 00:18:39.507 [main] FolderStorageModule - Such directory already exists
com.mysql.jdbc.exceptions.jdbc4.MySQLIntegrityConstraintViolationException: Duplicate entry 'trash' for key 'name'
	at sun.reflect.NativeConstructorAccessorImpl.newInstance0(Native Method) ~[?:1.8.0_91]
	at sun.reflect.NativeConstructorAccessorImpl.newInstance(NativeConstructorAccessorImpl.java:62) ~[?:1.8.0_91]
	at sun.reflect.DelegatingConstructorAccessorImpl.newInstance(DelegatingConstructorAccessorImpl.java:45) ~[?:1.8.0_91]
	at java.lang.reflect.Constructor.newInstance(Constructor.java:423) ~[?:1.8.0_91]
	at com.mysql.jdbc.Util.handleNewInstance(Util.java:404) ~[mysql-connector-java-5.1.39.jar:5.1.39]
	at com.mysql.jdbc.Util.getInstance(Util.java:387) ~[mysql-connector-java-5.1.39.jar:5.1.39]
	at com.mysql.jdbc.SQLError.createSQLException(SQLError.java:934) ~[mysql-connector-java-5.1.39.jar:5.1.39]
	at com.mysql.jdbc.MysqlIO.checkErrorPacket(MysqlIO.java:3966) ~[mysql-connector-java-5.1.39.jar:5.1.39]
	at com.mysql.jdbc.MysqlIO.checkErrorPacket(MysqlIO.java:3902) ~[mysql-connector-java-5.1.39.jar:5.1.39]
	at com.mysql.jdbc.MysqlIO.sendCommand(MysqlIO.java:2526) ~[mysql-connector-java-5.1.39.jar:5.1.39]
	at com.mysql.jdbc.MysqlIO.sqlQueryDirect(MysqlIO.java:2673) ~[mysql-connector-java-5.1.39.jar:5.1.39]
	at com.mysql.jdbc.ConnectionImpl.execSQL(ConnectionImpl.java:2549) ~[mysql-connector-java-5.1.39.jar:5.1.39]
	at com.mysql.jdbc.PreparedStatement.executeInternal(PreparedStatement.java:1861) ~[mysql-connector-java-5.1.39.jar:5.1.39]
	at com.mysql.jdbc.PreparedStatement.executeUpdateInternal(PreparedStatement.java:2073) ~[mysql-connector-java-5.1.39.jar:5.1.39]
	at com.mysql.jdbc.PreparedStatement.executeUpdateInternal(PreparedStatement.java:2009) ~[mysql-connector-java-5.1.39.jar:5.1.39]
	at com.mysql.jdbc.PreparedStatement.executeLargeUpdate(PreparedStatement.java:5098) ~[mysql-connector-java-5.1.39.jar:5.1.39]
	at com.mysql.jdbc.PreparedStatement.executeUpdate(PreparedStatement.java:1994) ~[mysql-connector-java-5.1.39.jar:5.1.39]
	at ashulzhenko.emailapp.data.FolderStorageModule.updateDirectory(FolderStorageModule.java:146) [classes/:?]
	at ashulzhenko.emailapp.data.FolderStorageModuleTest.updateDirectoryTest_DuplicateDir(FolderStorageModuleTest.java:103) [test-classes/:?]
	at sun.reflect.NativeMethodAccessorImpl.invoke0(Native Method) ~[?:1.8.0_91]
	at sun.reflect.NativeMethodAccessorImpl.invoke(NativeMethodAccessorImpl.java:62) ~[?:1.8.0_91]
	at sun.reflect.DelegatingMethodAccessorImpl.invoke(DelegatingMethodAccessorImpl.java:43) ~[?:1.8.0_91]
	at java.lang.reflect.Method.invoke(Method.java:498) ~[?:1.8.0_91]
	at org.junit.runners.model.FrameworkMethod$1.runReflectiveCall(FrameworkMethod.java:50) [junit-4.12.jar:4.12]
	at org.junit.internal.runners.model.ReflectiveCallable.run(ReflectiveCallable.java:12) [junit-4.12.jar:4.12]
	at org.junit.runners.model.FrameworkMethod.invokeExplosively(FrameworkMethod.java:47) [junit-4.12.jar:4.12]
	at org.junit.internal.runners.statements.InvokeMethod.evaluate(InvokeMethod.java:17) [junit-4.12.jar:4.12]
	at org.junit.internal.runners.statements.ExpectException.evaluate(ExpectException.java:19) [junit-4.12.jar:4.12]
	at org.junit.internal.runners.statements.RunBefores.evaluate(RunBefores.java:26) [junit-4.12.jar:4.12]
	at org.junit.rules.TestWatcher$1.evaluate(TestWatcher.java:55) [junit-4.12.jar:4.12]
	at org.junit.rules.RunRules.evaluate(RunRules.java:20) [junit-4.12.jar:4.12]
	at org.junit.runners.ParentRunner.runLeaf(ParentRunner.java:325) [junit-4.12.jar:4.12]
	at org.junit.runners.BlockJUnit4ClassRunner.runChild(BlockJUnit4ClassRunner.java:78) [junit-4.12.jar:4.12]
	at org.junit.runners.BlockJUnit4ClassRunner.runChild(BlockJUnit4ClassRunner.java:57) [junit-4.12.jar:4.12]
	at org.junit.runners.ParentRunner$3.run(ParentRunner.java:290) [junit-4.12.jar:4.12]
	at org.junit.runners.ParentRunner$1.schedule(ParentRunner.java:71) [junit-4.12.jar:4.12]
	at org.junit.runners.ParentRunner.runChildren(ParentRunner.java:288) [junit-4.12.jar:4.12]
	at org.junit.runners.ParentRunner.access$000(ParentRunner.java:58) [junit-4.12.jar:4.12]
	at org.junit.runners.ParentRunner$2.evaluate(ParentRunner.java:268) [junit-4.12.jar:4.12]
	at org.junit.runners.ParentRunner.run(ParentRunner.java:363) [junit-4.12.jar:4.12]
	at org.apache.maven.surefire.junit4.JUnit4Provider.execute(JUnit4Provider.java:367) [surefire-junit4-2.19.1.jar:2.19.1]
	at org.apache.maven.surefire.junit4.JUnit4Provider.executeWithRerun(JUnit4Provider.java:274) [surefire-junit4-2.19.1.jar:2.19.1]
	at org.apache.maven.surefire.junit4.JUnit4Provider.executeTestSet(JUnit4Provider.java:238) [surefire-junit4-2.19.1.jar:2.19.1]
	at org.apache.maven.surefire.junit4.JUnit4Provider.invoke(JUnit4Provider.java:161) [surefire-junit4-2.19.1.jar:2.19.1]
	at org.apache.maven.surefire.booter.ForkedBooter.invokeProviderInSameClassLoader(ForkedBooter.java:290) [surefire-booter-2.19.1.jar:2.19.1]
	at org.apache.maven.surefire.booter.ForkedBooter.runSuitesInProcess(ForkedBooter.java:242) [surefire-booter-2.19.1.jar:2.19.1]
	at org.apache.maven.surefire.booter.ForkedBooter.main(ForkedBooter.java:121) [surefire-booter-2.19.1.jar:2.19.1]
[INFO ] 2016-10-01 00:18:39.528 [main] FolderStorageModuleTest - Starting test [deleteDirectoryTest_DirNotExists]
[INFO ] 2016-10-01 00:18:39.528 [main] MailStorageModuleTest - Seeding
[INFO ] 2016-10-01 00:18:39.540 [main] FolderStorageModule - Connected to the database.
[INFO ] 2016-10-01 00:18:40.782 [main] FolderStorageModule - Connected to the database.
[INFO ] 2016-10-01 00:18:40.785 [main] FolderStorageModuleTest - Starting test [findAllTest]
[INFO ] 2016-10-01 00:18:40.786 [main] MailStorageModuleTest - Seeding
[INFO ] 2016-10-01 00:18:40.805 [main] FolderStorageModule - Connected to the database.
[INFO ] 2016-10-01 00:18:42.552 [main] FolderStorageModule - Connected to the database.
[INFO ] 2016-10-01 00:18:42.555 [main] FolderStorageModuleTest - Starting test [deleteDirectoryTest_InvalidArgument]
[INFO ] 2016-10-01 00:18:42.556 [main] MailStorageModuleTest - Seeding
[INFO ] 2016-10-01 00:18:42.570 [main] FolderStorageModule - Connected to the database.
[INFO ] 2016-10-01 00:18:43.997 [main] FolderStorageModuleTest - Starting test [deleteDirectoryTest]
[INFO ] 2016-10-01 00:18:43.997 [main] MailStorageModuleTest - Seeding
[INFO ] 2016-10-01 00:18:44.007 [main] FolderStorageModule - Connected to the database.
[INFO ] 2016-10-01 00:18:45.420 [main] FolderStorageModule - Connected to the database.
[INFO ] 2016-10-01 00:18:45.453 [main] FolderStorageModule - Connected to the database.
[INFO ] 2016-10-01 00:18:45.455 [main] FolderStorageModuleTest - Starting test [updateDirectoryTest]
[INFO ] 2016-10-01 00:18:45.456 [main] MailStorageModuleTest - Seeding
[INFO ] 2016-10-01 00:18:45.465 [main] FolderStorageModule - Connected to the database.
[INFO ] 2016-10-01 00:18:47.087 [main] FolderStorageModule - Connected to the database.
[INFO ] 2016-10-01 00:18:47.227 [main] FolderStorageModule - Connected to the database.
[INFO ] 2016-10-01 00:18:47.233 [main] FolderStorageModule - Connected to the database.
[INFO ] 2016-10-01 00:18:47.235 [main] FolderStorageModuleTest - Starting test [createDirectoryTest_InvalidArgument]
[INFO ] 2016-10-01 00:18:47.236 [main] MailStorageModuleTest - Seeding
[INFO ] 2016-10-01 00:18:47.244 [main] FolderStorageModule - Connected to the database.
[INFO ] 2016-10-01 00:18:48.622 [main] FolderStorageModuleTest - Starting test [updateDirectoryTest_InvalidSameValueArgument]
[INFO ] 2016-10-01 00:18:48.622 [main] MailStorageModuleTest - Seeding
[INFO ] 2016-10-01 00:18:48.629 [main] FolderStorageModule - Connected to the database.
[INFO ] 2016-10-01 00:18:49.864 [main] FolderStorageModuleTest - Starting test [updateDirectoryTest_InvalidArgument]
[INFO ] 2016-10-01 00:18:49.865 [main] MailStorageModuleTest - Seeding
[INFO ] 2016-10-01 00:18:49.884 [main] FolderStorageModule - Connected to the database.
[INFO ] 2016-10-01 00:18:51.226 [main] FolderStorageModuleTest - Starting test [createDirectoryTest_DuplicateDir]
[INFO ] 2016-10-01 00:18:51.226 [main] MailStorageModuleTest - Seeding
[INFO ] 2016-10-01 00:18:51.235 [main] FolderStorageModule - Connected to the database.
[INFO ] 2016-10-01 00:18:52.460 [main] FolderStorageModule - Connected to the database.
[ERROR] 2016-10-01 00:18:52.501 [main] FolderStorageModule - Such directory already exists
com.mysql.jdbc.exceptions.jdbc4.MySQLIntegrityConstraintViolationException: Duplicate entry 'new' for key 'name'
	at sun.reflect.NativeConstructorAccessorImpl.newInstance0(Native Method) ~[?:1.8.0_91]
	at sun.reflect.NativeConstructorAccessorImpl.newInstance(NativeConstructorAccessorImpl.java:62) ~[?:1.8.0_91]
	at sun.reflect.DelegatingConstructorAccessorImpl.newInstance(DelegatingConstructorAccessorImpl.java:45) ~[?:1.8.0_91]
	at java.lang.reflect.Constructor.newInstance(Constructor.java:423) ~[?:1.8.0_91]
	at com.mysql.jdbc.Util.handleNewInstance(Util.java:404) ~[mysql-connector-java-5.1.39.jar:5.1.39]
	at com.mysql.jdbc.Util.getInstance(Util.java:387) ~[mysql-connector-java-5.1.39.jar:5.1.39]
	at com.mysql.jdbc.SQLError.createSQLException(SQLError.java:934) ~[mysql-connector-java-5.1.39.jar:5.1.39]
	at com.mysql.jdbc.MysqlIO.checkErrorPacket(MysqlIO.java:3966) ~[mysql-connector-java-5.1.39.jar:5.1.39]
	at com.mysql.jdbc.MysqlIO.checkErrorPacket(MysqlIO.java:3902) ~[mysql-connector-java-5.1.39.jar:5.1.39]
	at com.mysql.jdbc.MysqlIO.sendCommand(MysqlIO.java:2526) ~[mysql-connector-java-5.1.39.jar:5.1.39]
	at com.mysql.jdbc.MysqlIO.sqlQueryDirect(MysqlIO.java:2673) ~[mysql-connector-java-5.1.39.jar:5.1.39]
	at com.mysql.jdbc.ConnectionImpl.execSQL(ConnectionImpl.java:2549) ~[mysql-connector-java-5.1.39.jar:5.1.39]
	at com.mysql.jdbc.PreparedStatement.executeInternal(PreparedStatement.java:1861) ~[mysql-connector-java-5.1.39.jar:5.1.39]
	at com.mysql.jdbc.PreparedStatement.executeUpdateInternal(PreparedStatement.java:2073) ~[mysql-connector-java-5.1.39.jar:5.1.39]
	at com.mysql.jdbc.PreparedStatement.executeUpdateInternal(PreparedStatement.java:2009) ~[mysql-connector-java-5.1.39.jar:5.1.39]
	at com.mysql.jdbc.PreparedStatement.executeLargeUpdate(PreparedStatement.java:5098) ~[mysql-connector-java-5.1.39.jar:5.1.39]
	at com.mysql.jdbc.PreparedStatement.executeUpdate(PreparedStatement.java:1994) ~[mysql-connector-java-5.1.39.jar:5.1.39]
	at ashulzhenko.emailapp.data.FolderStorageModule.createDirectory(FolderStorageModule.java:56) [classes/:?]
	at ashulzhenko.emailapp.data.FolderStorageModuleTest.createDirectoryTest_DuplicateDir(FolderStorageModuleTest.java:55) [test-classes/:?]
	at sun.reflect.NativeMethodAccessorImpl.invoke0(Native Method) ~[?:1.8.0_91]
	at sun.reflect.NativeMethodAccessorImpl.invoke(NativeMethodAccessorImpl.java:62) ~[?:1.8.0_91]
	at sun.reflect.DelegatingMethodAccessorImpl.invoke(DelegatingMethodAccessorImpl.java:43) ~[?:1.8.0_91]
	at java.lang.reflect.Method.invoke(Method.java:498) ~[?:1.8.0_91]
	at org.junit.runners.model.FrameworkMethod$1.runReflectiveCall(FrameworkMethod.java:50) [junit-4.12.jar:4.12]
	at org.junit.internal.runners.model.ReflectiveCallable.run(ReflectiveCallable.java:12) [junit-4.12.jar:4.12]
	at org.junit.runners.model.FrameworkMethod.invokeExplosively(FrameworkMethod.java:47) [junit-4.12.jar:4.12]
	at org.junit.internal.runners.statements.InvokeMethod.evaluate(InvokeMethod.java:17) [junit-4.12.jar:4.12]
	at org.junit.internal.runners.statements.ExpectException.evaluate(ExpectException.java:19) [junit-4.12.jar:4.12]
	at org.junit.internal.runners.statements.RunBefores.evaluate(RunBefores.java:26) [junit-4.12.jar:4.12]
	at org.junit.rules.TestWatcher$1.evaluate(TestWatcher.java:55) [junit-4.12.jar:4.12]
	at org.junit.rules.RunRules.evaluate(RunRules.java:20) [junit-4.12.jar:4.12]
	at org.junit.runners.ParentRunner.runLeaf(ParentRunner.java:325) [junit-4.12.jar:4.12]
	at org.junit.runners.BlockJUnit4ClassRunner.runChild(BlockJUnit4ClassRunner.java:78) [junit-4.12.jar:4.12]
	at org.junit.runners.BlockJUnit4ClassRunner.runChild(BlockJUnit4ClassRunner.java:57) [junit-4.12.jar:4.12]
	at org.junit.runners.ParentRunner$3.run(ParentRunner.java:290) [junit-4.12.jar:4.12]
	at org.junit.runners.ParentRunner$1.schedule(ParentRunner.java:71) [junit-4.12.jar:4.12]
	at org.junit.runners.ParentRunner.runChildren(ParentRunner.java:288) [junit-4.12.jar:4.12]
	at org.junit.runners.ParentRunner.access$000(ParentRunner.java:58) [junit-4.12.jar:4.12]
	at org.junit.runners.ParentRunner$2.evaluate(ParentRunner.java:268) [junit-4.12.jar:4.12]
	at org.junit.runners.ParentRunner.run(ParentRunner.java:363) [junit-4.12.jar:4.12]
	at org.apache.maven.surefire.junit4.JUnit4Provider.execute(JUnit4Provider.java:367) [surefire-junit4-2.19.1.jar:2.19.1]
	at org.apache.maven.surefire.junit4.JUnit4Provider.executeWithRerun(JUnit4Provider.java:274) [surefire-junit4-2.19.1.jar:2.19.1]
	at org.apache.maven.surefire.junit4.JUnit4Provider.executeTestSet(JUnit4Provider.java:238) [surefire-junit4-2.19.1.jar:2.19.1]
	at org.apache.maven.surefire.junit4.JUnit4Provider.invoke(JUnit4Provider.java:161) [surefire-junit4-2.19.1.jar:2.19.1]
	at org.apache.maven.surefire.booter.ForkedBooter.invokeProviderInSameClassLoader(ForkedBooter.java:290) [surefire-booter-2.19.1.jar:2.19.1]
	at org.apache.maven.surefire.booter.ForkedBooter.runSuitesInProcess(ForkedBooter.java:242) [surefire-booter-2.19.1.jar:2.19.1]
	at org.apache.maven.surefire.booter.ForkedBooter.main(ForkedBooter.java:121) [surefire-booter-2.19.1.jar:2.19.1]
[INFO ] 2016-10-01 00:18:52.508 [main] MailStorageModuleTest - Starting test [findEmailByIdTest]
[INFO ] 2016-10-01 00:18:52.508 [main] MailStorageModuleTest - Seeding
[INFO ] 2016-10-01 00:18:52.518 [main] MailStorageModule - Connected to the database.
[INFO ] 2016-10-01 00:18:53.881 [main] MailStorageModule - Connected to the database.
[INFO ] 2016-10-01 00:18:53.941 [main] MailStorageModuleTest - Starting test [deleteEmailTest]
[INFO ] 2016-10-01 00:18:53.941 [main] MailStorageModuleTest - Seeding
[INFO ] 2016-10-01 00:18:53.950 [main] MailStorageModule - Connected to the database.
[INFO ] 2016-10-01 00:18:55.596 [main] MailStorageModule - Connected to the database.
[INFO ] 2016-10-01 00:18:55.654 [main] MailStorageModule - Connected to the database.
[INFO ] 2016-10-01 00:18:55.656 [main] MailStorageModuleTest - Starting test [findAllInDirectoryTest]
[INFO ] 2016-10-01 00:18:55.657 [main] MailStorageModuleTest - Seeding
[INFO ] 2016-10-01 00:18:55.672 [main] MailStorageModule - Connected to the database.
[INFO ] 2016-10-01 00:18:56.914 [main] MailStorageModule - Connected to the database.
[INFO ] 2016-10-01 00:18:56.920 [main] MailStorageModuleTest - Starting test [findAllInDirectoryTest_DirNotExists]
[INFO ] 2016-10-01 00:18:56.921 [main] MailStorageModuleTest - Seeding
[INFO ] 2016-10-01 00:18:56.926 [main] MailStorageModule - Connected to the database.
[INFO ] 2016-10-01 00:18:58.972 [main] MailStorageModule - Connected to the database.
[INFO ] 2016-10-01 00:18:58.978 [main] MailStorageModuleTest - Starting test [findEmailByIdTest_NotInDb]
[INFO ] 2016-10-01 00:18:58.981 [main] MailStorageModuleTest - Seeding
[INFO ] 2016-10-01 00:18:58.993 [main] MailStorageModule - Connected to the database.
[INFO ] 2016-10-01 00:19:00.323 [main] MailStorageModule - Connected to the database.
[INFO ] 2016-10-01 00:19:00.325 [main] MailStorageModuleTest - Starting test [deleteEmailTest_InvalidArgument]
[INFO ] 2016-10-01 00:19:00.325 [main] MailStorageModuleTest - Seeding
[INFO ] 2016-10-01 00:19:00.334 [main] MailStorageModule - Connected to the database.
[INFO ] 2016-10-01 00:19:01.626 [main] MailStorageModuleTest - Starting test [findAllTest]
[INFO ] 2016-10-01 00:19:01.627 [main] MailStorageModuleTest - Seeding
[INFO ] 2016-10-01 00:19:01.634 [main] MailStorageModule - Connected to the database.
[INFO ] 2016-10-01 00:19:03.084 [main] MailStorageModule - Connected to the database.
[INFO ] 2016-10-01 00:19:03.098 [main] MailStorageModuleTest - Starting test [deleteEmailTest_IdNotExists]
[INFO ] 2016-10-01 00:19:03.098 [main] MailStorageModuleTest - Seeding
[INFO ] 2016-10-01 00:19:03.104 [main] MailStorageModule - Connected to the database.
[INFO ] 2016-10-01 00:19:04.491 [main] MailStorageModule - Connected to the database.
[INFO ] 2016-10-01 00:19:04.493 [main] MailStorageModuleTest - Starting test [saveEmailTest]
[INFO ] 2016-10-01 00:19:04.494 [main] MailStorageModuleTest - Seeding
[INFO ] 2016-10-01 00:19:04.502 [main] MailStorageModule - Connected to the database.
[INFO ] 2016-10-01 00:19:05.753 [main] MailStorageModule - Connected to the database.
[INFO ] 2016-10-01 00:19:06.167 [main] MailStorageModule - Connected to the database.
[INFO ] 2016-10-01 00:19:06.185 [main] MailStorageModuleTest - Starting test [updateEmailDirectoryTest_InvalidArgument]
[INFO ] 2016-10-01 00:19:06.185 [main] MailStorageModuleTest - Seeding
[INFO ] 2016-10-01 00:19:06.193 [main] MailStorageModule - Connected to the database.
[INFO ] 2016-10-01 00:19:07.659 [main] MailStorageModuleTest - Starting test [findEmailByIdTest_InvalidArgument]
[INFO ] 2016-10-01 00:19:07.660 [main] MailStorageModuleTest - Seeding
[INFO ] 2016-10-01 00:19:07.669 [main] MailStorageModule - Connected to the database.
[INFO ] 2016-10-01 00:19:09.467 [main] MailStorageModuleTest - Starting test [saveEmailTest_InvalidArgument]
[INFO ] 2016-10-01 00:19:09.467 [main] MailStorageModuleTest - Seeding
[INFO ] 2016-10-01 00:19:09.473 [main] MailStorageModule - Connected to the database.
[INFO ] 2016-10-01 00:19:10.698 [main] MailStorageModuleTest - Starting test [updateEmailDirectoryTest]
[INFO ] 2016-10-01 00:19:10.698 [main] MailStorageModuleTest - Seeding
[INFO ] 2016-10-01 00:19:10.707 [main] MailStorageModule - Connected to the database.
[INFO ] 2016-10-01 00:19:11.994 [main] MailStorageModule - Connected to the database.
[INFO ] 2016-10-01 00:19:12.002 [main] MailStorageModule - Connected to the database.
[INFO ] 2016-10-01 00:19:12.040 [main] MailStorageModule - Connected to the database.
[INFO ] 2016-10-01 00:19:12.042 [main] MailStorageModuleTest - Starting test [updateEmailDirectoryTest_EmailIdNotInDb]
[INFO ] 2016-10-01 00:19:12.043 [main] MailStorageModuleTest - Seeding
[INFO ] 2016-10-01 00:19:12.050 [main] MailStorageModule - Connected to the database.
[INFO ] 2016-10-01 00:19:14.227 [main] MailStorageModule - Connected to the database.
[INFO ] 2016-10-01 00:19:14.229 [main] MailStorageModuleTest - Starting test [findAllInDirectoryTest_InvalidArgument]
[INFO ] 2016-10-01 00:19:14.229 [main] MailStorageModuleTest - Seeding
[INFO ] 2016-10-01 00:19:14.235 [main] MailStorageModule - Connected to the database.
[INFO ] 2016-10-01 00:19:15.534 [main] PropertiesManagerTest - Starting test [testWriteText]
[DEBUG] 2016-10-01 00:19:15.565 [main] MailModuleExceptionsTest - in TestExceptions with no to's addresses
[DEBUG] 2016-10-01 00:19:15.568 [main] MailModuleExceptionsTest - in TestExceptions with null for cc
[DEBUG] 2016-10-01 00:19:15.570 [main] MailModuleExceptionsTest - in TestExceptions with to with invalid email
[DEBUG] 2016-10-01 00:19:15.572 [main] MailModuleExceptionsTest - in TestExceptions with cc with invalid email
[DEBUG] 2016-10-01 00:19:15.574 [main] MailModuleExceptionsTest - in TestExceptions with bcc with invalid email
[DEBUG] 2016-10-01 00:19:15.575 [main] MailModuleExceptionsTest - in TestExceptions with attachment error: file not found
[DEBUG] 2016-10-04 11:27:57.428 [main] MailModuleExceptionsTest - in TestExceptions with no to's addresses
[DEBUG] 2016-10-04 11:27:57.444 [main] MailModuleExceptionsTest - in TestExceptions with null for cc
[DEBUG] 2016-10-04 11:27:57.444 [main] MailModuleExceptionsTest - in TestExceptions with to with invalid email
[DEBUG] 2016-10-04 11:27:57.444 [main] MailModuleExceptionsTest - in TestExceptions with cc with invalid email
[DEBUG] 2016-10-04 11:27:57.444 [main] MailModuleExceptionsTest - in TestExceptions with bcc with invalid email
[DEBUG] 2016-10-04 11:27:57.444 [main] MailModuleExceptionsTest - in TestExceptions with attachment error: file not found
[DEBUG] 2016-10-04 11:28:07.919 [main] MailModuleTest - in TestSentAndReceivedMessages with plain email 1 receiver
[DEBUG] 2016-10-04 11:28:25.310 [main] MailModuleTest - in TestSentAndReceivedMessages with plain email 2 receivers
[DEBUG] 2016-10-04 11:28:43.841 [main] MailModuleTest - in TestSentAndReceivedMessages with plain email 1 receiver 1 cc
[DEBUG] 2016-10-04 11:29:01.945 [main] MailModuleTest - in TestSentAndReceivedMessages with plain email 1 receiver 2 cc
[DEBUG] 2016-10-04 11:29:19.867 [main] MailModuleTest - in TestSentAndReceivedMessages with plain email 1 receiver 1 bcc
[DEBUG] 2016-10-04 11:29:37.523 [main] MailModuleTest - in TestSentAndReceivedMessages with plain email 1 receiver 2 bcc
[DEBUG] 2016-10-04 11:29:56.414 [main] MailModuleTest - in TestSentAndReceivedMessages with plain email 1 attach
[DEBUG] 2016-10-04 11:30:15.321 [main] MailModuleTest - in TestSentAndReceivedMessages with html email 1 embed attach
[DEBUG] 2016-10-04 11:30:35.009 [main] MailModuleTest - in TestSentAndReceivedMessages with html email 1 embed attach and 1 usual attach
[DEBUG] 2016-10-04 11:31:10.322 [main] MailModuleTest - in TestSentAndReceivedMessages with html email 2 to, 1 cc, 1 bcc, 1 embed and 1 attach
[DEBUG] 2016-10-04 11:31:31.634 [main] MailModuleTest - in TestSentAndReceivedMessages with html email 1 invalid cid embed attach (becomes usual attach)
[INFO ] 2016-10-04 11:31:41.384 [main] PropertiesManagerTest - Starting test [testWriteText]
[DEBUG] 2016-10-04 11:33:29.103 [main] MailModuleExceptionsTest - in TestExceptions with no to's addresses
[DEBUG] 2016-10-04 11:33:29.119 [main] MailModuleExceptionsTest - in TestExceptions with null for cc
[DEBUG] 2016-10-04 11:33:29.119 [main] MailModuleExceptionsTest - in TestExceptions with to with invalid email
[DEBUG] 2016-10-04 11:33:29.119 [main] MailModuleExceptionsTest - in TestExceptions with cc with invalid email
[DEBUG] 2016-10-04 11:33:29.119 [main] MailModuleExceptionsTest - in TestExceptions with bcc with invalid email
[DEBUG] 2016-10-04 11:33:29.119 [main] MailModuleExceptionsTest - in TestExceptions with attachment error: file not found
[DEBUG] 2016-10-04 11:33:39.066 [main] MailModuleTest - in TestSentAndReceivedMessages with plain email 1 receiver
[DEBUG] 2016-10-04 11:33:56.344 [main] MailModuleTest - in TestSentAndReceivedMessages with plain email 2 receivers
[DEBUG] 2016-10-04 11:34:13.693 [main] MailModuleTest - in TestSentAndReceivedMessages with plain email 1 receiver 1 cc
[DEBUG] 2016-10-04 11:34:34.448 [main] MailModuleTest - in TestSentAndReceivedMessages with plain email 1 receiver 2 cc
[DEBUG] 2016-10-04 11:34:52.237 [main] MailModuleTest - in TestSentAndReceivedMessages with plain email 1 receiver 1 bcc
[DEBUG] 2016-10-04 11:35:09.999 [main] MailModuleTest - in TestSentAndReceivedMessages with plain email 1 receiver 2 bcc
[DEBUG] 2016-10-04 11:35:29.062 [main] MailModuleTest - in TestSentAndReceivedMessages with plain email 1 attach
[DEBUG] 2016-10-04 11:35:49.313 [main] MailModuleTest - in TestSentAndReceivedMessages with html email 1 embed attach
[DEBUG] 2016-10-04 11:36:09.516 [main] MailModuleTest - in TestSentAndReceivedMessages with html email 1 embed attach and 1 usual attach
[DEBUG] 2016-10-04 11:36:30.783 [main] MailModuleTest - in TestSentAndReceivedMessages with html email 2 to, 1 cc, 1 bcc, 1 embed and 1 attach
[DEBUG] 2016-10-04 11:36:51.846 [main] MailModuleTest - in TestSentAndReceivedMessages with html email 1 invalid cid embed attach (becomes usual attach)
[INFO ] 2016-10-04 11:37:01.456 [main] PropertiesManagerTest - Starting test [testWriteText]
[DEBUG] 2016-10-04 11:50:09.619 [main] MailModuleExceptionsTest - in TestExceptions with no to's addresses
[DEBUG] 2016-10-04 11:50:09.650 [main] MailModuleExceptionsTest - in TestExceptions with null for cc
[DEBUG] 2016-10-04 11:50:09.650 [main] MailModuleExceptionsTest - in TestExceptions with to with invalid email
[DEBUG] 2016-10-04 11:50:09.650 [main] MailModuleExceptionsTest - in TestExceptions with cc with invalid email
[DEBUG] 2016-10-04 11:50:09.650 [main] MailModuleExceptionsTest - in TestExceptions with bcc with invalid email
[DEBUG] 2016-10-04 11:50:09.650 [main] MailModuleExceptionsTest - in TestExceptions with attachment error: file not found
[DEBUG] 2016-10-04 11:50:20.259 [main] MailModuleTest - in TestSentAndReceivedMessages with plain email 1 receiver
[DEBUG] 2016-10-04 11:50:38.416 [main] MailModuleTest - in TestSentAndReceivedMessages with plain email 2 receivers
[DEBUG] 2016-10-04 11:50:56.323 [main] MailModuleTest - in TestSentAndReceivedMessages with plain email 1 receiver 1 cc
[DEBUG] 2016-10-04 11:51:13.792 [main] MailModuleTest - in TestSentAndReceivedMessages with plain email 1 receiver 2 cc
[DEBUG] 2016-10-04 11:51:31.589 [main] MailModuleTest - in TestSentAndReceivedMessages with plain email 1 receiver 1 bcc
[DEBUG] 2016-10-04 11:52:10.684 [main] MailModuleTest - in TestSentAndReceivedMessages with plain email 1 attach
[DEBUG] 2016-10-04 11:52:31.121 [main] MailModuleTest - in TestSentAndReceivedMessages with html email 1 embed attach
[DEBUG] 2016-10-04 11:52:51.138 [main] MailModuleTest - in TestSentAndReceivedMessages with html email 1 embed attach and 1 usual attach
[DEBUG] 2016-10-04 11:53:11.778 [main] MailModuleTest - in TestSentAndReceivedMessages with html email 2 to, 1 cc, 1 bcc, 1 embed and 1 attach
[DEBUG] 2016-10-04 11:53:32.291 [main] MailModuleTest - in TestSentAndReceivedMessages with html email 1 invalid cid embed attach (becomes usual attach)
[INFO ] 2016-10-04 11:53:42.072 [main] PropertiesManagerTest - Starting test [testWriteText]
[DEBUG] 2016-10-04 12:12:01.767 [main] MailModuleExceptionsTest - in TestExceptions with no to's addresses
[DEBUG] 2016-10-04 12:12:01.783 [main] MailModuleExceptionsTest - in TestExceptions with null for cc
[DEBUG] 2016-10-04 12:12:01.783 [main] MailModuleExceptionsTest - in TestExceptions with to with invalid email
[DEBUG] 2016-10-04 12:12:01.783 [main] MailModuleExceptionsTest - in TestExceptions with cc with invalid email
[DEBUG] 2016-10-04 12:12:01.783 [main] MailModuleExceptionsTest - in TestExceptions with bcc with invalid email
[DEBUG] 2016-10-04 12:12:01.783 [main] MailModuleExceptionsTest - in TestExceptions with attachment error: file not found
[INFO ] 2016-10-04 12:12:02.908 [main] MailStorageModuleTest - Starting test [findEmailByIdTest]
[INFO ] 2016-10-04 12:12:02.908 [main] MailStorageModuleTest - Seeding
[INFO ] 2016-10-04 12:12:07.673 [main] MailStorageModule - Connected to the database.
[INFO ] 2016-10-04 12:12:07.720 [main] MailStorageModule - No tables found in the database. Creating new tables.
[INFO ] 2016-10-04 12:12:07.986 [main] MailStorageModule - Connected to the database.
[INFO ] 2016-10-04 12:12:08.017 [main] MailStorageModuleTest - Starting test [deleteEmailTest]
[INFO ] 2016-10-04 12:12:08.017 [main] MailStorageModuleTest - Seeding
[INFO ] 2016-10-04 12:12:08.048 [main] MailStorageModule - Connected to the database.
[INFO ] 2016-10-04 12:12:08.189 [main] MailStorageModule - Connected to the database.
[INFO ] 2016-10-04 12:12:08.236 [main] MailStorageModule - Connected to the database.
[INFO ] 2016-10-04 12:12:08.236 [main] MailStorageModuleTest - Starting test [findAllInDirectoryTest]
[INFO ] 2016-10-04 12:12:08.236 [main] MailStorageModuleTest - Seeding
[INFO ] 2016-10-04 12:12:08.267 [main] MailStorageModule - Connected to the database.
[INFO ] 2016-10-04 12:12:08.408 [main] MailStorageModule - Connected to the database.
[INFO ] 2016-10-04 12:12:08.439 [main] MailStorageModuleTest - Starting test [findAllInDirectoryTest_DirNotExists]
[INFO ] 2016-10-04 12:12:08.439 [main] MailStorageModuleTest - Seeding
[INFO ] 2016-10-04 12:12:08.454 [main] MailStorageModule - Connected to the database.
[INFO ] 2016-10-04 12:12:08.595 [main] MailStorageModule - Connected to the database.
[INFO ] 2016-10-04 12:12:08.611 [main] MailStorageModuleTest - Starting test [findEmailByIdTest_NotInDb]
[INFO ] 2016-10-04 12:12:08.611 [main] MailStorageModuleTest - Seeding
[INFO ] 2016-10-04 12:12:08.626 [main] MailStorageModule - Connected to the database.
[INFO ] 2016-10-04 12:12:08.767 [main] MailStorageModule - Connected to the database.
[INFO ] 2016-10-04 12:12:08.767 [main] MailStorageModuleTest - Starting test [deleteEmailTest_InvalidArgument]
[INFO ] 2016-10-04 12:12:08.767 [main] MailStorageModuleTest - Seeding
[INFO ] 2016-10-04 12:12:08.783 [main] MailStorageModule - Connected to the database.
[INFO ] 2016-10-04 12:12:08.908 [main] MailStorageModuleTest - Starting test [findAllTest]
[INFO ] 2016-10-04 12:12:08.908 [main] MailStorageModuleTest - Seeding
[INFO ] 2016-10-04 12:12:08.923 [main] MailStorageModule - Connected to the database.
[INFO ] 2016-10-04 12:12:09.048 [main] MailStorageModule - Connected to the database.
[INFO ] 2016-10-04 12:12:09.095 [main] MailStorageModuleTest - Starting test [deleteEmailTest_IdNotExists]
[INFO ] 2016-10-04 12:12:09.095 [main] MailStorageModuleTest - Seeding
[INFO ] 2016-10-04 12:12:09.111 [main] MailStorageModule - Connected to the database.
[INFO ] 2016-10-04 12:12:09.251 [main] MailStorageModule - Connected to the database.
[INFO ] 2016-10-04 12:12:09.251 [main] MailStorageModuleTest - Starting test [saveEmailTest]
[INFO ] 2016-10-04 12:12:09.251 [main] MailStorageModuleTest - Seeding
[INFO ] 2016-10-04 12:12:09.267 [main] MailStorageModule - Connected to the database.
[INFO ] 2016-10-04 12:12:09.423 [main] MailStorageModule - Connected to the database.
[INFO ] 2016-10-04 12:12:09.548 [main] MailStorageModule - Connected to the database.
[INFO ] 2016-10-04 12:12:09.579 [main] MailStorageModuleTest - Starting test [updateEmailDirectoryTest_InvalidArgument]
[INFO ] 2016-10-04 12:12:09.579 [main] MailStorageModuleTest - Seeding
[INFO ] 2016-10-04 12:12:09.611 [main] MailStorageModule - Connected to the database.
[INFO ] 2016-10-04 12:12:09.751 [main] MailStorageModuleTest - Starting test [findEmailByIdTest_InvalidArgument]
[INFO ] 2016-10-04 12:12:09.751 [main] MailStorageModuleTest - Seeding
[INFO ] 2016-10-04 12:12:09.767 [main] MailStorageModule - Connected to the database.
[INFO ] 2016-10-04 12:12:09.923 [main] MailStorageModuleTest - Starting test [saveEmailTest_InvalidArgument]
[INFO ] 2016-10-04 12:12:09.923 [main] MailStorageModuleTest - Seeding
[INFO ] 2016-10-04 12:12:09.939 [main] MailStorageModule - Connected to the database.
[INFO ] 2016-10-04 12:12:10.095 [main] MailStorageModuleTest - Starting test [updateEmailDirectoryTest]
[INFO ] 2016-10-04 12:12:10.095 [main] MailStorageModuleTest - Seeding
[INFO ] 2016-10-04 12:12:10.110 [main] MailStorageModule - Connected to the database.
[INFO ] 2016-10-04 12:12:10.298 [main] MailStorageModule - Connected to the database.
[INFO ] 2016-10-04 12:12:10.314 [main] MailStorageModule - Connected to the database.
[INFO ] 2016-10-04 12:12:10.329 [main] MailStorageModule - Connected to the database.
[INFO ] 2016-10-04 12:12:10.329 [main] MailStorageModuleTest - Starting test [updateEmailDirectoryTest_EmailIdNotInDb]
[INFO ] 2016-10-04 12:12:10.329 [main] MailStorageModuleTest - Seeding
[INFO ] 2016-10-04 12:12:10.345 [main] MailStorageModule - Connected to the database.
[INFO ] 2016-10-04 12:12:10.501 [main] MailStorageModule - Connected to the database.
[INFO ] 2016-10-04 12:12:10.517 [main] MailStorageModuleTest - Starting test [findAllInDirectoryTest_InvalidArgument]
[INFO ] 2016-10-04 12:12:10.517 [main] MailStorageModuleTest - Seeding
[INFO ] 2016-10-04 12:12:10.532 [main] MailStorageModule - Connected to the database.
[INFO ] 2016-10-04 12:12:10.704 [main] FolderStorageModuleTest - Starting test [createDirectoryTest]
[INFO ] 2016-10-04 12:12:10.704 [main] MailStorageModuleTest - Seeding
[INFO ] 2016-10-04 12:12:10.751 [main] FolderStorageModule - Connected to the database.
[INFO ] 2016-10-04 12:12:10.923 [main] FolderStorageModule - Connected to the database.
[INFO ] 2016-10-04 12:12:10.939 [main] FolderStorageModule - Connected to the database.
[INFO ] 2016-10-04 12:12:10.939 [main] FolderStorageModuleTest - Starting test [updateDirectoryTest_DuplicateDir]
[INFO ] 2016-10-04 12:12:10.939 [main] MailStorageModuleTest - Seeding
[INFO ] 2016-10-04 12:12:10.970 [main] FolderStorageModule - Connected to the database.
[INFO ] 2016-10-04 12:12:11.126 [main] FolderStorageModule - Connected to the database.
[ERROR] 2016-10-04 12:12:11.142 [main] FolderStorageModule - Such directory already exists
com.mysql.jdbc.exceptions.jdbc4.MySQLIntegrityConstraintViolationException: Duplicate entry 'trash' for key 'name'
	at sun.reflect.NativeConstructorAccessorImpl.newInstance0(Native Method) ~[?:1.8.0_102]
	at sun.reflect.NativeConstructorAccessorImpl.newInstance(NativeConstructorAccessorImpl.java:62) ~[?:1.8.0_102]
	at sun.reflect.DelegatingConstructorAccessorImpl.newInstance(DelegatingConstructorAccessorImpl.java:45) ~[?:1.8.0_102]
	at java.lang.reflect.Constructor.newInstance(Constructor.java:423) ~[?:1.8.0_102]
	at com.mysql.jdbc.Util.handleNewInstance(Util.java:404) ~[mysql-connector-java-5.1.39.jar:5.1.39]
	at com.mysql.jdbc.Util.getInstance(Util.java:387) ~[mysql-connector-java-5.1.39.jar:5.1.39]
	at com.mysql.jdbc.SQLError.createSQLException(SQLError.java:934) ~[mysql-connector-java-5.1.39.jar:5.1.39]
	at com.mysql.jdbc.MysqlIO.checkErrorPacket(MysqlIO.java:3966) ~[mysql-connector-java-5.1.39.jar:5.1.39]
	at com.mysql.jdbc.MysqlIO.checkErrorPacket(MysqlIO.java:3902) ~[mysql-connector-java-5.1.39.jar:5.1.39]
	at com.mysql.jdbc.MysqlIO.sendCommand(MysqlIO.java:2526) ~[mysql-connector-java-5.1.39.jar:5.1.39]
	at com.mysql.jdbc.MysqlIO.sqlQueryDirect(MysqlIO.java:2673) ~[mysql-connector-java-5.1.39.jar:5.1.39]
	at com.mysql.jdbc.ConnectionImpl.execSQL(ConnectionImpl.java:2549) ~[mysql-connector-java-5.1.39.jar:5.1.39]
	at com.mysql.jdbc.PreparedStatement.executeInternal(PreparedStatement.java:1861) ~[mysql-connector-java-5.1.39.jar:5.1.39]
	at com.mysql.jdbc.PreparedStatement.executeUpdateInternal(PreparedStatement.java:2073) ~[mysql-connector-java-5.1.39.jar:5.1.39]
	at com.mysql.jdbc.PreparedStatement.executeUpdateInternal(PreparedStatement.java:2009) ~[mysql-connector-java-5.1.39.jar:5.1.39]
	at com.mysql.jdbc.PreparedStatement.executeLargeUpdate(PreparedStatement.java:5098) ~[mysql-connector-java-5.1.39.jar:5.1.39]
	at com.mysql.jdbc.PreparedStatement.executeUpdate(PreparedStatement.java:1994) ~[mysql-connector-java-5.1.39.jar:5.1.39]
	at ashulzhenko.emailapp.data.FolderStorageModule.updateDirectory(FolderStorageModule.java:146) [classes/:?]
	at ashulzhenko.emailapp.data.FolderStorageModuleTest.updateDirectoryTest_DuplicateDir(FolderStorageModuleTest.java:104) [test-classes/:?]
	at sun.reflect.NativeMethodAccessorImpl.invoke0(Native Method) ~[?:1.8.0_102]
	at sun.reflect.NativeMethodAccessorImpl.invoke(NativeMethodAccessorImpl.java:62) ~[?:1.8.0_102]
	at sun.reflect.DelegatingMethodAccessorImpl.invoke(DelegatingMethodAccessorImpl.java:43) ~[?:1.8.0_102]
	at java.lang.reflect.Method.invoke(Method.java:498) ~[?:1.8.0_102]
	at org.junit.runners.model.FrameworkMethod$1.runReflectiveCall(FrameworkMethod.java:50) [junit-4.12.jar:4.12]
	at org.junit.internal.runners.model.ReflectiveCallable.run(ReflectiveCallable.java:12) [junit-4.12.jar:4.12]
	at org.junit.runners.model.FrameworkMethod.invokeExplosively(FrameworkMethod.java:47) [junit-4.12.jar:4.12]
	at org.junit.internal.runners.statements.InvokeMethod.evaluate(InvokeMethod.java:17) [junit-4.12.jar:4.12]
	at org.junit.internal.runners.statements.ExpectException.evaluate(ExpectException.java:19) [junit-4.12.jar:4.12]
	at org.junit.internal.runners.statements.RunBefores.evaluate(RunBefores.java:26) [junit-4.12.jar:4.12]
	at org.junit.rules.TestWatcher$1.evaluate(TestWatcher.java:55) [junit-4.12.jar:4.12]
	at org.junit.rules.RunRules.evaluate(RunRules.java:20) [junit-4.12.jar:4.12]
	at org.junit.runners.ParentRunner.runLeaf(ParentRunner.java:325) [junit-4.12.jar:4.12]
	at org.junit.runners.BlockJUnit4ClassRunner.runChild(BlockJUnit4ClassRunner.java:78) [junit-4.12.jar:4.12]
	at org.junit.runners.BlockJUnit4ClassRunner.runChild(BlockJUnit4ClassRunner.java:57) [junit-4.12.jar:4.12]
	at org.junit.runners.ParentRunner$3.run(ParentRunner.java:290) [junit-4.12.jar:4.12]
	at org.junit.runners.ParentRunner$1.schedule(ParentRunner.java:71) [junit-4.12.jar:4.12]
	at org.junit.runners.ParentRunner.runChildren(ParentRunner.java:288) [junit-4.12.jar:4.12]
	at org.junit.runners.ParentRunner.access$000(ParentRunner.java:58) [junit-4.12.jar:4.12]
	at org.junit.runners.ParentRunner$2.evaluate(ParentRunner.java:268) [junit-4.12.jar:4.12]
	at org.junit.runners.ParentRunner.run(ParentRunner.java:363) [junit-4.12.jar:4.12]
	at org.apache.maven.surefire.junit4.JUnit4Provider.execute(JUnit4Provider.java:367) [surefire-junit4-2.19.1.jar:2.19.1]
	at org.apache.maven.surefire.junit4.JUnit4Provider.executeWithRerun(JUnit4Provider.java:274) [surefire-junit4-2.19.1.jar:2.19.1]
	at org.apache.maven.surefire.junit4.JUnit4Provider.executeTestSet(JUnit4Provider.java:238) [surefire-junit4-2.19.1.jar:2.19.1]
	at org.apache.maven.surefire.junit4.JUnit4Provider.invoke(JUnit4Provider.java:161) [surefire-junit4-2.19.1.jar:2.19.1]
	at org.apache.maven.surefire.booter.ForkedBooter.invokeProviderInSameClassLoader(ForkedBooter.java:290) [surefire-booter-2.19.1.jar:2.19.1]
	at org.apache.maven.surefire.booter.ForkedBooter.runSuitesInProcess(ForkedBooter.java:242) [surefire-booter-2.19.1.jar:2.19.1]
	at org.apache.maven.surefire.booter.ForkedBooter.main(ForkedBooter.java:121) [surefire-booter-2.19.1.jar:2.19.1]
[INFO ] 2016-10-04 12:12:11.142 [main] FolderStorageModuleTest - Starting test [deleteDirectoryTest_DirNotExists]
[INFO ] 2016-10-04 12:12:11.142 [main] MailStorageModuleTest - Seeding
[INFO ] 2016-10-04 12:12:11.157 [main] FolderStorageModule - Connected to the database.
[INFO ] 2016-10-04 12:12:11.313 [main] FolderStorageModule - Connected to the database.
[INFO ] 2016-10-04 12:12:11.313 [main] FolderStorageModuleTest - Starting test [findAllTest]
[INFO ] 2016-10-04 12:12:11.313 [main] MailStorageModuleTest - Seeding
[INFO ] 2016-10-04 12:12:11.329 [main] FolderStorageModule - Connected to the database.
[INFO ] 2016-10-04 12:12:11.798 [main] FolderStorageModule - Connected to the database.
[INFO ] 2016-10-04 12:12:11.798 [main] FolderStorageModuleTest - Starting test [deleteDirectoryTest_InvalidArgument]
[INFO ] 2016-10-04 12:12:11.798 [main] MailStorageModuleTest - Seeding
[INFO ] 2016-10-04 12:12:11.813 [main] FolderStorageModule - Connected to the database.
[INFO ] 2016-10-04 12:12:11.970 [main] FolderStorageModuleTest - Starting test [deleteDirectoryTest]
[INFO ] 2016-10-04 12:12:11.970 [main] MailStorageModuleTest - Seeding
[INFO ] 2016-10-04 12:12:12.298 [main] FolderStorageModule - Connected to the database.
[INFO ] 2016-10-04 12:12:12.423 [main] FolderStorageModule - Connected to the database.
[INFO ] 2016-10-04 12:12:12.423 [main] FolderStorageModule - Connected to the database.
[INFO ] 2016-10-04 12:12:12.423 [main] FolderStorageModuleTest - Starting test [updateDirectoryTest]
[INFO ] 2016-10-04 12:12:12.423 [main] MailStorageModuleTest - Seeding
[INFO ] 2016-10-04 12:12:12.438 [main] FolderStorageModule - Connected to the database.
[INFO ] 2016-10-04 12:12:12.579 [main] FolderStorageModule - Connected to the database.
[INFO ] 2016-10-04 12:12:12.595 [main] FolderStorageModule - Connected to the database.
[INFO ] 2016-10-04 12:12:12.595 [main] FolderStorageModule - Connected to the database.
[INFO ] 2016-10-04 12:12:12.595 [main] FolderStorageModuleTest - Starting test [createDirectoryTest_InvalidArgument]
[INFO ] 2016-10-04 12:12:12.595 [main] MailStorageModuleTest - Seeding
[INFO ] 2016-10-04 12:12:12.610 [main] FolderStorageModule - Connected to the database.
[INFO ] 2016-10-04 12:12:12.751 [main] FolderStorageModuleTest - Starting test [updateDirectoryTest_InvalidSameValueArgument]
[INFO ] 2016-10-04 12:12:12.751 [main] MailStorageModuleTest - Seeding
[INFO ] 2016-10-04 12:12:12.766 [main] FolderStorageModule - Connected to the database.
[INFO ] 2016-10-04 12:12:12.892 [main] FolderStorageModuleTest - Starting test [updateDirectoryTest_InvalidArgument]
[INFO ] 2016-10-04 12:12:12.892 [main] MailStorageModuleTest - Seeding
[INFO ] 2016-10-04 12:12:12.907 [main] FolderStorageModule - Connected to the database.
[INFO ] 2016-10-04 12:12:13.063 [main] FolderStorageModuleTest - Starting test [createDirectoryTest_DuplicateDir]
[INFO ] 2016-10-04 12:12:13.063 [main] MailStorageModuleTest - Seeding
[INFO ] 2016-10-04 12:12:13.079 [main] FolderStorageModule - Connected to the database.
[INFO ] 2016-10-04 12:12:13.204 [main] FolderStorageModule - Connected to the database.
[ERROR] 2016-10-04 12:12:13.220 [main] FolderStorageModule - Such directory already exists
com.mysql.jdbc.exceptions.jdbc4.MySQLIntegrityConstraintViolationException: Duplicate entry 'new' for key 'name'
	at sun.reflect.NativeConstructorAccessorImpl.newInstance0(Native Method) ~[?:1.8.0_102]
	at sun.reflect.NativeConstructorAccessorImpl.newInstance(NativeConstructorAccessorImpl.java:62) ~[?:1.8.0_102]
	at sun.reflect.DelegatingConstructorAccessorImpl.newInstance(DelegatingConstructorAccessorImpl.java:45) ~[?:1.8.0_102]
	at java.lang.reflect.Constructor.newInstance(Constructor.java:423) ~[?:1.8.0_102]
	at com.mysql.jdbc.Util.handleNewInstance(Util.java:404) ~[mysql-connector-java-5.1.39.jar:5.1.39]
	at com.mysql.jdbc.Util.getInstance(Util.java:387) ~[mysql-connector-java-5.1.39.jar:5.1.39]
	at com.mysql.jdbc.SQLError.createSQLException(SQLError.java:934) ~[mysql-connector-java-5.1.39.jar:5.1.39]
	at com.mysql.jdbc.MysqlIO.checkErrorPacket(MysqlIO.java:3966) ~[mysql-connector-java-5.1.39.jar:5.1.39]
	at com.mysql.jdbc.MysqlIO.checkErrorPacket(MysqlIO.java:3902) ~[mysql-connector-java-5.1.39.jar:5.1.39]
	at com.mysql.jdbc.MysqlIO.sendCommand(MysqlIO.java:2526) ~[mysql-connector-java-5.1.39.jar:5.1.39]
	at com.mysql.jdbc.MysqlIO.sqlQueryDirect(MysqlIO.java:2673) ~[mysql-connector-java-5.1.39.jar:5.1.39]
	at com.mysql.jdbc.ConnectionImpl.execSQL(ConnectionImpl.java:2549) ~[mysql-connector-java-5.1.39.jar:5.1.39]
	at com.mysql.jdbc.PreparedStatement.executeInternal(PreparedStatement.java:1861) ~[mysql-connector-java-5.1.39.jar:5.1.39]
	at com.mysql.jdbc.PreparedStatement.executeUpdateInternal(PreparedStatement.java:2073) ~[mysql-connector-java-5.1.39.jar:5.1.39]
	at com.mysql.jdbc.PreparedStatement.executeUpdateInternal(PreparedStatement.java:2009) ~[mysql-connector-java-5.1.39.jar:5.1.39]
	at com.mysql.jdbc.PreparedStatement.executeLargeUpdate(PreparedStatement.java:5098) ~[mysql-connector-java-5.1.39.jar:5.1.39]
	at com.mysql.jdbc.PreparedStatement.executeUpdate(PreparedStatement.java:1994) ~[mysql-connector-java-5.1.39.jar:5.1.39]
	at ashulzhenko.emailapp.data.FolderStorageModule.createDirectory(FolderStorageModule.java:56) [classes/:?]
	at ashulzhenko.emailapp.data.FolderStorageModuleTest.createDirectoryTest_DuplicateDir(FolderStorageModuleTest.java:56) [test-classes/:?]
	at sun.reflect.NativeMethodAccessorImpl.invoke0(Native Method) ~[?:1.8.0_102]
	at sun.reflect.NativeMethodAccessorImpl.invoke(NativeMethodAccessorImpl.java:62) ~[?:1.8.0_102]
	at sun.reflect.DelegatingMethodAccessorImpl.invoke(DelegatingMethodAccessorImpl.java:43) ~[?:1.8.0_102]
	at java.lang.reflect.Method.invoke(Method.java:498) ~[?:1.8.0_102]
	at org.junit.runners.model.FrameworkMethod$1.runReflectiveCall(FrameworkMethod.java:50) [junit-4.12.jar:4.12]
	at org.junit.internal.runners.model.ReflectiveCallable.run(ReflectiveCallable.java:12) [junit-4.12.jar:4.12]
	at org.junit.runners.model.FrameworkMethod.invokeExplosively(FrameworkMethod.java:47) [junit-4.12.jar:4.12]
	at org.junit.internal.runners.statements.InvokeMethod.evaluate(InvokeMethod.java:17) [junit-4.12.jar:4.12]
	at org.junit.internal.runners.statements.ExpectException.evaluate(ExpectException.java:19) [junit-4.12.jar:4.12]
	at org.junit.internal.runners.statements.RunBefores.evaluate(RunBefores.java:26) [junit-4.12.jar:4.12]
	at org.junit.rules.TestWatcher$1.evaluate(TestWatcher.java:55) [junit-4.12.jar:4.12]
	at org.junit.rules.RunRules.evaluate(RunRules.java:20) [junit-4.12.jar:4.12]
	at org.junit.runners.ParentRunner.runLeaf(ParentRunner.java:325) [junit-4.12.jar:4.12]
	at org.junit.runners.BlockJUnit4ClassRunner.runChild(BlockJUnit4ClassRunner.java:78) [junit-4.12.jar:4.12]
	at org.junit.runners.BlockJUnit4ClassRunner.runChild(BlockJUnit4ClassRunner.java:57) [junit-4.12.jar:4.12]
	at org.junit.runners.ParentRunner$3.run(ParentRunner.java:290) [junit-4.12.jar:4.12]
	at org.junit.runners.ParentRunner$1.schedule(ParentRunner.java:71) [junit-4.12.jar:4.12]
	at org.junit.runners.ParentRunner.runChildren(ParentRunner.java:288) [junit-4.12.jar:4.12]
	at org.junit.runners.ParentRunner.access$000(ParentRunner.java:58) [junit-4.12.jar:4.12]
	at org.junit.runners.ParentRunner$2.evaluate(ParentRunner.java:268) [junit-4.12.jar:4.12]
	at org.junit.runners.ParentRunner.run(ParentRunner.java:363) [junit-4.12.jar:4.12]
	at org.apache.maven.surefire.junit4.JUnit4Provider.execute(JUnit4Provider.java:367) [surefire-junit4-2.19.1.jar:2.19.1]
	at org.apache.maven.surefire.junit4.JUnit4Provider.executeWithRerun(JUnit4Provider.java:274) [surefire-junit4-2.19.1.jar:2.19.1]
	at org.apache.maven.surefire.junit4.JUnit4Provider.executeTestSet(JUnit4Provider.java:238) [surefire-junit4-2.19.1.jar:2.19.1]
	at org.apache.maven.surefire.junit4.JUnit4Provider.invoke(JUnit4Provider.java:161) [surefire-junit4-2.19.1.jar:2.19.1]
	at org.apache.maven.surefire.booter.ForkedBooter.invokeProviderInSameClassLoader(ForkedBooter.java:290) [surefire-booter-2.19.1.jar:2.19.1]
	at org.apache.maven.surefire.booter.ForkedBooter.runSuitesInProcess(ForkedBooter.java:242) [surefire-booter-2.19.1.jar:2.19.1]
	at org.apache.maven.surefire.booter.ForkedBooter.main(ForkedBooter.java:121) [surefire-booter-2.19.1.jar:2.19.1]
[INFO ] 2016-10-04 12:12:13.251 [main] PropertiesManagerTest - Starting test [testWriteText]
[INFO ] 2016-10-11 14:16:05.460 [main] FolderStorageModuleTest - Starting test [createDirectoryTest]
[INFO ] 2016-10-11 14:16:05.467 [main] MailStorageModuleTest - Seeding
[INFO ] 2016-10-11 14:16:11.981 [main] FolderStorageModule - Connected to the database.
[INFO ] 2016-10-11 14:16:13.819 [main] FolderStorageModule - Connected to the database.
[INFO ] 2016-10-11 14:16:14.038 [main] FolderStorageModule - Connected to the database.
[INFO ] 2016-10-11 14:16:14.073 [main] FolderStorageModuleTest - Starting test [updateDirectoryTest_DuplicateDir]
[INFO ] 2016-10-11 14:16:14.073 [main] MailStorageModuleTest - Seeding
[INFO ] 2016-10-11 14:16:14.569 [main] FolderStorageModule - Connected to the database.
[INFO ] 2016-10-11 14:16:15.637 [main] FolderStorageModule - Connected to the database.
[ERROR] 2016-10-11 14:16:15.714 [main] FolderStorageModule - Such directory already exists
com.mysql.jdbc.exceptions.jdbc4.MySQLIntegrityConstraintViolationException: Duplicate entry 'trash' for key 'name'
	at sun.reflect.NativeConstructorAccessorImpl.newInstance0(Native Method) ~[?:1.8.0_91]
	at sun.reflect.NativeConstructorAccessorImpl.newInstance(NativeConstructorAccessorImpl.java:62) ~[?:1.8.0_91]
	at sun.reflect.DelegatingConstructorAccessorImpl.newInstance(DelegatingConstructorAccessorImpl.java:45) ~[?:1.8.0_91]
	at java.lang.reflect.Constructor.newInstance(Constructor.java:423) ~[?:1.8.0_91]
	at com.mysql.jdbc.Util.handleNewInstance(Util.java:404) ~[mysql-connector-java-5.1.39.jar:5.1.39]
	at com.mysql.jdbc.Util.getInstance(Util.java:387) ~[mysql-connector-java-5.1.39.jar:5.1.39]
	at com.mysql.jdbc.SQLError.createSQLException(SQLError.java:934) ~[mysql-connector-java-5.1.39.jar:5.1.39]
	at com.mysql.jdbc.MysqlIO.checkErrorPacket(MysqlIO.java:3966) ~[mysql-connector-java-5.1.39.jar:5.1.39]
	at com.mysql.jdbc.MysqlIO.checkErrorPacket(MysqlIO.java:3902) ~[mysql-connector-java-5.1.39.jar:5.1.39]
	at com.mysql.jdbc.MysqlIO.sendCommand(MysqlIO.java:2526) ~[mysql-connector-java-5.1.39.jar:5.1.39]
	at com.mysql.jdbc.MysqlIO.sqlQueryDirect(MysqlIO.java:2673) ~[mysql-connector-java-5.1.39.jar:5.1.39]
	at com.mysql.jdbc.ConnectionImpl.execSQL(ConnectionImpl.java:2549) ~[mysql-connector-java-5.1.39.jar:5.1.39]
	at com.mysql.jdbc.PreparedStatement.executeInternal(PreparedStatement.java:1861) ~[mysql-connector-java-5.1.39.jar:5.1.39]
	at com.mysql.jdbc.PreparedStatement.executeUpdateInternal(PreparedStatement.java:2073) ~[mysql-connector-java-5.1.39.jar:5.1.39]
	at com.mysql.jdbc.PreparedStatement.executeUpdateInternal(PreparedStatement.java:2009) ~[mysql-connector-java-5.1.39.jar:5.1.39]
	at com.mysql.jdbc.PreparedStatement.executeLargeUpdate(PreparedStatement.java:5098) ~[mysql-connector-java-5.1.39.jar:5.1.39]
	at com.mysql.jdbc.PreparedStatement.executeUpdate(PreparedStatement.java:1994) ~[mysql-connector-java-5.1.39.jar:5.1.39]
	at ashulzhenko.emailapp.data.FolderStorageModule.updateDirectory(FolderStorageModule.java:146) [classes/:?]
	at ashulzhenko.emailapp.data.FolderStorageModuleTest.updateDirectoryTest_DuplicateDir(FolderStorageModuleTest.java:103) [test-classes/:?]
	at sun.reflect.NativeMethodAccessorImpl.invoke0(Native Method) ~[?:1.8.0_91]
	at sun.reflect.NativeMethodAccessorImpl.invoke(NativeMethodAccessorImpl.java:62) ~[?:1.8.0_91]
	at sun.reflect.DelegatingMethodAccessorImpl.invoke(DelegatingMethodAccessorImpl.java:43) ~[?:1.8.0_91]
	at java.lang.reflect.Method.invoke(Method.java:498) ~[?:1.8.0_91]
	at org.junit.runners.model.FrameworkMethod$1.runReflectiveCall(FrameworkMethod.java:50) [junit-4.12.jar:4.12]
	at org.junit.internal.runners.model.ReflectiveCallable.run(ReflectiveCallable.java:12) [junit-4.12.jar:4.12]
	at org.junit.runners.model.FrameworkMethod.invokeExplosively(FrameworkMethod.java:47) [junit-4.12.jar:4.12]
	at org.junit.internal.runners.statements.InvokeMethod.evaluate(InvokeMethod.java:17) [junit-4.12.jar:4.12]
	at org.junit.internal.runners.statements.ExpectException.evaluate(ExpectException.java:19) [junit-4.12.jar:4.12]
	at org.junit.internal.runners.statements.RunBefores.evaluate(RunBefores.java:26) [junit-4.12.jar:4.12]
	at org.junit.rules.TestWatcher$1.evaluate(TestWatcher.java:55) [junit-4.12.jar:4.12]
	at org.junit.rules.RunRules.evaluate(RunRules.java:20) [junit-4.12.jar:4.12]
	at org.junit.runners.ParentRunner.runLeaf(ParentRunner.java:325) [junit-4.12.jar:4.12]
	at org.junit.runners.BlockJUnit4ClassRunner.runChild(BlockJUnit4ClassRunner.java:78) [junit-4.12.jar:4.12]
	at org.junit.runners.BlockJUnit4ClassRunner.runChild(BlockJUnit4ClassRunner.java:57) [junit-4.12.jar:4.12]
	at org.junit.runners.ParentRunner$3.run(ParentRunner.java:290) [junit-4.12.jar:4.12]
	at org.junit.runners.ParentRunner$1.schedule(ParentRunner.java:71) [junit-4.12.jar:4.12]
	at org.junit.runners.ParentRunner.runChildren(ParentRunner.java:288) [junit-4.12.jar:4.12]
	at org.junit.runners.ParentRunner.access$000(ParentRunner.java:58) [junit-4.12.jar:4.12]
	at org.junit.runners.ParentRunner$2.evaluate(ParentRunner.java:268) [junit-4.12.jar:4.12]
	at org.junit.runners.ParentRunner.run(ParentRunner.java:363) [junit-4.12.jar:4.12]
	at org.apache.maven.surefire.junit4.JUnit4Provider.execute(JUnit4Provider.java:367) [surefire-junit4-2.19.1.jar:2.19.1]
	at org.apache.maven.surefire.junit4.JUnit4Provider.executeWithRerun(JUnit4Provider.java:274) [surefire-junit4-2.19.1.jar:2.19.1]
	at org.apache.maven.surefire.junit4.JUnit4Provider.executeTestSet(JUnit4Provider.java:238) [surefire-junit4-2.19.1.jar:2.19.1]
	at org.apache.maven.surefire.junit4.JUnit4Provider.invoke(JUnit4Provider.java:161) [surefire-junit4-2.19.1.jar:2.19.1]
	at org.apache.maven.surefire.booter.ForkedBooter.invokeProviderInSameClassLoader(ForkedBooter.java:290) [surefire-booter-2.19.1.jar:2.19.1]
	at org.apache.maven.surefire.booter.ForkedBooter.runSuitesInProcess(ForkedBooter.java:242) [surefire-booter-2.19.1.jar:2.19.1]
	at org.apache.maven.surefire.booter.ForkedBooter.main(ForkedBooter.java:121) [surefire-booter-2.19.1.jar:2.19.1]
[INFO ] 2016-10-11 14:16:15.723 [main] FolderStorageModuleTest - Starting test [deleteDirectoryTest_DirNotExists]
[INFO ] 2016-10-11 14:16:15.723 [main] MailStorageModuleTest - Seeding
[INFO ] 2016-10-11 14:16:16.077 [main] FolderStorageModule - Connected to the database.
[INFO ] 2016-10-11 14:16:17.194 [main] FolderStorageModule - Connected to the database.
[INFO ] 2016-10-11 14:16:17.222 [main] FolderStorageModuleTest - Starting test [findAllTest]
[INFO ] 2016-10-11 14:16:17.222 [main] MailStorageModuleTest - Seeding
[INFO ] 2016-10-11 14:16:17.608 [main] FolderStorageModule - Connected to the database.
[INFO ] 2016-10-11 14:16:18.704 [main] FolderStorageModule - Connected to the database.
[INFO ] 2016-10-11 14:16:18.737 [main] FolderStorageModuleTest - Starting test [deleteDirectoryTest_InvalidArgument]
[INFO ] 2016-10-11 14:16:18.738 [main] MailStorageModuleTest - Seeding
[INFO ] 2016-10-11 14:16:19.124 [main] FolderStorageModule - Connected to the database.
[INFO ] 2016-10-11 14:16:20.085 [main] FolderStorageModuleTest - Starting test [deleteDirectoryTest]
[INFO ] 2016-10-11 14:16:20.085 [main] MailStorageModuleTest - Seeding
[INFO ] 2016-10-11 14:16:20.481 [main] FolderStorageModule - Connected to the database.
[INFO ] 2016-10-11 14:16:21.684 [main] FolderStorageModule - Connected to the database.
[INFO ] 2016-10-11 14:16:21.901 [main] FolderStorageModule - Connected to the database.
[INFO ] 2016-10-11 14:16:21.927 [main] FolderStorageModuleTest - Starting test [updateDirectoryTest]
[INFO ] 2016-10-11 14:16:21.928 [main] MailStorageModuleTest - Seeding
[INFO ] 2016-10-11 14:16:22.294 [main] FolderStorageModule - Connected to the database.
[INFO ] 2016-10-11 14:16:23.517 [main] FolderStorageModule - Connected to the database.
[INFO ] 2016-10-11 14:16:23.746 [main] FolderStorageModule - Connected to the database.
[INFO ] 2016-10-11 14:16:23.950 [main] FolderStorageModule - Connected to the database.
[INFO ] 2016-10-11 14:16:23.980 [main] FolderStorageModuleTest - Starting test [createDirectoryTest_InvalidArgument]
[INFO ] 2016-10-11 14:16:23.981 [main] MailStorageModuleTest - Seeding
[INFO ] 2016-10-11 14:16:24.366 [main] FolderStorageModule - Connected to the database.
[INFO ] 2016-10-11 14:16:25.350 [main] FolderStorageModuleTest - Starting test [updateDirectoryTest_InvalidSameValueArgument]
[INFO ] 2016-10-11 14:16:25.350 [main] MailStorageModuleTest - Seeding
[INFO ] 2016-10-11 14:16:25.739 [main] FolderStorageModule - Connected to the database.
[INFO ] 2016-10-11 14:16:26.667 [main] FolderStorageModuleTest - Starting test [updateDirectoryTest_InvalidArgument]
[INFO ] 2016-10-11 14:16:26.668 [main] MailStorageModuleTest - Seeding
[INFO ] 2016-10-11 14:16:27.022 [main] FolderStorageModule - Connected to the database.
[INFO ] 2016-10-11 14:16:28.274 [main] FolderStorageModuleTest - Starting test [createDirectoryTest_DuplicateDir]
[INFO ] 2016-10-11 14:16:28.275 [main] MailStorageModuleTest - Seeding
[INFO ] 2016-10-11 14:16:28.895 [main] FolderStorageModule - Connected to the database.
[INFO ] 2016-10-11 14:16:30.028 [main] FolderStorageModule - Connected to the database.
[ERROR] 2016-10-11 14:16:30.062 [main] FolderStorageModule - Such directory already exists
com.mysql.jdbc.exceptions.jdbc4.MySQLIntegrityConstraintViolationException: Duplicate entry 'new' for key 'name'
	at sun.reflect.NativeConstructorAccessorImpl.newInstance0(Native Method) ~[?:1.8.0_91]
	at sun.reflect.NativeConstructorAccessorImpl.newInstance(NativeConstructorAccessorImpl.java:62) ~[?:1.8.0_91]
	at sun.reflect.DelegatingConstructorAccessorImpl.newInstance(DelegatingConstructorAccessorImpl.java:45) ~[?:1.8.0_91]
	at java.lang.reflect.Constructor.newInstance(Constructor.java:423) ~[?:1.8.0_91]
	at com.mysql.jdbc.Util.handleNewInstance(Util.java:404) ~[mysql-connector-java-5.1.39.jar:5.1.39]
	at com.mysql.jdbc.Util.getInstance(Util.java:387) ~[mysql-connector-java-5.1.39.jar:5.1.39]
	at com.mysql.jdbc.SQLError.createSQLException(SQLError.java:934) ~[mysql-connector-java-5.1.39.jar:5.1.39]
	at com.mysql.jdbc.MysqlIO.checkErrorPacket(MysqlIO.java:3966) ~[mysql-connector-java-5.1.39.jar:5.1.39]
	at com.mysql.jdbc.MysqlIO.checkErrorPacket(MysqlIO.java:3902) ~[mysql-connector-java-5.1.39.jar:5.1.39]
	at com.mysql.jdbc.MysqlIO.sendCommand(MysqlIO.java:2526) ~[mysql-connector-java-5.1.39.jar:5.1.39]
	at com.mysql.jdbc.MysqlIO.sqlQueryDirect(MysqlIO.java:2673) ~[mysql-connector-java-5.1.39.jar:5.1.39]
	at com.mysql.jdbc.ConnectionImpl.execSQL(ConnectionImpl.java:2549) ~[mysql-connector-java-5.1.39.jar:5.1.39]
	at com.mysql.jdbc.PreparedStatement.executeInternal(PreparedStatement.java:1861) ~[mysql-connector-java-5.1.39.jar:5.1.39]
	at com.mysql.jdbc.PreparedStatement.executeUpdateInternal(PreparedStatement.java:2073) ~[mysql-connector-java-5.1.39.jar:5.1.39]
	at com.mysql.jdbc.PreparedStatement.executeUpdateInternal(PreparedStatement.java:2009) ~[mysql-connector-java-5.1.39.jar:5.1.39]
	at com.mysql.jdbc.PreparedStatement.executeLargeUpdate(PreparedStatement.java:5098) ~[mysql-connector-java-5.1.39.jar:5.1.39]
	at com.mysql.jdbc.PreparedStatement.executeUpdate(PreparedStatement.java:1994) ~[mysql-connector-java-5.1.39.jar:5.1.39]
	at ashulzhenko.emailapp.data.FolderStorageModule.createDirectory(FolderStorageModule.java:56) [classes/:?]
	at ashulzhenko.emailapp.data.FolderStorageModuleTest.createDirectoryTest_DuplicateDir(FolderStorageModuleTest.java:55) [test-classes/:?]
	at sun.reflect.NativeMethodAccessorImpl.invoke0(Native Method) ~[?:1.8.0_91]
	at sun.reflect.NativeMethodAccessorImpl.invoke(NativeMethodAccessorImpl.java:62) ~[?:1.8.0_91]
	at sun.reflect.DelegatingMethodAccessorImpl.invoke(DelegatingMethodAccessorImpl.java:43) ~[?:1.8.0_91]
	at java.lang.reflect.Method.invoke(Method.java:498) ~[?:1.8.0_91]
	at org.junit.runners.model.FrameworkMethod$1.runReflectiveCall(FrameworkMethod.java:50) [junit-4.12.jar:4.12]
	at org.junit.internal.runners.model.ReflectiveCallable.run(ReflectiveCallable.java:12) [junit-4.12.jar:4.12]
	at org.junit.runners.model.FrameworkMethod.invokeExplosively(FrameworkMethod.java:47) [junit-4.12.jar:4.12]
	at org.junit.internal.runners.statements.InvokeMethod.evaluate(InvokeMethod.java:17) [junit-4.12.jar:4.12]
	at org.junit.internal.runners.statements.ExpectException.evaluate(ExpectException.java:19) [junit-4.12.jar:4.12]
	at org.junit.internal.runners.statements.RunBefores.evaluate(RunBefores.java:26) [junit-4.12.jar:4.12]
	at org.junit.rules.TestWatcher$1.evaluate(TestWatcher.java:55) [junit-4.12.jar:4.12]
	at org.junit.rules.RunRules.evaluate(RunRules.java:20) [junit-4.12.jar:4.12]
	at org.junit.runners.ParentRunner.runLeaf(ParentRunner.java:325) [junit-4.12.jar:4.12]
	at org.junit.runners.BlockJUnit4ClassRunner.runChild(BlockJUnit4ClassRunner.java:78) [junit-4.12.jar:4.12]
	at org.junit.runners.BlockJUnit4ClassRunner.runChild(BlockJUnit4ClassRunner.java:57) [junit-4.12.jar:4.12]
	at org.junit.runners.ParentRunner$3.run(ParentRunner.java:290) [junit-4.12.jar:4.12]
	at org.junit.runners.ParentRunner$1.schedule(ParentRunner.java:71) [junit-4.12.jar:4.12]
	at org.junit.runners.ParentRunner.runChildren(ParentRunner.java:288) [junit-4.12.jar:4.12]
	at org.junit.runners.ParentRunner.access$000(ParentRunner.java:58) [junit-4.12.jar:4.12]
	at org.junit.runners.ParentRunner$2.evaluate(ParentRunner.java:268) [junit-4.12.jar:4.12]
	at org.junit.runners.ParentRunner.run(ParentRunner.java:363) [junit-4.12.jar:4.12]
	at org.apache.maven.surefire.junit4.JUnit4Provider.execute(JUnit4Provider.java:367) [surefire-junit4-2.19.1.jar:2.19.1]
	at org.apache.maven.surefire.junit4.JUnit4Provider.executeWithRerun(JUnit4Provider.java:274) [surefire-junit4-2.19.1.jar:2.19.1]
	at org.apache.maven.surefire.junit4.JUnit4Provider.executeTestSet(JUnit4Provider.java:238) [surefire-junit4-2.19.1.jar:2.19.1]
	at org.apache.maven.surefire.junit4.JUnit4Provider.invoke(JUnit4Provider.java:161) [surefire-junit4-2.19.1.jar:2.19.1]
	at org.apache.maven.surefire.booter.ForkedBooter.invokeProviderInSameClassLoader(ForkedBooter.java:290) [surefire-booter-2.19.1.jar:2.19.1]
	at org.apache.maven.surefire.booter.ForkedBooter.runSuitesInProcess(ForkedBooter.java:242) [surefire-booter-2.19.1.jar:2.19.1]
	at org.apache.maven.surefire.booter.ForkedBooter.main(ForkedBooter.java:121) [surefire-booter-2.19.1.jar:2.19.1]
[INFO ] 2016-10-11 14:16:30.082 [main] MailStorageModuleTest - Starting test [findEmailByIdTest]
[INFO ] 2016-10-11 14:16:30.083 [main] MailStorageModuleTest - Seeding
[INFO ] 2016-10-11 14:16:30.457 [main] MailStorageModule - Connected to the database.
[INFO ] 2016-10-11 14:16:31.637 [main] MailStorageModule - Connected to the database.
[INFO ] 2016-10-11 14:16:32.276 [main] MailStorageModuleTest - Starting test [findEmailsWithNumberTest]
[INFO ] 2016-10-11 14:16:32.277 [main] MailStorageModuleTest - Seeding
[INFO ] 2016-10-11 14:16:32.666 [main] MailStorageModule - Connected to the database.
[INFO ] 2016-10-11 14:16:33.905 [main] MailStorageModule - Connected to the database.
[INFO ] 2016-10-11 14:16:34.759 [main] MailStorageModuleTest - Starting test [deleteEmailTest]
[INFO ] 2016-10-11 14:16:34.760 [main] MailStorageModuleTest - Seeding
[INFO ] 2016-10-11 14:16:35.118 [main] MailStorageModule - Connected to the database.
[INFO ] 2016-10-11 14:16:36.537 [main] MailStorageModule - Connected to the database.
[INFO ] 2016-10-11 14:16:36.757 [main] MailStorageModule - Connected to the database.
[INFO ] 2016-10-11 14:16:36.791 [main] MailStorageModuleTest - Starting test [findAllInDirectoryTest]
[INFO ] 2016-10-11 14:16:36.792 [main] MailStorageModuleTest - Seeding
[INFO ] 2016-10-11 14:16:37.197 [main] MailStorageModule - Connected to the database.
[INFO ] 2016-10-11 14:16:38.744 [main] MailStorageModule - Connected to the database.
[INFO ] 2016-10-11 14:16:39.278 [main] MailStorageModuleTest - Starting test [findAllInDirectoryTest_DirNotExists]
[INFO ] 2016-10-11 14:16:39.279 [main] MailStorageModuleTest - Seeding
[INFO ] 2016-10-11 14:16:39.657 [main] MailStorageModule - Connected to the database.
[INFO ] 2016-10-11 14:16:41.324 [main] MailStorageModule - Connected to the database.
[INFO ] 2016-10-11 14:16:41.385 [main] MailStorageModuleTest - Starting test [findEmailByIdTest_NotInDb]
[INFO ] 2016-10-11 14:16:41.385 [main] MailStorageModuleTest - Seeding
[INFO ] 2016-10-11 14:16:41.772 [main] MailStorageModule - Connected to the database.
[INFO ] 2016-10-11 14:16:43.625 [main] MailStorageModule - Connected to the database.
[INFO ] 2016-10-11 14:16:43.659 [main] MailStorageModuleTest - Starting test [deleteEmailTest_InvalidArgument]
[INFO ] 2016-10-11 14:16:43.660 [main] MailStorageModuleTest - Seeding
[INFO ] 2016-10-11 14:16:44.301 [main] MailStorageModule - Connected to the database.
[INFO ] 2016-10-11 14:16:45.256 [main] MailStorageModuleTest - Starting test [findAllTest]
[INFO ] 2016-10-11 14:16:45.256 [main] MailStorageModuleTest - Seeding
[INFO ] 2016-10-11 14:16:45.624 [main] MailStorageModule - Connected to the database.
[INFO ] 2016-10-11 14:16:47.583 [main] MailStorageModule - Connected to the database.
[INFO ] 2016-10-11 14:16:49.020 [main] MailStorageModuleTest - Starting test [deleteEmailTest_IdNotExists]
[INFO ] 2016-10-11 14:16:49.021 [main] MailStorageModuleTest - Seeding
[INFO ] 2016-10-11 14:16:49.436 [main] MailStorageModule - Connected to the database.
[INFO ] 2016-10-11 14:16:50.589 [main] MailStorageModule - Connected to the database.
[INFO ] 2016-10-11 14:16:50.621 [main] MailStorageModuleTest - Starting test [saveEmailTest]
[INFO ] 2016-10-11 14:16:50.622 [main] MailStorageModuleTest - Seeding
[INFO ] 2016-10-11 14:16:50.996 [main] MailStorageModule - Connected to the database.
[INFO ] 2016-10-11 14:16:52.672 [main] MailStorageModule - Connected to the database.
[INFO ] 2016-10-11 14:17:01.010 [main] MailStorageModule - Connected to the database.
[INFO ] 2016-10-11 14:17:01.998 [main] MailStorageModuleTest - Starting test [updateEmailDirectoryTest_InvalidArgument]
[INFO ] 2016-10-11 14:17:01.998 [main] MailStorageModuleTest - Seeding
[INFO ] 2016-10-11 14:17:02.363 [main] MailStorageModule - Connected to the database.
[INFO ] 2016-10-11 14:17:03.441 [main] MailStorageModuleTest - Starting test [findEmailByIdTest_InvalidArgument]
[INFO ] 2016-10-11 14:17:03.442 [main] MailStorageModuleTest - Seeding
[INFO ] 2016-10-11 14:17:03.813 [main] MailStorageModule - Connected to the database.
[INFO ] 2016-10-11 14:17:04.714 [main] MailStorageModuleTest - Starting test [saveEmailTest_InvalidArgument]
[INFO ] 2016-10-11 14:17:04.714 [main] MailStorageModuleTest - Seeding
[INFO ] 2016-10-11 14:17:05.095 [main] MailStorageModule - Connected to the database.
[INFO ] 2016-10-11 14:17:06.069 [main] MailStorageModuleTest - Starting test [updateEmailDirectoryTest]
[INFO ] 2016-10-11 14:17:06.070 [main] MailStorageModuleTest - Seeding
[INFO ] 2016-10-11 14:17:06.434 [main] MailStorageModule - Connected to the database.
[INFO ] 2016-10-11 14:17:07.495 [main] MailStorageModule - Connected to the database.
[INFO ] 2016-10-11 14:17:07.856 [main] MailStorageModule - Connected to the database.
[INFO ] 2016-10-11 14:17:08.156 [main] MailStorageModule - Connected to the database.
[INFO ] 2016-10-11 14:17:08.578 [main] MailStorageModuleTest - Starting test [findEmailsWithNumberAndStartTest]
[INFO ] 2016-10-11 14:17:08.579 [main] MailStorageModuleTest - Seeding
[INFO ] 2016-10-11 14:17:08.958 [main] MailStorageModule - Connected to the database.
[INFO ] 2016-10-11 14:17:10.067 [main] MailStorageModule - Connected to the database.
[INFO ] 2016-10-11 14:17:10.249 [main] MailStorageModuleTest - Failed test [findEmailsWithNumberAndStartTest
expected:<1> but was:<2>]
[INFO ] 2016-10-11 14:17:10.262 [main] MailStorageModuleTest - Starting test [updateEmailDirectoryTest_EmailIdNotInDb]
[INFO ] 2016-10-11 14:17:10.264 [main] MailStorageModuleTest - Seeding
[INFO ] 2016-10-11 14:17:10.635 [main] MailStorageModule - Connected to the database.
[INFO ] 2016-10-11 14:17:11.854 [main] MailStorageModule - Connected to the database.
[INFO ] 2016-10-11 14:17:11.910 [main] MailStorageModuleTest - Starting test [findAllInDirectoryTest_InvalidArgument]
[INFO ] 2016-10-11 14:17:11.910 [main] MailStorageModuleTest - Seeding
[INFO ] 2016-10-11 14:17:12.380 [main] MailStorageModule - Connected to the database.
[INFO ] 2016-10-11 14:17:13.334 [main] PropertiesManagerTest - Starting test [testWriteText]
[DEBUG] 2016-10-11 14:17:13.379 [main] MailModuleExceptionsTest - in TestExceptions with no to's addresses
[DEBUG] 2016-10-11 14:17:13.382 [main] MailModuleExceptionsTest - in TestExceptions with null for cc
[DEBUG] 2016-10-11 14:17:13.382 [main] MailModuleExceptionsTest - in TestExceptions with to with invalid email
[DEBUG] 2016-10-11 14:17:13.383 [main] MailModuleExceptionsTest - in TestExceptions with cc with invalid email
[DEBUG] 2016-10-11 14:17:13.385 [main] MailModuleExceptionsTest - in TestExceptions with bcc with invalid email
[DEBUG] 2016-10-11 14:17:13.386 [main] MailModuleExceptionsTest - in TestExceptions with attachment error: file not found
[INFO ] 2016-10-11 14:25:43.227 [main] FolderStorageModuleTest - Starting test [createDirectoryTest]
[INFO ] 2016-10-11 14:25:43.232 [main] MailStorageModuleTest - Seeding
[INFO ] 2016-10-11 14:25:44.098 [main] FolderStorageModule - Connected to the database.
[INFO ] 2016-10-11 14:25:45.833 [main] FolderStorageModule - Connected to the database.
[INFO ] 2016-10-11 14:25:46.062 [main] FolderStorageModule - Connected to the database.
[INFO ] 2016-10-11 14:25:46.099 [main] FolderStorageModuleTest - Starting test [updateDirectoryTest_DuplicateDir]
[INFO ] 2016-10-11 14:25:46.100 [main] MailStorageModuleTest - Seeding
[INFO ] 2016-10-11 14:25:46.489 [main] FolderStorageModule - Connected to the database.
[INFO ] 2016-10-11 14:25:48.013 [main] FolderStorageModule - Connected to the database.
[ERROR] 2016-10-11 14:25:48.059 [main] FolderStorageModule - Such directory already exists
com.mysql.jdbc.exceptions.jdbc4.MySQLIntegrityConstraintViolationException: Duplicate entry 'trash' for key 'name'
	at sun.reflect.NativeConstructorAccessorImpl.newInstance0(Native Method) ~[?:1.8.0_91]
	at sun.reflect.NativeConstructorAccessorImpl.newInstance(NativeConstructorAccessorImpl.java:62) ~[?:1.8.0_91]
	at sun.reflect.DelegatingConstructorAccessorImpl.newInstance(DelegatingConstructorAccessorImpl.java:45) ~[?:1.8.0_91]
	at java.lang.reflect.Constructor.newInstance(Constructor.java:423) ~[?:1.8.0_91]
	at com.mysql.jdbc.Util.handleNewInstance(Util.java:404) ~[mysql-connector-java-5.1.39.jar:5.1.39]
	at com.mysql.jdbc.Util.getInstance(Util.java:387) ~[mysql-connector-java-5.1.39.jar:5.1.39]
	at com.mysql.jdbc.SQLError.createSQLException(SQLError.java:934) ~[mysql-connector-java-5.1.39.jar:5.1.39]
	at com.mysql.jdbc.MysqlIO.checkErrorPacket(MysqlIO.java:3966) ~[mysql-connector-java-5.1.39.jar:5.1.39]
	at com.mysql.jdbc.MysqlIO.checkErrorPacket(MysqlIO.java:3902) ~[mysql-connector-java-5.1.39.jar:5.1.39]
	at com.mysql.jdbc.MysqlIO.sendCommand(MysqlIO.java:2526) ~[mysql-connector-java-5.1.39.jar:5.1.39]
	at com.mysql.jdbc.MysqlIO.sqlQueryDirect(MysqlIO.java:2673) ~[mysql-connector-java-5.1.39.jar:5.1.39]
	at com.mysql.jdbc.ConnectionImpl.execSQL(ConnectionImpl.java:2549) ~[mysql-connector-java-5.1.39.jar:5.1.39]
	at com.mysql.jdbc.PreparedStatement.executeInternal(PreparedStatement.java:1861) ~[mysql-connector-java-5.1.39.jar:5.1.39]
	at com.mysql.jdbc.PreparedStatement.executeUpdateInternal(PreparedStatement.java:2073) ~[mysql-connector-java-5.1.39.jar:5.1.39]
	at com.mysql.jdbc.PreparedStatement.executeUpdateInternal(PreparedStatement.java:2009) ~[mysql-connector-java-5.1.39.jar:5.1.39]
	at com.mysql.jdbc.PreparedStatement.executeLargeUpdate(PreparedStatement.java:5098) ~[mysql-connector-java-5.1.39.jar:5.1.39]
	at com.mysql.jdbc.PreparedStatement.executeUpdate(PreparedStatement.java:1994) ~[mysql-connector-java-5.1.39.jar:5.1.39]
	at ashulzhenko.emailapp.data.FolderStorageModule.updateDirectory(FolderStorageModule.java:146) [classes/:?]
	at ashulzhenko.emailapp.data.FolderStorageModuleTest.updateDirectoryTest_DuplicateDir(FolderStorageModuleTest.java:103) [test-classes/:?]
	at sun.reflect.NativeMethodAccessorImpl.invoke0(Native Method) ~[?:1.8.0_91]
	at sun.reflect.NativeMethodAccessorImpl.invoke(NativeMethodAccessorImpl.java:62) ~[?:1.8.0_91]
	at sun.reflect.DelegatingMethodAccessorImpl.invoke(DelegatingMethodAccessorImpl.java:43) ~[?:1.8.0_91]
	at java.lang.reflect.Method.invoke(Method.java:498) ~[?:1.8.0_91]
	at org.junit.runners.model.FrameworkMethod$1.runReflectiveCall(FrameworkMethod.java:50) [junit-4.12.jar:4.12]
	at org.junit.internal.runners.model.ReflectiveCallable.run(ReflectiveCallable.java:12) [junit-4.12.jar:4.12]
	at org.junit.runners.model.FrameworkMethod.invokeExplosively(FrameworkMethod.java:47) [junit-4.12.jar:4.12]
	at org.junit.internal.runners.statements.InvokeMethod.evaluate(InvokeMethod.java:17) [junit-4.12.jar:4.12]
	at org.junit.internal.runners.statements.ExpectException.evaluate(ExpectException.java:19) [junit-4.12.jar:4.12]
	at org.junit.internal.runners.statements.RunBefores.evaluate(RunBefores.java:26) [junit-4.12.jar:4.12]
	at org.junit.rules.TestWatcher$1.evaluate(TestWatcher.java:55) [junit-4.12.jar:4.12]
	at org.junit.rules.RunRules.evaluate(RunRules.java:20) [junit-4.12.jar:4.12]
	at org.junit.runners.ParentRunner.runLeaf(ParentRunner.java:325) [junit-4.12.jar:4.12]
	at org.junit.runners.BlockJUnit4ClassRunner.runChild(BlockJUnit4ClassRunner.java:78) [junit-4.12.jar:4.12]
	at org.junit.runners.BlockJUnit4ClassRunner.runChild(BlockJUnit4ClassRunner.java:57) [junit-4.12.jar:4.12]
	at org.junit.runners.ParentRunner$3.run(ParentRunner.java:290) [junit-4.12.jar:4.12]
	at org.junit.runners.ParentRunner$1.schedule(ParentRunner.java:71) [junit-4.12.jar:4.12]
	at org.junit.runners.ParentRunner.runChildren(ParentRunner.java:288) [junit-4.12.jar:4.12]
	at org.junit.runners.ParentRunner.access$000(ParentRunner.java:58) [junit-4.12.jar:4.12]
	at org.junit.runners.ParentRunner$2.evaluate(ParentRunner.java:268) [junit-4.12.jar:4.12]
	at org.junit.runners.ParentRunner.run(ParentRunner.java:363) [junit-4.12.jar:4.12]
	at org.apache.maven.surefire.junit4.JUnit4Provider.execute(JUnit4Provider.java:367) [surefire-junit4-2.19.1.jar:2.19.1]
	at org.apache.maven.surefire.junit4.JUnit4Provider.executeWithRerun(JUnit4Provider.java:274) [surefire-junit4-2.19.1.jar:2.19.1]
	at org.apache.maven.surefire.junit4.JUnit4Provider.executeTestSet(JUnit4Provider.java:238) [surefire-junit4-2.19.1.jar:2.19.1]
	at org.apache.maven.surefire.junit4.JUnit4Provider.invoke(JUnit4Provider.java:161) [surefire-junit4-2.19.1.jar:2.19.1]
	at org.apache.maven.surefire.booter.ForkedBooter.invokeProviderInSameClassLoader(ForkedBooter.java:290) [surefire-booter-2.19.1.jar:2.19.1]
	at org.apache.maven.surefire.booter.ForkedBooter.runSuitesInProcess(ForkedBooter.java:242) [surefire-booter-2.19.1.jar:2.19.1]
	at org.apache.maven.surefire.booter.ForkedBooter.main(ForkedBooter.java:121) [surefire-booter-2.19.1.jar:2.19.1]
[INFO ] 2016-10-11 14:25:48.086 [main] FolderStorageModuleTest - Starting test [deleteDirectoryTest_DirNotExists]
[INFO ] 2016-10-11 14:25:48.094 [main] MailStorageModuleTest - Seeding
[INFO ] 2016-10-11 14:25:48.495 [main] FolderStorageModule - Connected to the database.
[INFO ] 2016-10-11 14:25:50.160 [main] FolderStorageModule - Connected to the database.
[INFO ] 2016-10-11 14:25:50.191 [main] FolderStorageModuleTest - Starting test [findAllTest]
[INFO ] 2016-10-11 14:25:50.193 [main] MailStorageModuleTest - Seeding
[INFO ] 2016-10-11 14:25:52.757 [main] FolderStorageModule - Connected to the database.
[INFO ] 2016-10-11 14:25:54.540 [main] FolderStorageModule - Connected to the database.
[INFO ] 2016-10-11 14:25:54.574 [main] FolderStorageModuleTest - Starting test [deleteDirectoryTest_InvalidArgument]
[INFO ] 2016-10-11 14:25:54.574 [main] MailStorageModuleTest - Seeding
[INFO ] 2016-10-11 14:25:58.442 [main] FolderStorageModule - Connected to the database.
[INFO ] 2016-10-11 14:26:00.257 [main] FolderStorageModuleTest - Starting test [deleteDirectoryTest]
[INFO ] 2016-10-11 14:26:00.258 [main] MailStorageModuleTest - Seeding
[INFO ] 2016-10-11 14:26:00.851 [main] FolderStorageModule - Connected to the database.
[INFO ] 2016-10-11 14:26:02.416 [main] FolderStorageModule - Connected to the database.
[INFO ] 2016-10-11 14:26:02.665 [main] FolderStorageModule - Connected to the database.
[INFO ] 2016-10-11 14:26:02.696 [main] FolderStorageModuleTest - Starting test [updateDirectoryTest]
[INFO ] 2016-10-11 14:26:02.696 [main] MailStorageModuleTest - Seeding
[INFO ] 2016-10-11 14:26:03.689 [main] FolderStorageModule - Connected to the database.
[INFO ] 2016-10-11 14:26:05.600 [main] FolderStorageModule - Connected to the database.
[INFO ] 2016-10-11 14:26:05.951 [main] FolderStorageModule - Connected to the database.
[INFO ] 2016-10-11 14:26:06.255 [main] FolderStorageModule - Connected to the database.
[INFO ] 2016-10-11 14:26:06.286 [main] FolderStorageModuleTest - Starting test [createDirectoryTest_InvalidArgument]
[INFO ] 2016-10-11 14:26:06.287 [main] MailStorageModuleTest - Seeding
[INFO ] 2016-10-11 14:26:06.855 [main] FolderStorageModule - Connected to the database.
[INFO ] 2016-10-11 14:26:12.038 [main] FolderStorageModuleTest - Starting test [updateDirectoryTest_InvalidSameValueArgument]
[INFO ] 2016-10-11 14:26:12.039 [main] MailStorageModuleTest - Seeding
[INFO ] 2016-10-11 14:26:14.682 [main] FolderStorageModule - Connected to the database.
[INFO ] 2016-10-11 14:26:16.389 [main] FolderStorageModuleTest - Starting test [updateDirectoryTest_InvalidArgument]
[INFO ] 2016-10-11 14:26:16.389 [main] MailStorageModuleTest - Seeding
[INFO ] 2016-10-11 14:26:17.903 [main] FolderStorageModule - Connected to the database.
[INFO ] 2016-10-11 14:26:20.383 [main] FolderStorageModuleTest - Starting test [createDirectoryTest_DuplicateDir]
[INFO ] 2016-10-11 14:26:20.384 [main] MailStorageModuleTest - Seeding
[INFO ] 2016-10-11 14:26:21.810 [main] FolderStorageModule - Connected to the database.
[INFO ] 2016-10-11 14:26:23.285 [main] FolderStorageModule - Connected to the database.
[ERROR] 2016-10-11 14:26:23.323 [main] FolderStorageModule - Such directory already exists
com.mysql.jdbc.exceptions.jdbc4.MySQLIntegrityConstraintViolationException: Duplicate entry 'new' for key 'name'
	at sun.reflect.NativeConstructorAccessorImpl.newInstance0(Native Method) ~[?:1.8.0_91]
	at sun.reflect.NativeConstructorAccessorImpl.newInstance(NativeConstructorAccessorImpl.java:62) ~[?:1.8.0_91]
	at sun.reflect.DelegatingConstructorAccessorImpl.newInstance(DelegatingConstructorAccessorImpl.java:45) ~[?:1.8.0_91]
	at java.lang.reflect.Constructor.newInstance(Constructor.java:423) ~[?:1.8.0_91]
	at com.mysql.jdbc.Util.handleNewInstance(Util.java:404) ~[mysql-connector-java-5.1.39.jar:5.1.39]
	at com.mysql.jdbc.Util.getInstance(Util.java:387) ~[mysql-connector-java-5.1.39.jar:5.1.39]
	at com.mysql.jdbc.SQLError.createSQLException(SQLError.java:934) ~[mysql-connector-java-5.1.39.jar:5.1.39]
	at com.mysql.jdbc.MysqlIO.checkErrorPacket(MysqlIO.java:3966) ~[mysql-connector-java-5.1.39.jar:5.1.39]
	at com.mysql.jdbc.MysqlIO.checkErrorPacket(MysqlIO.java:3902) ~[mysql-connector-java-5.1.39.jar:5.1.39]
	at com.mysql.jdbc.MysqlIO.sendCommand(MysqlIO.java:2526) ~[mysql-connector-java-5.1.39.jar:5.1.39]
	at com.mysql.jdbc.MysqlIO.sqlQueryDirect(MysqlIO.java:2673) ~[mysql-connector-java-5.1.39.jar:5.1.39]
	at com.mysql.jdbc.ConnectionImpl.execSQL(ConnectionImpl.java:2549) ~[mysql-connector-java-5.1.39.jar:5.1.39]
	at com.mysql.jdbc.PreparedStatement.executeInternal(PreparedStatement.java:1861) ~[mysql-connector-java-5.1.39.jar:5.1.39]
	at com.mysql.jdbc.PreparedStatement.executeUpdateInternal(PreparedStatement.java:2073) ~[mysql-connector-java-5.1.39.jar:5.1.39]
	at com.mysql.jdbc.PreparedStatement.executeUpdateInternal(PreparedStatement.java:2009) ~[mysql-connector-java-5.1.39.jar:5.1.39]
	at com.mysql.jdbc.PreparedStatement.executeLargeUpdate(PreparedStatement.java:5098) ~[mysql-connector-java-5.1.39.jar:5.1.39]
	at com.mysql.jdbc.PreparedStatement.executeUpdate(PreparedStatement.java:1994) ~[mysql-connector-java-5.1.39.jar:5.1.39]
	at ashulzhenko.emailapp.data.FolderStorageModule.createDirectory(FolderStorageModule.java:56) [classes/:?]
	at ashulzhenko.emailapp.data.FolderStorageModuleTest.createDirectoryTest_DuplicateDir(FolderStorageModuleTest.java:55) [test-classes/:?]
	at sun.reflect.NativeMethodAccessorImpl.invoke0(Native Method) ~[?:1.8.0_91]
	at sun.reflect.NativeMethodAccessorImpl.invoke(NativeMethodAccessorImpl.java:62) ~[?:1.8.0_91]
	at sun.reflect.DelegatingMethodAccessorImpl.invoke(DelegatingMethodAccessorImpl.java:43) ~[?:1.8.0_91]
	at java.lang.reflect.Method.invoke(Method.java:498) ~[?:1.8.0_91]
	at org.junit.runners.model.FrameworkMethod$1.runReflectiveCall(FrameworkMethod.java:50) [junit-4.12.jar:4.12]
	at org.junit.internal.runners.model.ReflectiveCallable.run(ReflectiveCallable.java:12) [junit-4.12.jar:4.12]
	at org.junit.runners.model.FrameworkMethod.invokeExplosively(FrameworkMethod.java:47) [junit-4.12.jar:4.12]
	at org.junit.internal.runners.statements.InvokeMethod.evaluate(InvokeMethod.java:17) [junit-4.12.jar:4.12]
	at org.junit.internal.runners.statements.ExpectException.evaluate(ExpectException.java:19) [junit-4.12.jar:4.12]
	at org.junit.internal.runners.statements.RunBefores.evaluate(RunBefores.java:26) [junit-4.12.jar:4.12]
	at org.junit.rules.TestWatcher$1.evaluate(TestWatcher.java:55) [junit-4.12.jar:4.12]
	at org.junit.rules.RunRules.evaluate(RunRules.java:20) [junit-4.12.jar:4.12]
	at org.junit.runners.ParentRunner.runLeaf(ParentRunner.java:325) [junit-4.12.jar:4.12]
	at org.junit.runners.BlockJUnit4ClassRunner.runChild(BlockJUnit4ClassRunner.java:78) [junit-4.12.jar:4.12]
	at org.junit.runners.BlockJUnit4ClassRunner.runChild(BlockJUnit4ClassRunner.java:57) [junit-4.12.jar:4.12]
	at org.junit.runners.ParentRunner$3.run(ParentRunner.java:290) [junit-4.12.jar:4.12]
	at org.junit.runners.ParentRunner$1.schedule(ParentRunner.java:71) [junit-4.12.jar:4.12]
	at org.junit.runners.ParentRunner.runChildren(ParentRunner.java:288) [junit-4.12.jar:4.12]
	at org.junit.runners.ParentRunner.access$000(ParentRunner.java:58) [junit-4.12.jar:4.12]
	at org.junit.runners.ParentRunner$2.evaluate(ParentRunner.java:268) [junit-4.12.jar:4.12]
	at org.junit.runners.ParentRunner.run(ParentRunner.java:363) [junit-4.12.jar:4.12]
	at org.apache.maven.surefire.junit4.JUnit4Provider.execute(JUnit4Provider.java:367) [surefire-junit4-2.19.1.jar:2.19.1]
	at org.apache.maven.surefire.junit4.JUnit4Provider.executeWithRerun(JUnit4Provider.java:274) [surefire-junit4-2.19.1.jar:2.19.1]
	at org.apache.maven.surefire.junit4.JUnit4Provider.executeTestSet(JUnit4Provider.java:238) [surefire-junit4-2.19.1.jar:2.19.1]
	at org.apache.maven.surefire.junit4.JUnit4Provider.invoke(JUnit4Provider.java:161) [surefire-junit4-2.19.1.jar:2.19.1]
	at org.apache.maven.surefire.booter.ForkedBooter.invokeProviderInSameClassLoader(ForkedBooter.java:290) [surefire-booter-2.19.1.jar:2.19.1]
	at org.apache.maven.surefire.booter.ForkedBooter.runSuitesInProcess(ForkedBooter.java:242) [surefire-booter-2.19.1.jar:2.19.1]
	at org.apache.maven.surefire.booter.ForkedBooter.main(ForkedBooter.java:121) [surefire-booter-2.19.1.jar:2.19.1]
[INFO ] 2016-10-11 14:26:23.359 [main] MailStorageModuleTest - Starting test [findEmailByIdTest]
[INFO ] 2016-10-11 14:26:23.360 [main] MailStorageModuleTest - Seeding
[INFO ] 2016-10-11 14:26:24.008 [main] MailStorageModule - Connected to the database.
[INFO ] 2016-10-11 14:26:26.230 [main] MailStorageModule - Connected to the database.
[INFO ] 2016-10-11 14:26:26.611 [main] MailStorageModuleTest - Starting test [findEmailsWithNumberTest]
[INFO ] 2016-10-11 14:26:26.612 [main] MailStorageModuleTest - Seeding
[INFO ] 2016-10-11 14:26:27.928 [main] MailStorageModule - Connected to the database.
[INFO ] 2016-10-11 14:26:30.249 [main] MailStorageModule - Connected to the database.
[INFO ] 2016-10-11 14:26:31.533 [main] MailStorageModuleTest - Starting test [deleteEmailTest]
[INFO ] 2016-10-11 14:26:31.533 [main] MailStorageModuleTest - Seeding
[INFO ] 2016-10-11 14:26:32.276 [main] MailStorageModule - Connected to the database.
[INFO ] 2016-10-11 14:26:34.105 [main] MailStorageModule - Connected to the database.
[INFO ] 2016-10-11 14:26:34.330 [main] MailStorageModule - Connected to the database.
[INFO ] 2016-10-11 14:26:34.362 [main] MailStorageModuleTest - Starting test [findAllInDirectoryTest]
[INFO ] 2016-10-11 14:26:34.363 [main] MailStorageModuleTest - Seeding
[INFO ] 2016-10-11 14:26:34.787 [main] MailStorageModule - Connected to the database.
[INFO ] 2016-10-11 14:26:36.407 [main] MailStorageModule - Connected to the database.
[INFO ] 2016-10-11 14:26:36.903 [main] MailStorageModuleTest - Starting test [findAllInDirectoryTest_DirNotExists]
[INFO ] 2016-10-11 14:26:36.905 [main] MailStorageModuleTest - Seeding
[INFO ] 2016-10-11 14:26:37.514 [main] MailStorageModule - Connected to the database.
[INFO ] 2016-10-11 14:26:38.685 [main] MailStorageModule - Connected to the database.
[INFO ] 2016-10-11 14:26:38.750 [main] MailStorageModuleTest - Starting test [findEmailByIdTest_NotInDb]
[INFO ] 2016-10-11 14:26:38.750 [main] MailStorageModuleTest - Seeding
[INFO ] 2016-10-11 14:26:39.394 [main] MailStorageModule - Connected to the database.
[INFO ] 2016-10-11 14:26:40.620 [main] MailStorageModule - Connected to the database.
[INFO ] 2016-10-11 14:26:40.657 [main] MailStorageModuleTest - Starting test [deleteEmailTest_InvalidArgument]
[INFO ] 2016-10-11 14:26:40.658 [main] MailStorageModuleTest - Seeding
[INFO ] 2016-10-11 14:26:41.441 [main] MailStorageModule - Connected to the database.
[INFO ] 2016-10-11 14:26:42.423 [main] MailStorageModuleTest - Starting test [findAllTest]
[INFO ] 2016-10-11 14:26:42.423 [main] MailStorageModuleTest - Seeding
[INFO ] 2016-10-11 14:26:42.841 [main] MailStorageModule - Connected to the database.
[INFO ] 2016-10-11 14:26:45.596 [main] MailStorageModule - Connected to the database.
[INFO ] 2016-10-11 14:26:46.561 [main] MailStorageModuleTest - Starting test [deleteEmailTest_IdNotExists]
[INFO ] 2016-10-11 14:26:46.561 [main] MailStorageModuleTest - Seeding
[INFO ] 2016-10-11 14:26:46.956 [main] MailStorageModule - Connected to the database.
[INFO ] 2016-10-11 14:26:48.713 [main] MailStorageModule - Connected to the database.
[INFO ] 2016-10-11 14:26:48.743 [main] MailStorageModuleTest - Starting test [saveEmailTest]
[INFO ] 2016-10-11 14:26:48.744 [main] MailStorageModuleTest - Seeding
[INFO ] 2016-10-11 14:26:50.796 [main] MailStorageModule - Connected to the database.
[INFO ] 2016-10-11 14:26:52.805 [main] MailStorageModule - Connected to the database.
[INFO ] 2016-10-11 14:27:01.789 [main] MailStorageModule - Connected to the database.
[INFO ] 2016-10-11 14:27:02.999 [main] MailStorageModuleTest - Starting test [updateEmailDirectoryTest_InvalidArgument]
[INFO ] 2016-10-11 14:27:02.999 [main] MailStorageModuleTest - Seeding
[INFO ] 2016-10-11 14:27:03.367 [main] MailStorageModule - Connected to the database.
[INFO ] 2016-10-11 14:27:04.296 [main] MailStorageModuleTest - Starting test [findEmailByIdTest_InvalidArgument]
[INFO ] 2016-10-11 14:27:04.296 [main] MailStorageModuleTest - Seeding
[INFO ] 2016-10-11 14:27:04.715 [main] MailStorageModule - Connected to the database.
[INFO ] 2016-10-11 14:27:05.671 [main] MailStorageModuleTest - Starting test [saveEmailTest_InvalidArgument]
[INFO ] 2016-10-11 14:27:05.671 [main] MailStorageModuleTest - Seeding
[INFO ] 2016-10-11 14:27:09.061 [main] MailStorageModule - Connected to the database.
[INFO ] 2016-10-11 14:27:09.996 [main] MailStorageModuleTest - Starting test [updateEmailDirectoryTest]
[INFO ] 2016-10-11 14:27:09.997 [main] MailStorageModuleTest - Seeding
[INFO ] 2016-10-11 14:27:10.522 [main] MailStorageModule - Connected to the database.
[INFO ] 2016-10-11 14:27:12.396 [main] MailStorageModule - Connected to the database.
[INFO ] 2016-10-11 14:27:12.803 [main] MailStorageModule - Connected to the database.
[INFO ] 2016-10-11 14:27:13.053 [main] MailStorageModule - Connected to the database.
[INFO ] 2016-10-11 14:27:13.594 [main] MailStorageModuleTest - Starting test [findEmailsWithNumberAndStartTest]
[INFO ] 2016-10-11 14:27:13.594 [main] MailStorageModuleTest - Seeding
[INFO ] 2016-10-11 14:27:14.003 [main] MailStorageModule - Connected to the database.
[INFO ] 2016-10-11 14:27:15.796 [main] MailStorageModule - Connected to the database.
[INFO ] 2016-10-11 14:27:16.155 [main] MailStorageModuleTest - Starting test [updateEmailDirectoryTest_EmailIdNotInDb]
[INFO ] 2016-10-11 14:27:16.158 [main] MailStorageModuleTest - Seeding
[INFO ] 2016-10-11 14:27:16.621 [main] MailStorageModule - Connected to the database.
[INFO ] 2016-10-11 14:27:18.458 [main] MailStorageModule - Connected to the database.
[INFO ] 2016-10-11 14:27:18.517 [main] MailStorageModuleTest - Starting test [findAllInDirectoryTest_InvalidArgument]
[INFO ] 2016-10-11 14:27:18.518 [main] MailStorageModuleTest - Seeding
[INFO ] 2016-10-11 14:27:18.912 [main] MailStorageModule - Connected to the database.
[INFO ] 2016-10-11 14:27:20.287 [main] PropertiesManagerTest - Starting test [testWriteText]
[DEBUG] 2016-10-11 14:27:20.335 [main] MailModuleExceptionsTest - in TestExceptions with no to's addresses
[DEBUG] 2016-10-11 14:27:20.338 [main] MailModuleExceptionsTest - in TestExceptions with null for cc
[DEBUG] 2016-10-11 14:27:20.339 [main] MailModuleExceptionsTest - in TestExceptions with to with invalid email
[DEBUG] 2016-10-11 14:27:20.340 [main] MailModuleExceptionsTest - in TestExceptions with cc with invalid email
[DEBUG] 2016-10-11 14:27:20.341 [main] MailModuleExceptionsTest - in TestExceptions with bcc with invalid email
[DEBUG] 2016-10-11 14:27:20.343 [main] MailModuleExceptionsTest - in TestExceptions with attachment error: file not found
[INFO ] 2016-10-18 20:35:53.094 [main] FolderStorageModuleTest - Starting test [createDirectoryTest]
[INFO ] 2016-10-18 20:35:53.098 [main] MailStorageModuleTest - Seeding
[INFO ] 2016-10-18 20:35:56.041 [main] FolderStorageModule - Connected to the database.
[INFO ] 2016-10-18 20:36:02.705 [main] FolderStorageModule - Connected to the database.
[INFO ] 2016-10-18 20:36:03.557 [main] FolderStorageModule - Connected to the database.
[INFO ] 2016-10-18 20:36:03.664 [main] FolderStorageModuleTest - Starting test [updateDirectoryTest_DuplicateDir]
[INFO ] 2016-10-18 20:36:03.664 [main] MailStorageModuleTest - Seeding
[INFO ] 2016-10-18 20:36:06.009 [main] FolderStorageModule - Connected to the database.
[INFO ] 2016-10-18 20:36:12.809 [main] FolderStorageModule - Connected to the database.
[ERROR] 2016-10-18 20:36:13.444 [main] FolderStorageModule - Such directory already exists
com.mysql.jdbc.exceptions.jdbc4.MySQLIntegrityConstraintViolationException: Duplicate entry 'trash' for key 'name'
	at sun.reflect.NativeConstructorAccessorImpl.newInstance0(Native Method) ~[?:1.8.0_91]
	at sun.reflect.NativeConstructorAccessorImpl.newInstance(NativeConstructorAccessorImpl.java:62) ~[?:1.8.0_91]
	at sun.reflect.DelegatingConstructorAccessorImpl.newInstance(DelegatingConstructorAccessorImpl.java:45) ~[?:1.8.0_91]
	at java.lang.reflect.Constructor.newInstance(Constructor.java:423) ~[?:1.8.0_91]
	at com.mysql.jdbc.Util.handleNewInstance(Util.java:404) ~[mysql-connector-java-5.1.39.jar:5.1.39]
	at com.mysql.jdbc.Util.getInstance(Util.java:387) ~[mysql-connector-java-5.1.39.jar:5.1.39]
	at com.mysql.jdbc.SQLError.createSQLException(SQLError.java:934) ~[mysql-connector-java-5.1.39.jar:5.1.39]
	at com.mysql.jdbc.MysqlIO.checkErrorPacket(MysqlIO.java:3966) ~[mysql-connector-java-5.1.39.jar:5.1.39]
	at com.mysql.jdbc.MysqlIO.checkErrorPacket(MysqlIO.java:3902) ~[mysql-connector-java-5.1.39.jar:5.1.39]
	at com.mysql.jdbc.MysqlIO.sendCommand(MysqlIO.java:2526) ~[mysql-connector-java-5.1.39.jar:5.1.39]
	at com.mysql.jdbc.MysqlIO.sqlQueryDirect(MysqlIO.java:2673) ~[mysql-connector-java-5.1.39.jar:5.1.39]
	at com.mysql.jdbc.ConnectionImpl.execSQL(ConnectionImpl.java:2549) ~[mysql-connector-java-5.1.39.jar:5.1.39]
	at com.mysql.jdbc.PreparedStatement.executeInternal(PreparedStatement.java:1861) ~[mysql-connector-java-5.1.39.jar:5.1.39]
	at com.mysql.jdbc.PreparedStatement.executeUpdateInternal(PreparedStatement.java:2073) ~[mysql-connector-java-5.1.39.jar:5.1.39]
	at com.mysql.jdbc.PreparedStatement.executeUpdateInternal(PreparedStatement.java:2009) ~[mysql-connector-java-5.1.39.jar:5.1.39]
	at com.mysql.jdbc.PreparedStatement.executeLargeUpdate(PreparedStatement.java:5098) ~[mysql-connector-java-5.1.39.jar:5.1.39]
	at com.mysql.jdbc.PreparedStatement.executeUpdate(PreparedStatement.java:1994) ~[mysql-connector-java-5.1.39.jar:5.1.39]
	at ashulzhenko.emailapp.data.FolderStorageModule.updateDirectory(FolderStorageModule.java:146) [classes/:?]
	at ashulzhenko.emailapp.data.FolderStorageModuleTest.updateDirectoryTest_DuplicateDir(FolderStorageModuleTest.java:103) [test-classes/:?]
	at sun.reflect.NativeMethodAccessorImpl.invoke0(Native Method) ~[?:1.8.0_91]
	at sun.reflect.NativeMethodAccessorImpl.invoke(NativeMethodAccessorImpl.java:62) ~[?:1.8.0_91]
	at sun.reflect.DelegatingMethodAccessorImpl.invoke(DelegatingMethodAccessorImpl.java:43) ~[?:1.8.0_91]
	at java.lang.reflect.Method.invoke(Method.java:498) ~[?:1.8.0_91]
	at org.junit.runners.model.FrameworkMethod$1.runReflectiveCall(FrameworkMethod.java:50) [junit-4.12.jar:4.12]
	at org.junit.internal.runners.model.ReflectiveCallable.run(ReflectiveCallable.java:12) [junit-4.12.jar:4.12]
	at org.junit.runners.model.FrameworkMethod.invokeExplosively(FrameworkMethod.java:47) [junit-4.12.jar:4.12]
	at org.junit.internal.runners.statements.InvokeMethod.evaluate(InvokeMethod.java:17) [junit-4.12.jar:4.12]
	at org.junit.internal.runners.statements.ExpectException.evaluate(ExpectException.java:19) [junit-4.12.jar:4.12]
	at org.junit.internal.runners.statements.RunBefores.evaluate(RunBefores.java:26) [junit-4.12.jar:4.12]
	at org.junit.rules.TestWatcher$1.evaluate(TestWatcher.java:55) [junit-4.12.jar:4.12]
	at org.junit.rules.RunRules.evaluate(RunRules.java:20) [junit-4.12.jar:4.12]
	at org.junit.runners.ParentRunner.runLeaf(ParentRunner.java:325) [junit-4.12.jar:4.12]
	at org.junit.runners.BlockJUnit4ClassRunner.runChild(BlockJUnit4ClassRunner.java:78) [junit-4.12.jar:4.12]
	at org.junit.runners.BlockJUnit4ClassRunner.runChild(BlockJUnit4ClassRunner.java:57) [junit-4.12.jar:4.12]
	at org.junit.runners.ParentRunner$3.run(ParentRunner.java:290) [junit-4.12.jar:4.12]
	at org.junit.runners.ParentRunner$1.schedule(ParentRunner.java:71) [junit-4.12.jar:4.12]
	at org.junit.runners.ParentRunner.runChildren(ParentRunner.java:288) [junit-4.12.jar:4.12]
	at org.junit.runners.ParentRunner.access$000(ParentRunner.java:58) [junit-4.12.jar:4.12]
	at org.junit.runners.ParentRunner$2.evaluate(ParentRunner.java:268) [junit-4.12.jar:4.12]
	at org.junit.runners.ParentRunner.run(ParentRunner.java:363) [junit-4.12.jar:4.12]
	at org.apache.maven.surefire.junit4.JUnit4Provider.execute(JUnit4Provider.java:367) [surefire-junit4-2.19.1.jar:2.19.1]
	at org.apache.maven.surefire.junit4.JUnit4Provider.executeWithRerun(JUnit4Provider.java:274) [surefire-junit4-2.19.1.jar:2.19.1]
	at org.apache.maven.surefire.junit4.JUnit4Provider.executeTestSet(JUnit4Provider.java:238) [surefire-junit4-2.19.1.jar:2.19.1]
	at org.apache.maven.surefire.junit4.JUnit4Provider.invoke(JUnit4Provider.java:161) [surefire-junit4-2.19.1.jar:2.19.1]
	at org.apache.maven.surefire.booter.ForkedBooter.invokeProviderInSameClassLoader(ForkedBooter.java:290) [surefire-booter-2.19.1.jar:2.19.1]
	at org.apache.maven.surefire.booter.ForkedBooter.runSuitesInProcess(ForkedBooter.java:242) [surefire-booter-2.19.1.jar:2.19.1]
	at org.apache.maven.surefire.booter.ForkedBooter.main(ForkedBooter.java:121) [surefire-booter-2.19.1.jar:2.19.1]
[INFO ] 2016-10-18 20:36:13.466 [main] FolderStorageModuleTest - Starting test [deleteDirectoryTest_DirNotExists]
[INFO ] 2016-10-18 20:36:13.467 [main] MailStorageModuleTest - Seeding
[INFO ] 2016-10-18 20:36:14.932 [main] FolderStorageModule - Connected to the database.
[INFO ] 2016-10-18 20:36:20.259 [main] FolderStorageModule - Connected to the database.
[INFO ] 2016-10-18 20:36:20.399 [main] FolderStorageModuleTest - Starting test [findAllTest]
[INFO ] 2016-10-18 20:36:20.399 [main] MailStorageModuleTest - Seeding
[INFO ] 2016-10-18 20:36:22.472 [main] FolderStorageModule - Connected to the database.
[INFO ] 2016-10-18 20:36:28.415 [main] FolderStorageModule - Connected to the database.
[INFO ] 2016-10-18 20:36:28.671 [main] FolderStorageModuleTest - Starting test [deleteDirectoryTest_InvalidArgument]
[INFO ] 2016-10-18 20:36:28.673 [main] MailStorageModuleTest - Seeding
[INFO ] 2016-10-18 20:36:30.397 [main] FolderStorageModule - Connected to the database.
[INFO ] 2016-10-18 20:36:35.294 [main] FolderStorageModuleTest - Starting test [deleteDirectoryTest]
[INFO ] 2016-10-18 20:36:35.295 [main] MailStorageModuleTest - Seeding
[INFO ] 2016-10-18 20:36:37.822 [main] FolderStorageModule - Connected to the database.
[INFO ] 2016-10-18 20:36:45.596 [main] FolderStorageModule - Connected to the database.
[INFO ] 2016-10-18 20:36:46.880 [main] FolderStorageModule - Connected to the database.
[INFO ] 2016-10-18 20:36:47.511 [main] FolderStorageModuleTest - Starting test [updateDirectoryTest]
[INFO ] 2016-10-18 20:36:47.512 [main] MailStorageModuleTest - Seeding
[INFO ] 2016-10-18 20:36:49.498 [main] FolderStorageModule - Connected to the database.
[INFO ] 2016-10-18 20:36:54.024 [main] FolderStorageModule - Connected to the database.
[INFO ] 2016-10-18 20:36:55.088 [main] FolderStorageModule - Connected to the database.
[INFO ] 2016-10-18 20:36:55.790 [main] FolderStorageModule - Connected to the database.
[INFO ] 2016-10-18 20:36:55.930 [main] FolderStorageModuleTest - Starting test [createDirectoryTest_InvalidArgument]
[INFO ] 2016-10-18 20:36:55.930 [main] MailStorageModuleTest - Seeding
[INFO ] 2016-10-18 20:36:58.052 [main] FolderStorageModule - Connected to the database.
[INFO ] 2016-10-18 20:37:04.495 [main] FolderStorageModuleTest - Starting test [updateDirectoryTest_InvalidSameValueArgument]
[INFO ] 2016-10-18 20:37:04.496 [main] MailStorageModuleTest - Seeding
[INFO ] 2016-10-18 20:37:07.689 [main] FolderStorageModule - Connected to the database.
[INFO ] 2016-10-18 20:37:13.754 [main] FolderStorageModuleTest - Starting test [updateDirectoryTest_InvalidArgument]
[INFO ] 2016-10-18 20:37:13.755 [main] MailStorageModuleTest - Seeding
[INFO ] 2016-10-18 20:37:15.815 [main] FolderStorageModule - Connected to the database.
[INFO ] 2016-10-18 20:37:19.968 [main] FolderStorageModuleTest - Starting test [createDirectoryTest_DuplicateDir]
[INFO ] 2016-10-18 20:37:19.969 [main] MailStorageModuleTest - Seeding
[INFO ] 2016-10-18 20:37:21.921 [main] FolderStorageModule - Connected to the database.
[INFO ] 2016-10-18 20:37:26.851 [main] FolderStorageModule - Connected to the database.
[ERROR] 2016-10-18 20:37:26.968 [main] FolderStorageModule - Such directory already exists
com.mysql.jdbc.exceptions.jdbc4.MySQLIntegrityConstraintViolationException: Duplicate entry 'new' for key 'name'
	at sun.reflect.NativeConstructorAccessorImpl.newInstance0(Native Method) ~[?:1.8.0_91]
	at sun.reflect.NativeConstructorAccessorImpl.newInstance(NativeConstructorAccessorImpl.java:62) ~[?:1.8.0_91]
	at sun.reflect.DelegatingConstructorAccessorImpl.newInstance(DelegatingConstructorAccessorImpl.java:45) ~[?:1.8.0_91]
	at java.lang.reflect.Constructor.newInstance(Constructor.java:423) ~[?:1.8.0_91]
	at com.mysql.jdbc.Util.handleNewInstance(Util.java:404) ~[mysql-connector-java-5.1.39.jar:5.1.39]
	at com.mysql.jdbc.Util.getInstance(Util.java:387) ~[mysql-connector-java-5.1.39.jar:5.1.39]
	at com.mysql.jdbc.SQLError.createSQLException(SQLError.java:934) ~[mysql-connector-java-5.1.39.jar:5.1.39]
	at com.mysql.jdbc.MysqlIO.checkErrorPacket(MysqlIO.java:3966) ~[mysql-connector-java-5.1.39.jar:5.1.39]
	at com.mysql.jdbc.MysqlIO.checkErrorPacket(MysqlIO.java:3902) ~[mysql-connector-java-5.1.39.jar:5.1.39]
	at com.mysql.jdbc.MysqlIO.sendCommand(MysqlIO.java:2526) ~[mysql-connector-java-5.1.39.jar:5.1.39]
	at com.mysql.jdbc.MysqlIO.sqlQueryDirect(MysqlIO.java:2673) ~[mysql-connector-java-5.1.39.jar:5.1.39]
	at com.mysql.jdbc.ConnectionImpl.execSQL(ConnectionImpl.java:2549) ~[mysql-connector-java-5.1.39.jar:5.1.39]
	at com.mysql.jdbc.PreparedStatement.executeInternal(PreparedStatement.java:1861) ~[mysql-connector-java-5.1.39.jar:5.1.39]
	at com.mysql.jdbc.PreparedStatement.executeUpdateInternal(PreparedStatement.java:2073) ~[mysql-connector-java-5.1.39.jar:5.1.39]
	at com.mysql.jdbc.PreparedStatement.executeUpdateInternal(PreparedStatement.java:2009) ~[mysql-connector-java-5.1.39.jar:5.1.39]
	at com.mysql.jdbc.PreparedStatement.executeLargeUpdate(PreparedStatement.java:5098) ~[mysql-connector-java-5.1.39.jar:5.1.39]
	at com.mysql.jdbc.PreparedStatement.executeUpdate(PreparedStatement.java:1994) ~[mysql-connector-java-5.1.39.jar:5.1.39]
	at ashulzhenko.emailapp.data.FolderStorageModule.createDirectory(FolderStorageModule.java:56) [classes/:?]
	at ashulzhenko.emailapp.data.FolderStorageModuleTest.createDirectoryTest_DuplicateDir(FolderStorageModuleTest.java:55) [test-classes/:?]
	at sun.reflect.NativeMethodAccessorImpl.invoke0(Native Method) ~[?:1.8.0_91]
	at sun.reflect.NativeMethodAccessorImpl.invoke(NativeMethodAccessorImpl.java:62) ~[?:1.8.0_91]
	at sun.reflect.DelegatingMethodAccessorImpl.invoke(DelegatingMethodAccessorImpl.java:43) ~[?:1.8.0_91]
	at java.lang.reflect.Method.invoke(Method.java:498) ~[?:1.8.0_91]
	at org.junit.runners.model.FrameworkMethod$1.runReflectiveCall(FrameworkMethod.java:50) [junit-4.12.jar:4.12]
	at org.junit.internal.runners.model.ReflectiveCallable.run(ReflectiveCallable.java:12) [junit-4.12.jar:4.12]
	at org.junit.runners.model.FrameworkMethod.invokeExplosively(FrameworkMethod.java:47) [junit-4.12.jar:4.12]
	at org.junit.internal.runners.statements.InvokeMethod.evaluate(InvokeMethod.java:17) [junit-4.12.jar:4.12]
	at org.junit.internal.runners.statements.ExpectException.evaluate(ExpectException.java:19) [junit-4.12.jar:4.12]
	at org.junit.internal.runners.statements.RunBefores.evaluate(RunBefores.java:26) [junit-4.12.jar:4.12]
	at org.junit.rules.TestWatcher$1.evaluate(TestWatcher.java:55) [junit-4.12.jar:4.12]
	at org.junit.rules.RunRules.evaluate(RunRules.java:20) [junit-4.12.jar:4.12]
	at org.junit.runners.ParentRunner.runLeaf(ParentRunner.java:325) [junit-4.12.jar:4.12]
	at org.junit.runners.BlockJUnit4ClassRunner.runChild(BlockJUnit4ClassRunner.java:78) [junit-4.12.jar:4.12]
	at org.junit.runners.BlockJUnit4ClassRunner.runChild(BlockJUnit4ClassRunner.java:57) [junit-4.12.jar:4.12]
	at org.junit.runners.ParentRunner$3.run(ParentRunner.java:290) [junit-4.12.jar:4.12]
	at org.junit.runners.ParentRunner$1.schedule(ParentRunner.java:71) [junit-4.12.jar:4.12]
	at org.junit.runners.ParentRunner.runChildren(ParentRunner.java:288) [junit-4.12.jar:4.12]
	at org.junit.runners.ParentRunner.access$000(ParentRunner.java:58) [junit-4.12.jar:4.12]
	at org.junit.runners.ParentRunner$2.evaluate(ParentRunner.java:268) [junit-4.12.jar:4.12]
	at org.junit.runners.ParentRunner.run(ParentRunner.java:363) [junit-4.12.jar:4.12]
	at org.apache.maven.surefire.junit4.JUnit4Provider.execute(JUnit4Provider.java:367) [surefire-junit4-2.19.1.jar:2.19.1]
	at org.apache.maven.surefire.junit4.JUnit4Provider.executeWithRerun(JUnit4Provider.java:274) [surefire-junit4-2.19.1.jar:2.19.1]
	at org.apache.maven.surefire.junit4.JUnit4Provider.executeTestSet(JUnit4Provider.java:238) [surefire-junit4-2.19.1.jar:2.19.1]
	at org.apache.maven.surefire.junit4.JUnit4Provider.invoke(JUnit4Provider.java:161) [surefire-junit4-2.19.1.jar:2.19.1]
	at org.apache.maven.surefire.booter.ForkedBooter.invokeProviderInSameClassLoader(ForkedBooter.java:290) [surefire-booter-2.19.1.jar:2.19.1]
	at org.apache.maven.surefire.booter.ForkedBooter.runSuitesInProcess(ForkedBooter.java:242) [surefire-booter-2.19.1.jar:2.19.1]
	at org.apache.maven.surefire.booter.ForkedBooter.main(ForkedBooter.java:121) [surefire-booter-2.19.1.jar:2.19.1]
[INFO ] 2016-10-18 20:37:26.992 [main] MailStorageModuleTest - Starting test [findEmailByIdTest]
[INFO ] 2016-10-18 20:37:26.993 [main] MailStorageModuleTest - Seeding
[INFO ] 2016-10-18 20:37:28.486 [main] MailStorageModule - Connected to the database.
[INFO ] 2016-10-18 20:37:34.722 [main] MailStorageModule - Connected to the database.
[INFO ] 2016-10-18 20:37:36.245 [main] MailStorageModuleTest - Starting test [findEmailsWithNumberTest]
[INFO ] 2016-10-18 20:37:36.245 [main] MailStorageModuleTest - Seeding
[INFO ] 2016-10-18 20:37:38.812 [main] MailStorageModule - Connected to the database.
[INFO ] 2016-10-18 20:37:44.540 [main] MailStorageModule - Connected to the database.
[INFO ] 2016-10-18 20:37:48.235 [main] MailStorageModuleTest - Starting test [deleteEmailTest]
[INFO ] 2016-10-18 20:37:48.236 [main] MailStorageModuleTest - Seeding
[INFO ] 2016-10-18 20:37:50.439 [main] MailStorageModule - Connected to the database.
[INFO ] 2016-10-18 20:37:56.731 [main] MailStorageModule - Connected to the database.
[INFO ] 2016-10-18 20:37:57.974 [main] MailStorageModule - Connected to the database.
[INFO ] 2016-10-18 20:37:58.100 [main] MailStorageModuleTest - Starting test [findAllInDirectoryTest]
[INFO ] 2016-10-18 20:37:58.100 [main] MailStorageModuleTest - Seeding
[INFO ] 2016-10-18 20:38:00.403 [main] MailStorageModule - Connected to the database.
[INFO ] 2016-10-18 20:38:05.215 [main] MailStorageModule - Connected to the database.
[INFO ] 2016-10-18 20:38:07.872 [main] MailStorageModuleTest - Starting test [findAllInDirectoryTest_DirNotExists]
[INFO ] 2016-10-18 20:38:07.873 [main] MailStorageModuleTest - Seeding
[INFO ] 2016-10-18 20:38:10.542 [main] MailStorageModule - Connected to the database.
[INFO ] 2016-10-18 20:38:16.802 [main] MailStorageModule - Connected to the database.
[INFO ] 2016-10-18 20:38:17.726 [main] MailStorageModuleTest - Starting test [findEmailByIdTest_NotInDb]
[INFO ] 2016-10-18 20:38:17.727 [main] MailStorageModuleTest - Seeding
[INFO ] 2016-10-18 20:38:20.393 [main] MailStorageModule - Connected to the database.
[INFO ] 2016-10-18 20:38:26.058 [main] MailStorageModule - Connected to the database.
[INFO ] 2016-10-18 20:38:26.189 [main] MailStorageModuleTest - Starting test [deleteEmailTest_InvalidArgument]
[INFO ] 2016-10-18 20:38:26.190 [main] MailStorageModuleTest - Seeding
[INFO ] 2016-10-18 20:38:28.087 [main] MailStorageModule - Connected to the database.
[INFO ] 2016-10-18 20:38:33.321 [main] MailStorageModuleTest - Starting test [findAllTest]
[INFO ] 2016-10-18 20:38:33.321 [main] MailStorageModuleTest - Seeding
[INFO ] 2016-10-18 20:38:34.768 [main] MailStorageModule - Connected to the database.
[INFO ] 2016-10-18 20:38:40.388 [main] MailStorageModule - Connected to the database.
[INFO ] 2016-10-18 20:38:45.246 [main] MailStorageModuleTest - Starting test [deleteEmailTest_IdNotExists]
[INFO ] 2016-10-18 20:38:45.246 [main] MailStorageModuleTest - Seeding
[INFO ] 2016-10-18 20:38:46.114 [main] MailStorageModule - Connected to the database.
[INFO ] 2016-10-18 20:38:50.640 [main] MailStorageModule - Connected to the database.
[INFO ] 2016-10-18 20:38:50.739 [main] MailStorageModuleTest - Starting test [saveEmailTest]
[INFO ] 2016-10-18 20:38:50.739 [main] MailStorageModuleTest - Seeding
[INFO ] 2016-10-18 20:38:52.424 [main] MailStorageModule - Connected to the database.
[INFO ] 2016-10-18 20:39:00.331 [main] MailStorageModule - Connected to the database.
[INFO ] 2016-10-18 20:39:10.807 [main] MailStorageModule - Connected to the database.
[INFO ] 2016-10-18 20:39:13.843 [main] MailStorageModuleTest - Starting test [updateEmailDirectoryTest_InvalidArgument]
[INFO ] 2016-10-18 20:39:13.844 [main] MailStorageModuleTest - Seeding
[INFO ] 2016-10-18 20:39:15.144 [main] MailStorageModule - Connected to the database.
[INFO ] 2016-10-18 20:39:17.933 [main] MailStorageModuleTest - Starting test [findEmailByIdTest_InvalidArgument]
[INFO ] 2016-10-18 20:39:17.934 [main] MailStorageModuleTest - Seeding
[INFO ] 2016-10-18 20:39:18.337 [main] MailStorageModule - Connected to the database.
[INFO ] 2016-10-18 20:39:19.306 [main] MailStorageModuleTest - Starting test [saveEmailTest_InvalidArgument]
[INFO ] 2016-10-18 20:39:19.307 [main] MailStorageModuleTest - Seeding
[INFO ] 2016-10-18 20:39:19.717 [main] MailStorageModule - Connected to the database.
[INFO ] 2016-10-18 20:39:20.905 [main] MailStorageModuleTest - Starting test [updateEmailDirectoryTest]
[INFO ] 2016-10-18 20:39:20.905 [main] MailStorageModuleTest - Seeding
[INFO ] 2016-10-18 20:39:21.358 [main] MailStorageModule - Connected to the database.
[INFO ] 2016-10-18 20:39:22.504 [main] MailStorageModule - Connected to the database.
[INFO ] 2016-10-18 20:39:23.266 [main] MailStorageModule - Connected to the database.
[INFO ] 2016-10-18 20:39:23.527 [main] MailStorageModule - Connected to the database.
[INFO ] 2016-10-18 20:39:23.715 [main] MailStorageModuleTest - Starting test [findEmailsWithNumberAndStartTest]
[INFO ] 2016-10-18 20:39:23.716 [main] MailStorageModuleTest - Seeding
[INFO ] 2016-10-18 20:39:24.089 [main] MailStorageModule - Connected to the database.
[INFO ] 2016-10-18 20:39:25.358 [main] MailStorageModule - Connected to the database.
[INFO ] 2016-10-18 20:39:25.685 [main] MailStorageModuleTest - Starting test [updateEmailDirectoryTest_EmailIdNotInDb]
[INFO ] 2016-10-18 20:39:25.688 [main] MailStorageModuleTest - Seeding
[INFO ] 2016-10-18 20:39:26.062 [main] MailStorageModule - Connected to the database.
[INFO ] 2016-10-18 20:39:28.018 [main] MailStorageModule - Connected to the database.
[INFO ] 2016-10-18 20:39:28.072 [main] MailStorageModuleTest - Starting test [findAllInDirectoryTest_InvalidArgument]
[INFO ] 2016-10-18 20:39:28.072 [main] MailStorageModuleTest - Seeding
[INFO ] 2016-10-18 20:39:28.443 [main] MailStorageModule - Connected to the database.
[INFO ] 2016-10-18 20:39:29.737 [main] PropertiesManagerTest - Starting test [testWriteText]
[DEBUG] 2016-10-18 20:40:16.272 [main] MailModuleTest - in TestSentAndReceivedMessages with plain email 1 attach
[DEBUG] 2016-10-18 20:40:41.678 [main] MailModuleTest - in TestSentAndReceivedMessages with html email 1 embed attach
[DEBUG] 2016-10-18 20:42:12.878 [main] MailModuleTest - in TestSentAndReceivedMessages with html email 1 invalid cid embed attach (becomes usual attach)
[DEBUG] 2016-10-18 20:42:26.630 [main] MailModuleExceptionsTest - in TestExceptions with no to's addresses
[DEBUG] 2016-10-18 20:42:26.631 [main] MailModuleExceptionsTest - in TestExceptions with null for cc
[DEBUG] 2016-10-18 20:42:26.632 [main] MailModuleExceptionsTest - in TestExceptions with to with invalid email
[DEBUG] 2016-10-18 20:42:26.633 [main] MailModuleExceptionsTest - in TestExceptions with cc with invalid email
[DEBUG] 2016-10-18 20:42:26.633 [main] MailModuleExceptionsTest - in TestExceptions with bcc with invalid email
[DEBUG] 2016-10-18 20:42:26.634 [main] MailModuleExceptionsTest - in TestExceptions with attachment error: file not found
[INFO ] 2016-10-18 20:47:43.709 [main] PropertiesManagerTest - Starting test [testWriteText]
[ERROR] 2016-10-18 20:47:45.839 [main] MailModuleTest - Threaded sleep failed
java.lang.NullPointerException
	at ashulzhenko.emailapp.mail.MailModule.addEmbed(MailModule.java:221) ~[classes/:?]
	at ashulzhenko.emailapp.mail.MailModule.sendEmail(MailModule.java:131) ~[classes/:?]
	at ashulzhenko.emailapp.mail.MailModule.sendEmail(MailModule.java:186) ~[classes/:?]
	at ashulzhenko.emailapp.mail.MailModuleTest.init(MailModuleTest.java:114) [test-classes/:?]
	at sun.reflect.NativeMethodAccessorImpl.invoke0(Native Method) ~[?:1.8.0_91]
	at sun.reflect.NativeMethodAccessorImpl.invoke(NativeMethodAccessorImpl.java:62) ~[?:1.8.0_91]
	at sun.reflect.DelegatingMethodAccessorImpl.invoke(DelegatingMethodAccessorImpl.java:43) ~[?:1.8.0_91]
	at java.lang.reflect.Method.invoke(Method.java:498) ~[?:1.8.0_91]
	at org.junit.runners.model.FrameworkMethod$1.runReflectiveCall(FrameworkMethod.java:50) [junit-4.12.jar:4.12]
	at org.junit.internal.runners.model.ReflectiveCallable.run(ReflectiveCallable.java:12) [junit-4.12.jar:4.12]
	at org.junit.runners.model.FrameworkMethod.invokeExplosively(FrameworkMethod.java:47) [junit-4.12.jar:4.12]
	at org.junit.internal.runners.statements.RunBefores.evaluate(RunBefores.java:24) [junit-4.12.jar:4.12]
	at org.junit.runners.ParentRunner.runLeaf(ParentRunner.java:325) [junit-4.12.jar:4.12]
	at org.junit.runners.BlockJUnit4ClassRunner.runChild(BlockJUnit4ClassRunner.java:78) [junit-4.12.jar:4.12]
	at org.junit.runners.BlockJUnit4ClassRunner.runChild(BlockJUnit4ClassRunner.java:57) [junit-4.12.jar:4.12]
	at org.junit.runners.ParentRunner$3.run(ParentRunner.java:290) [junit-4.12.jar:4.12]
	at org.junit.runners.ParentRunner$1.schedule(ParentRunner.java:71) [junit-4.12.jar:4.12]
	at org.junit.runners.ParentRunner.runChildren(ParentRunner.java:288) [junit-4.12.jar:4.12]
	at org.junit.runners.ParentRunner.access$000(ParentRunner.java:58) [junit-4.12.jar:4.12]
	at org.junit.runners.ParentRunner$2.evaluate(ParentRunner.java:268) [junit-4.12.jar:4.12]
	at org.junit.runners.ParentRunner.run(ParentRunner.java:363) [junit-4.12.jar:4.12]
	at org.junit.runners.Suite.runChild(Suite.java:128) [junit-4.12.jar:4.12]
	at org.junit.runners.Suite.runChild(Suite.java:27) [junit-4.12.jar:4.12]
	at org.junit.runners.ParentRunner$3.run(ParentRunner.java:290) [junit-4.12.jar:4.12]
	at org.junit.runners.ParentRunner$1.schedule(ParentRunner.java:71) [junit-4.12.jar:4.12]
	at org.junit.runners.ParentRunner.runChildren(ParentRunner.java:288) [junit-4.12.jar:4.12]
	at org.junit.runners.ParentRunner.access$000(ParentRunner.java:58) [junit-4.12.jar:4.12]
	at org.junit.runners.ParentRunner$2.evaluate(ParentRunner.java:268) [junit-4.12.jar:4.12]
	at org.junit.runners.ParentRunner.run(ParentRunner.java:363) [junit-4.12.jar:4.12]
	at org.apache.maven.surefire.junit4.JUnit4Provider.execute(JUnit4Provider.java:367) [surefire-junit4-2.19.1.jar:2.19.1]
	at org.apache.maven.surefire.junit4.JUnit4Provider.executeWithRerun(JUnit4Provider.java:274) [surefire-junit4-2.19.1.jar:2.19.1]
	at org.apache.maven.surefire.junit4.JUnit4Provider.executeTestSet(JUnit4Provider.java:238) [surefire-junit4-2.19.1.jar:2.19.1]
	at org.apache.maven.surefire.junit4.JUnit4Provider.invoke(JUnit4Provider.java:161) [surefire-junit4-2.19.1.jar:2.19.1]
	at org.apache.maven.surefire.booter.ForkedBooter.invokeProviderInSameClassLoader(ForkedBooter.java:290) [surefire-booter-2.19.1.jar:2.19.1]
	at org.apache.maven.surefire.booter.ForkedBooter.runSuitesInProcess(ForkedBooter.java:242) [surefire-booter-2.19.1.jar:2.19.1]
	at org.apache.maven.surefire.booter.ForkedBooter.main(ForkedBooter.java:121) [surefire-booter-2.19.1.jar:2.19.1]
[INFO ] 2016-10-18 20:51:10.363 [main] PropertiesManagerTest - Starting test [testWriteText]
[DEBUG] 2016-10-18 20:51:22.336 [main] MailModuleTest - in TestSentAndReceivedMessages with plain email 1 receiver
[DEBUG] 2016-10-18 20:51:42.758 [main] MailModuleTest - in TestSentAndReceivedMessages with plain email 2 receivers
[DEBUG] 2016-10-18 20:52:08.194 [main] MailModuleTest - in TestSentAndReceivedMessages with plain email 1 receiver 1 cc
[DEBUG] 2016-10-18 20:53:06.371 [main] MailModuleTest - in TestSentAndReceivedMessages with plain email 1 receiver 2 cc
[DEBUG] 2016-10-18 20:53:30.559 [main] MailModuleTest - in TestSentAndReceivedMessages with plain email 1 receiver 1 bcc
[DEBUG] 2016-10-18 20:53:51.714 [main] MailModuleTest - in TestSentAndReceivedMessages with plain email 1 receiver 2 bcc
[DEBUG] 2016-10-18 20:54:14.477 [main] MailModuleTest - in TestSentAndReceivedMessages with plain email 1 attach
[DEBUG] 2016-10-18 20:54:38.508 [main] MailModuleTest - in TestSentAndReceivedMessages with html email 1 embed attach
[DEBUG] 2016-10-18 20:56:04.700 [main] MailModuleTest - in TestSentAndReceivedMessages with html email 1 invalid cid embed attach (becomes usual attach)
[DEBUG] 2016-10-18 20:56:18.420 [main] MailModuleExceptionsTest - in TestExceptions with no to's addresses
[DEBUG] 2016-10-18 20:56:18.422 [main] MailModuleExceptionsTest - in TestExceptions with null for cc
[DEBUG] 2016-10-18 20:56:18.424 [main] MailModuleExceptionsTest - in TestExceptions with to with invalid email
[DEBUG] 2016-10-18 20:56:18.427 [main] MailModuleExceptionsTest - in TestExceptions with cc with invalid email
[DEBUG] 2016-10-18 20:56:18.431 [main] MailModuleExceptionsTest - in TestExceptions with bcc with invalid email
[DEBUG] 2016-10-18 20:56:18.434 [main] MailModuleExceptionsTest - in TestExceptions with attachment error: file not found
[INFO ] 2016-10-18 20:58:18.203 [main] PropertiesManagerTest - Starting test [testWriteText]
[DEBUG] 2016-10-18 20:58:33.927 [main] MailModuleTest - in TestSentAndReceivedMessages with plain email 1 receiver
[DEBUG] 2016-10-18 20:58:53.954 [main] MailModuleTest - in TestSentAndReceivedMessages with plain email 2 receivers
[DEBUG] 2016-10-18 20:59:18.181 [main] MailModuleTest - in TestSentAndReceivedMessages with plain email 1 receiver 1 cc
[DEBUG] 2016-10-18 20:59:36.918 [main] MailModuleTest - in TestSentAndReceivedMessages with plain email 1 receiver 2 cc
[DEBUG] 2016-10-18 20:59:58.439 [main] MailModuleTest - in TestSentAndReceivedMessages with plain email 1 receiver 1 bcc
[DEBUG] 2016-10-18 21:00:19.744 [main] MailModuleTest - in TestSentAndReceivedMessages with plain email 1 receiver 2 bcc
[DEBUG] 2016-10-18 21:00:41.573 [main] MailModuleTest - in TestSentAndReceivedMessages with plain email 1 attach
[DEBUG] 2016-10-18 21:01:08.237 [main] MailModuleTest - in TestSentAndReceivedMessages with html email 1 embed attach
[DEBUG] 2016-10-18 21:02:41.601 [main] MailModuleTest - in TestSentAndReceivedMessages with html email 1 invalid cid embed attach (becomes usual attach)
[DEBUG] 2016-10-18 21:02:53.265 [main] MailModuleExceptionsTest - in TestExceptions with no to's addresses
[DEBUG] 2016-10-18 21:02:53.267 [main] MailModuleExceptionsTest - in TestExceptions with null for cc
[DEBUG] 2016-10-18 21:02:53.269 [main] MailModuleExceptionsTest - in TestExceptions with to with invalid email
[DEBUG] 2016-10-18 21:02:53.272 [main] MailModuleExceptionsTest - in TestExceptions with cc with invalid email
[DEBUG] 2016-10-18 21:02:53.275 [main] MailModuleExceptionsTest - in TestExceptions with bcc with invalid email
[DEBUG] 2016-10-18 21:02:53.277 [main] MailModuleExceptionsTest - in TestExceptions with attachment error: file not found
[INFO ] 2016-10-18 21:04:59.109 [main] PropertiesManagerTest - Starting test [testWriteText]
[DEBUG] 2016-10-18 21:05:21.425 [main] MailModuleTest - in TestSentAndReceivedMessages with plain email 1 receiver
[DEBUG] 2016-10-18 21:05:53.034 [main] MailModuleTest - in TestSentAndReceivedMessages with plain email 2 receivers
[DEBUG] 2016-10-18 21:06:24.875 [main] MailModuleTest - in TestSentAndReceivedMessages with plain email 1 receiver 1 cc
[DEBUG] 2016-10-18 21:06:59.794 [main] MailModuleTest - in TestSentAndReceivedMessages with plain email 1 receiver 2 cc
[DEBUG] 2016-10-18 21:07:33.041 [main] MailModuleTest - in TestSentAndReceivedMessages with plain email 1 receiver 1 bcc
[DEBUG] 2016-10-18 21:08:07.592 [main] MailModuleTest - in TestSentAndReceivedMessages with plain email 1 receiver 2 bcc
[DEBUG] 2016-10-18 21:08:51.722 [main] MailModuleTest - in TestSentAndReceivedMessages with plain email 1 attach
[DEBUG] 2016-10-18 21:09:37.154 [main] MailModuleTest - in TestSentAndReceivedMessages with html email 1 embed attach
[DEBUG] 2016-10-18 21:11:35.920 [main] MailModuleTest - in TestSentAndReceivedMessages with html email 1 invalid cid embed attach (becomes usual attach)
[DEBUG] 2016-10-18 21:11:54.314 [main] MailModuleExceptionsTest - in TestExceptions with no to's addresses
[DEBUG] 2016-10-18 21:11:54.315 [main] MailModuleExceptionsTest - in TestExceptions with null for cc
[DEBUG] 2016-10-18 21:11:54.317 [main] MailModuleExceptionsTest - in TestExceptions with to with invalid email
[DEBUG] 2016-10-18 21:11:54.318 [main] MailModuleExceptionsTest - in TestExceptions with cc with invalid email
[DEBUG] 2016-10-18 21:11:54.319 [main] MailModuleExceptionsTest - in TestExceptions with bcc with invalid email
[DEBUG] 2016-10-18 21:11:54.321 [main] MailModuleExceptionsTest - in TestExceptions with attachment error: file not found
[INFO ] 2016-10-18 21:17:26.227 [main] PropertiesManagerTest - Starting test [testWriteText]
[ERROR] 2016-10-18 21:17:26.290 [main] MailModule - Error with the attachments
java.lang.NullPointerException
	at ashulzhenko.emailapp.mail.MailModule.addAttachments(MailModule.java:210) ~[classes/:?]
	at ashulzhenko.emailapp.mail.MailModule.sendEmail(MailModule.java:180) [classes/:?]
	at ashulzhenko.emailapp.mail.MailModuleTest.init(MailModuleTest.java:114) [test-classes/:?]
	at sun.reflect.NativeMethodAccessorImpl.invoke0(Native Method) ~[?:1.8.0_91]
	at sun.reflect.NativeMethodAccessorImpl.invoke(NativeMethodAccessorImpl.java:62) ~[?:1.8.0_91]
	at sun.reflect.DelegatingMethodAccessorImpl.invoke(DelegatingMethodAccessorImpl.java:43) ~[?:1.8.0_91]
	at java.lang.reflect.Method.invoke(Method.java:498) ~[?:1.8.0_91]
	at org.junit.runners.model.FrameworkMethod$1.runReflectiveCall(FrameworkMethod.java:50) [junit-4.12.jar:4.12]
	at org.junit.internal.runners.model.ReflectiveCallable.run(ReflectiveCallable.java:12) [junit-4.12.jar:4.12]
	at org.junit.runners.model.FrameworkMethod.invokeExplosively(FrameworkMethod.java:47) [junit-4.12.jar:4.12]
	at org.junit.internal.runners.statements.RunBefores.evaluate(RunBefores.java:24) [junit-4.12.jar:4.12]
	at org.junit.runners.ParentRunner.runLeaf(ParentRunner.java:325) [junit-4.12.jar:4.12]
	at org.junit.runners.BlockJUnit4ClassRunner.runChild(BlockJUnit4ClassRunner.java:78) [junit-4.12.jar:4.12]
	at org.junit.runners.BlockJUnit4ClassRunner.runChild(BlockJUnit4ClassRunner.java:57) [junit-4.12.jar:4.12]
	at org.junit.runners.ParentRunner$3.run(ParentRunner.java:290) [junit-4.12.jar:4.12]
	at org.junit.runners.ParentRunner$1.schedule(ParentRunner.java:71) [junit-4.12.jar:4.12]
	at org.junit.runners.ParentRunner.runChildren(ParentRunner.java:288) [junit-4.12.jar:4.12]
	at org.junit.runners.ParentRunner.access$000(ParentRunner.java:58) [junit-4.12.jar:4.12]
	at org.junit.runners.ParentRunner$2.evaluate(ParentRunner.java:268) [junit-4.12.jar:4.12]
	at org.junit.runners.ParentRunner.run(ParentRunner.java:363) [junit-4.12.jar:4.12]
	at org.junit.runners.Suite.runChild(Suite.java:128) [junit-4.12.jar:4.12]
	at org.junit.runners.Suite.runChild(Suite.java:27) [junit-4.12.jar:4.12]
	at org.junit.runners.ParentRunner$3.run(ParentRunner.java:290) [junit-4.12.jar:4.12]
	at org.junit.runners.ParentRunner$1.schedule(ParentRunner.java:71) [junit-4.12.jar:4.12]
	at org.junit.runners.ParentRunner.runChildren(ParentRunner.java:288) [junit-4.12.jar:4.12]
	at org.junit.runners.ParentRunner.access$000(ParentRunner.java:58) [junit-4.12.jar:4.12]
	at org.junit.runners.ParentRunner$2.evaluate(ParentRunner.java:268) [junit-4.12.jar:4.12]
	at org.junit.runners.ParentRunner.run(ParentRunner.java:363) [junit-4.12.jar:4.12]
	at org.apache.maven.surefire.junit4.JUnit4Provider.execute(JUnit4Provider.java:367) [surefire-junit4-2.19.1.jar:2.19.1]
	at org.apache.maven.surefire.junit4.JUnit4Provider.executeWithRerun(JUnit4Provider.java:274) [surefire-junit4-2.19.1.jar:2.19.1]
	at org.apache.maven.surefire.junit4.JUnit4Provider.executeTestSet(JUnit4Provider.java:238) [surefire-junit4-2.19.1.jar:2.19.1]
	at org.apache.maven.surefire.junit4.JUnit4Provider.invoke(JUnit4Provider.java:161) [surefire-junit4-2.19.1.jar:2.19.1]
	at org.apache.maven.surefire.booter.ForkedBooter.invokeProviderInSameClassLoader(ForkedBooter.java:290) [surefire-booter-2.19.1.jar:2.19.1]
	at org.apache.maven.surefire.booter.ForkedBooter.runSuitesInProcess(ForkedBooter.java:242) [surefire-booter-2.19.1.jar:2.19.1]
	at org.apache.maven.surefire.booter.ForkedBooter.main(ForkedBooter.java:121) [surefire-booter-2.19.1.jar:2.19.1]
[ERROR] 2016-10-18 21:17:26.304 [main] MailModule - Error with the attachments
java.lang.NullPointerException
	at ashulzhenko.emailapp.mail.MailModule.addAttachments(MailModule.java:210) ~[classes/:?]
	at ashulzhenko.emailapp.mail.MailModule.sendEmail(MailModule.java:180) [classes/:?]
	at ashulzhenko.emailapp.mail.MailModuleTest.init(MailModuleTest.java:114) [test-classes/:?]
	at sun.reflect.NativeMethodAccessorImpl.invoke0(Native Method) ~[?:1.8.0_91]
	at sun.reflect.NativeMethodAccessorImpl.invoke(NativeMethodAccessorImpl.java:62) ~[?:1.8.0_91]
	at sun.reflect.DelegatingMethodAccessorImpl.invoke(DelegatingMethodAccessorImpl.java:43) ~[?:1.8.0_91]
	at java.lang.reflect.Method.invoke(Method.java:498) ~[?:1.8.0_91]
	at org.junit.runners.model.FrameworkMethod$1.runReflectiveCall(FrameworkMethod.java:50) [junit-4.12.jar:4.12]
	at org.junit.internal.runners.model.ReflectiveCallable.run(ReflectiveCallable.java:12) [junit-4.12.jar:4.12]
	at org.junit.runners.model.FrameworkMethod.invokeExplosively(FrameworkMethod.java:47) [junit-4.12.jar:4.12]
	at org.junit.internal.runners.statements.RunBefores.evaluate(RunBefores.java:24) [junit-4.12.jar:4.12]
	at org.junit.runners.ParentRunner.runLeaf(ParentRunner.java:325) [junit-4.12.jar:4.12]
	at org.junit.runners.BlockJUnit4ClassRunner.runChild(BlockJUnit4ClassRunner.java:78) [junit-4.12.jar:4.12]
	at org.junit.runners.BlockJUnit4ClassRunner.runChild(BlockJUnit4ClassRunner.java:57) [junit-4.12.jar:4.12]
	at org.junit.runners.ParentRunner$3.run(ParentRunner.java:290) [junit-4.12.jar:4.12]
	at org.junit.runners.ParentRunner$1.schedule(ParentRunner.java:71) [junit-4.12.jar:4.12]
	at org.junit.runners.ParentRunner.runChildren(ParentRunner.java:288) [junit-4.12.jar:4.12]
	at org.junit.runners.ParentRunner.access$000(ParentRunner.java:58) [junit-4.12.jar:4.12]
	at org.junit.runners.ParentRunner$2.evaluate(ParentRunner.java:268) [junit-4.12.jar:4.12]
	at org.junit.runners.ParentRunner.run(ParentRunner.java:363) [junit-4.12.jar:4.12]
	at org.junit.runners.Suite.runChild(Suite.java:128) [junit-4.12.jar:4.12]
	at org.junit.runners.Suite.runChild(Suite.java:27) [junit-4.12.jar:4.12]
	at org.junit.runners.ParentRunner$3.run(ParentRunner.java:290) [junit-4.12.jar:4.12]
	at org.junit.runners.ParentRunner$1.schedule(ParentRunner.java:71) [junit-4.12.jar:4.12]
	at org.junit.runners.ParentRunner.runChildren(ParentRunner.java:288) [junit-4.12.jar:4.12]
	at org.junit.runners.ParentRunner.access$000(ParentRunner.java:58) [junit-4.12.jar:4.12]
	at org.junit.runners.ParentRunner$2.evaluate(ParentRunner.java:268) [junit-4.12.jar:4.12]
	at org.junit.runners.ParentRunner.run(ParentRunner.java:363) [junit-4.12.jar:4.12]
	at org.apache.maven.surefire.junit4.JUnit4Provider.execute(JUnit4Provider.java:367) [surefire-junit4-2.19.1.jar:2.19.1]
	at org.apache.maven.surefire.junit4.JUnit4Provider.executeWithRerun(JUnit4Provider.java:274) [surefire-junit4-2.19.1.jar:2.19.1]
	at org.apache.maven.surefire.junit4.JUnit4Provider.executeTestSet(JUnit4Provider.java:238) [surefire-junit4-2.19.1.jar:2.19.1]
	at org.apache.maven.surefire.junit4.JUnit4Provider.invoke(JUnit4Provider.java:161) [surefire-junit4-2.19.1.jar:2.19.1]
	at org.apache.maven.surefire.booter.ForkedBooter.invokeProviderInSameClassLoader(ForkedBooter.java:290) [surefire-booter-2.19.1.jar:2.19.1]
	at org.apache.maven.surefire.booter.ForkedBooter.runSuitesInProcess(ForkedBooter.java:242) [surefire-booter-2.19.1.jar:2.19.1]
	at org.apache.maven.surefire.booter.ForkedBooter.main(ForkedBooter.java:121) [surefire-booter-2.19.1.jar:2.19.1]
[ERROR] 2016-10-18 21:17:26.308 [main] MailModule - Error with the attachments
java.lang.NullPointerException
	at ashulzhenko.emailapp.mail.MailModule.addAttachments(MailModule.java:210) ~[classes/:?]
	at ashulzhenko.emailapp.mail.MailModule.sendEmail(MailModule.java:180) [classes/:?]
	at ashulzhenko.emailapp.mail.MailModuleTest.init(MailModuleTest.java:114) [test-classes/:?]
	at sun.reflect.NativeMethodAccessorImpl.invoke0(Native Method) ~[?:1.8.0_91]
	at sun.reflect.NativeMethodAccessorImpl.invoke(NativeMethodAccessorImpl.java:62) ~[?:1.8.0_91]
	at sun.reflect.DelegatingMethodAccessorImpl.invoke(DelegatingMethodAccessorImpl.java:43) ~[?:1.8.0_91]
	at java.lang.reflect.Method.invoke(Method.java:498) ~[?:1.8.0_91]
	at org.junit.runners.model.FrameworkMethod$1.runReflectiveCall(FrameworkMethod.java:50) [junit-4.12.jar:4.12]
	at org.junit.internal.runners.model.ReflectiveCallable.run(ReflectiveCallable.java:12) [junit-4.12.jar:4.12]
	at org.junit.runners.model.FrameworkMethod.invokeExplosively(FrameworkMethod.java:47) [junit-4.12.jar:4.12]
	at org.junit.internal.runners.statements.RunBefores.evaluate(RunBefores.java:24) [junit-4.12.jar:4.12]
	at org.junit.runners.ParentRunner.runLeaf(ParentRunner.java:325) [junit-4.12.jar:4.12]
	at org.junit.runners.BlockJUnit4ClassRunner.runChild(BlockJUnit4ClassRunner.java:78) [junit-4.12.jar:4.12]
	at org.junit.runners.BlockJUnit4ClassRunner.runChild(BlockJUnit4ClassRunner.java:57) [junit-4.12.jar:4.12]
	at org.junit.runners.ParentRunner$3.run(ParentRunner.java:290) [junit-4.12.jar:4.12]
	at org.junit.runners.ParentRunner$1.schedule(ParentRunner.java:71) [junit-4.12.jar:4.12]
	at org.junit.runners.ParentRunner.runChildren(ParentRunner.java:288) [junit-4.12.jar:4.12]
	at org.junit.runners.ParentRunner.access$000(ParentRunner.java:58) [junit-4.12.jar:4.12]
	at org.junit.runners.ParentRunner$2.evaluate(ParentRunner.java:268) [junit-4.12.jar:4.12]
	at org.junit.runners.ParentRunner.run(ParentRunner.java:363) [junit-4.12.jar:4.12]
	at org.junit.runners.Suite.runChild(Suite.java:128) [junit-4.12.jar:4.12]
	at org.junit.runners.Suite.runChild(Suite.java:27) [junit-4.12.jar:4.12]
	at org.junit.runners.ParentRunner$3.run(ParentRunner.java:290) [junit-4.12.jar:4.12]
	at org.junit.runners.ParentRunner$1.schedule(ParentRunner.java:71) [junit-4.12.jar:4.12]
	at org.junit.runners.ParentRunner.runChildren(ParentRunner.java:288) [junit-4.12.jar:4.12]
	at org.junit.runners.ParentRunner.access$000(ParentRunner.java:58) [junit-4.12.jar:4.12]
	at org.junit.runners.ParentRunner$2.evaluate(ParentRunner.java:268) [junit-4.12.jar:4.12]
	at org.junit.runners.ParentRunner.run(ParentRunner.java:363) [junit-4.12.jar:4.12]
	at org.apache.maven.surefire.junit4.JUnit4Provider.execute(JUnit4Provider.java:367) [surefire-junit4-2.19.1.jar:2.19.1]
	at org.apache.maven.surefire.junit4.JUnit4Provider.executeWithRerun(JUnit4Provider.java:274) [surefire-junit4-2.19.1.jar:2.19.1]
	at org.apache.maven.surefire.junit4.JUnit4Provider.executeTestSet(JUnit4Provider.java:238) [surefire-junit4-2.19.1.jar:2.19.1]
	at org.apache.maven.surefire.junit4.JUnit4Provider.invoke(JUnit4Provider.java:161) [surefire-junit4-2.19.1.jar:2.19.1]
	at org.apache.maven.surefire.booter.ForkedBooter.invokeProviderInSameClassLoader(ForkedBooter.java:290) [surefire-booter-2.19.1.jar:2.19.1]
	at org.apache.maven.surefire.booter.ForkedBooter.runSuitesInProcess(ForkedBooter.java:242) [surefire-booter-2.19.1.jar:2.19.1]
	at org.apache.maven.surefire.booter.ForkedBooter.main(ForkedBooter.java:121) [surefire-booter-2.19.1.jar:2.19.1]
[ERROR] 2016-10-18 21:17:26.312 [main] MailModule - Error with the attachments
java.lang.NullPointerException
	at ashulzhenko.emailapp.mail.MailModule.addAttachments(MailModule.java:210) ~[classes/:?]
	at ashulzhenko.emailapp.mail.MailModule.sendEmail(MailModule.java:180) [classes/:?]
	at ashulzhenko.emailapp.mail.MailModuleTest.init(MailModuleTest.java:114) [test-classes/:?]
	at sun.reflect.NativeMethodAccessorImpl.invoke0(Native Method) ~[?:1.8.0_91]
	at sun.reflect.NativeMethodAccessorImpl.invoke(NativeMethodAccessorImpl.java:62) ~[?:1.8.0_91]
	at sun.reflect.DelegatingMethodAccessorImpl.invoke(DelegatingMethodAccessorImpl.java:43) ~[?:1.8.0_91]
	at java.lang.reflect.Method.invoke(Method.java:498) ~[?:1.8.0_91]
	at org.junit.runners.model.FrameworkMethod$1.runReflectiveCall(FrameworkMethod.java:50) [junit-4.12.jar:4.12]
	at org.junit.internal.runners.model.ReflectiveCallable.run(ReflectiveCallable.java:12) [junit-4.12.jar:4.12]
	at org.junit.runners.model.FrameworkMethod.invokeExplosively(FrameworkMethod.java:47) [junit-4.12.jar:4.12]
	at org.junit.internal.runners.statements.RunBefores.evaluate(RunBefores.java:24) [junit-4.12.jar:4.12]
	at org.junit.runners.ParentRunner.runLeaf(ParentRunner.java:325) [junit-4.12.jar:4.12]
	at org.junit.runners.BlockJUnit4ClassRunner.runChild(BlockJUnit4ClassRunner.java:78) [junit-4.12.jar:4.12]
	at org.junit.runners.BlockJUnit4ClassRunner.runChild(BlockJUnit4ClassRunner.java:57) [junit-4.12.jar:4.12]
	at org.junit.runners.ParentRunner$3.run(ParentRunner.java:290) [junit-4.12.jar:4.12]
	at org.junit.runners.ParentRunner$1.schedule(ParentRunner.java:71) [junit-4.12.jar:4.12]
	at org.junit.runners.ParentRunner.runChildren(ParentRunner.java:288) [junit-4.12.jar:4.12]
	at org.junit.runners.ParentRunner.access$000(ParentRunner.java:58) [junit-4.12.jar:4.12]
	at org.junit.runners.ParentRunner$2.evaluate(ParentRunner.java:268) [junit-4.12.jar:4.12]
	at org.junit.runners.ParentRunner.run(ParentRunner.java:363) [junit-4.12.jar:4.12]
	at org.junit.runners.Suite.runChild(Suite.java:128) [junit-4.12.jar:4.12]
	at org.junit.runners.Suite.runChild(Suite.java:27) [junit-4.12.jar:4.12]
	at org.junit.runners.ParentRunner$3.run(ParentRunner.java:290) [junit-4.12.jar:4.12]
	at org.junit.runners.ParentRunner$1.schedule(ParentRunner.java:71) [junit-4.12.jar:4.12]
	at org.junit.runners.ParentRunner.runChildren(ParentRunner.java:288) [junit-4.12.jar:4.12]
	at org.junit.runners.ParentRunner.access$000(ParentRunner.java:58) [junit-4.12.jar:4.12]
	at org.junit.runners.ParentRunner$2.evaluate(ParentRunner.java:268) [junit-4.12.jar:4.12]
	at org.junit.runners.ParentRunner.run(ParentRunner.java:363) [junit-4.12.jar:4.12]
	at org.apache.maven.surefire.junit4.JUnit4Provider.execute(JUnit4Provider.java:367) [surefire-junit4-2.19.1.jar:2.19.1]
	at org.apache.maven.surefire.junit4.JUnit4Provider.executeWithRerun(JUnit4Provider.java:274) [surefire-junit4-2.19.1.jar:2.19.1]
	at org.apache.maven.surefire.junit4.JUnit4Provider.executeTestSet(JUnit4Provider.java:238) [surefire-junit4-2.19.1.jar:2.19.1]
	at org.apache.maven.surefire.junit4.JUnit4Provider.invoke(JUnit4Provider.java:161) [surefire-junit4-2.19.1.jar:2.19.1]
	at org.apache.maven.surefire.booter.ForkedBooter.invokeProviderInSameClassLoader(ForkedBooter.java:290) [surefire-booter-2.19.1.jar:2.19.1]
	at org.apache.maven.surefire.booter.ForkedBooter.runSuitesInProcess(ForkedBooter.java:242) [surefire-booter-2.19.1.jar:2.19.1]
	at org.apache.maven.surefire.booter.ForkedBooter.main(ForkedBooter.java:121) [surefire-booter-2.19.1.jar:2.19.1]
[ERROR] 2016-10-18 21:17:26.315 [main] MailModule - Error with the attachments
java.lang.NullPointerException
	at ashulzhenko.emailapp.mail.MailModule.addAttachments(MailModule.java:210) ~[classes/:?]
	at ashulzhenko.emailapp.mail.MailModule.sendEmail(MailModule.java:180) [classes/:?]
	at ashulzhenko.emailapp.mail.MailModuleTest.init(MailModuleTest.java:114) [test-classes/:?]
	at sun.reflect.NativeMethodAccessorImpl.invoke0(Native Method) ~[?:1.8.0_91]
	at sun.reflect.NativeMethodAccessorImpl.invoke(NativeMethodAccessorImpl.java:62) ~[?:1.8.0_91]
	at sun.reflect.DelegatingMethodAccessorImpl.invoke(DelegatingMethodAccessorImpl.java:43) ~[?:1.8.0_91]
	at java.lang.reflect.Method.invoke(Method.java:498) ~[?:1.8.0_91]
	at org.junit.runners.model.FrameworkMethod$1.runReflectiveCall(FrameworkMethod.java:50) [junit-4.12.jar:4.12]
	at org.junit.internal.runners.model.ReflectiveCallable.run(ReflectiveCallable.java:12) [junit-4.12.jar:4.12]
	at org.junit.runners.model.FrameworkMethod.invokeExplosively(FrameworkMethod.java:47) [junit-4.12.jar:4.12]
	at org.junit.internal.runners.statements.RunBefores.evaluate(RunBefores.java:24) [junit-4.12.jar:4.12]
	at org.junit.runners.ParentRunner.runLeaf(ParentRunner.java:325) [junit-4.12.jar:4.12]
	at org.junit.runners.BlockJUnit4ClassRunner.runChild(BlockJUnit4ClassRunner.java:78) [junit-4.12.jar:4.12]
	at org.junit.runners.BlockJUnit4ClassRunner.runChild(BlockJUnit4ClassRunner.java:57) [junit-4.12.jar:4.12]
	at org.junit.runners.ParentRunner$3.run(ParentRunner.java:290) [junit-4.12.jar:4.12]
	at org.junit.runners.ParentRunner$1.schedule(ParentRunner.java:71) [junit-4.12.jar:4.12]
	at org.junit.runners.ParentRunner.runChildren(ParentRunner.java:288) [junit-4.12.jar:4.12]
	at org.junit.runners.ParentRunner.access$000(ParentRunner.java:58) [junit-4.12.jar:4.12]
	at org.junit.runners.ParentRunner$2.evaluate(ParentRunner.java:268) [junit-4.12.jar:4.12]
	at org.junit.runners.ParentRunner.run(ParentRunner.java:363) [junit-4.12.jar:4.12]
	at org.junit.runners.Suite.runChild(Suite.java:128) [junit-4.12.jar:4.12]
	at org.junit.runners.Suite.runChild(Suite.java:27) [junit-4.12.jar:4.12]
	at org.junit.runners.ParentRunner$3.run(ParentRunner.java:290) [junit-4.12.jar:4.12]
	at org.junit.runners.ParentRunner$1.schedule(ParentRunner.java:71) [junit-4.12.jar:4.12]
	at org.junit.runners.ParentRunner.runChildren(ParentRunner.java:288) [junit-4.12.jar:4.12]
	at org.junit.runners.ParentRunner.access$000(ParentRunner.java:58) [junit-4.12.jar:4.12]
	at org.junit.runners.ParentRunner$2.evaluate(ParentRunner.java:268) [junit-4.12.jar:4.12]
	at org.junit.runners.ParentRunner.run(ParentRunner.java:363) [junit-4.12.jar:4.12]
	at org.apache.maven.surefire.junit4.JUnit4Provider.execute(JUnit4Provider.java:367) [surefire-junit4-2.19.1.jar:2.19.1]
	at org.apache.maven.surefire.junit4.JUnit4Provider.executeWithRerun(JUnit4Provider.java:274) [surefire-junit4-2.19.1.jar:2.19.1]
	at org.apache.maven.surefire.junit4.JUnit4Provider.executeTestSet(JUnit4Provider.java:238) [surefire-junit4-2.19.1.jar:2.19.1]
	at org.apache.maven.surefire.junit4.JUnit4Provider.invoke(JUnit4Provider.java:161) [surefire-junit4-2.19.1.jar:2.19.1]
	at org.apache.maven.surefire.booter.ForkedBooter.invokeProviderInSameClassLoader(ForkedBooter.java:290) [surefire-booter-2.19.1.jar:2.19.1]
	at org.apache.maven.surefire.booter.ForkedBooter.runSuitesInProcess(ForkedBooter.java:242) [surefire-booter-2.19.1.jar:2.19.1]
	at org.apache.maven.surefire.booter.ForkedBooter.main(ForkedBooter.java:121) [surefire-booter-2.19.1.jar:2.19.1]
[ERROR] 2016-10-18 21:17:26.318 [main] MailModule - Error with the attachments
java.lang.NullPointerException
	at ashulzhenko.emailapp.mail.MailModule.addAttachments(MailModule.java:210) ~[classes/:?]
	at ashulzhenko.emailapp.mail.MailModule.sendEmail(MailModule.java:180) [classes/:?]
	at ashulzhenko.emailapp.mail.MailModuleTest.init(MailModuleTest.java:114) [test-classes/:?]
	at sun.reflect.NativeMethodAccessorImpl.invoke0(Native Method) ~[?:1.8.0_91]
	at sun.reflect.NativeMethodAccessorImpl.invoke(NativeMethodAccessorImpl.java:62) ~[?:1.8.0_91]
	at sun.reflect.DelegatingMethodAccessorImpl.invoke(DelegatingMethodAccessorImpl.java:43) ~[?:1.8.0_91]
	at java.lang.reflect.Method.invoke(Method.java:498) ~[?:1.8.0_91]
	at org.junit.runners.model.FrameworkMethod$1.runReflectiveCall(FrameworkMethod.java:50) [junit-4.12.jar:4.12]
	at org.junit.internal.runners.model.ReflectiveCallable.run(ReflectiveCallable.java:12) [junit-4.12.jar:4.12]
	at org.junit.runners.model.FrameworkMethod.invokeExplosively(FrameworkMethod.java:47) [junit-4.12.jar:4.12]
	at org.junit.internal.runners.statements.RunBefores.evaluate(RunBefores.java:24) [junit-4.12.jar:4.12]
	at org.junit.runners.ParentRunner.runLeaf(ParentRunner.java:325) [junit-4.12.jar:4.12]
	at org.junit.runners.BlockJUnit4ClassRunner.runChild(BlockJUnit4ClassRunner.java:78) [junit-4.12.jar:4.12]
	at org.junit.runners.BlockJUnit4ClassRunner.runChild(BlockJUnit4ClassRunner.java:57) [junit-4.12.jar:4.12]
	at org.junit.runners.ParentRunner$3.run(ParentRunner.java:290) [junit-4.12.jar:4.12]
	at org.junit.runners.ParentRunner$1.schedule(ParentRunner.java:71) [junit-4.12.jar:4.12]
	at org.junit.runners.ParentRunner.runChildren(ParentRunner.java:288) [junit-4.12.jar:4.12]
	at org.junit.runners.ParentRunner.access$000(ParentRunner.java:58) [junit-4.12.jar:4.12]
	at org.junit.runners.ParentRunner$2.evaluate(ParentRunner.java:268) [junit-4.12.jar:4.12]
	at org.junit.runners.ParentRunner.run(ParentRunner.java:363) [junit-4.12.jar:4.12]
	at org.junit.runners.Suite.runChild(Suite.java:128) [junit-4.12.jar:4.12]
	at org.junit.runners.Suite.runChild(Suite.java:27) [junit-4.12.jar:4.12]
	at org.junit.runners.ParentRunner$3.run(ParentRunner.java:290) [junit-4.12.jar:4.12]
	at org.junit.runners.ParentRunner$1.schedule(ParentRunner.java:71) [junit-4.12.jar:4.12]
	at org.junit.runners.ParentRunner.runChildren(ParentRunner.java:288) [junit-4.12.jar:4.12]
	at org.junit.runners.ParentRunner.access$000(ParentRunner.java:58) [junit-4.12.jar:4.12]
	at org.junit.runners.ParentRunner$2.evaluate(ParentRunner.java:268) [junit-4.12.jar:4.12]
	at org.junit.runners.ParentRunner.run(ParentRunner.java:363) [junit-4.12.jar:4.12]
	at org.apache.maven.surefire.junit4.JUnit4Provider.execute(JUnit4Provider.java:367) [surefire-junit4-2.19.1.jar:2.19.1]
	at org.apache.maven.surefire.junit4.JUnit4Provider.executeWithRerun(JUnit4Provider.java:274) [surefire-junit4-2.19.1.jar:2.19.1]
	at org.apache.maven.surefire.junit4.JUnit4Provider.executeTestSet(JUnit4Provider.java:238) [surefire-junit4-2.19.1.jar:2.19.1]
	at org.apache.maven.surefire.junit4.JUnit4Provider.invoke(JUnit4Provider.java:161) [surefire-junit4-2.19.1.jar:2.19.1]
	at org.apache.maven.surefire.booter.ForkedBooter.invokeProviderInSameClassLoader(ForkedBooter.java:290) [surefire-booter-2.19.1.jar:2.19.1]
	at org.apache.maven.surefire.booter.ForkedBooter.runSuitesInProcess(ForkedBooter.java:242) [surefire-booter-2.19.1.jar:2.19.1]
	at org.apache.maven.surefire.booter.ForkedBooter.main(ForkedBooter.java:121) [surefire-booter-2.19.1.jar:2.19.1]
[ERROR] 2016-10-18 21:17:26.322 [main] MailModule - Error with the attachments
java.lang.NullPointerException
	at ashulzhenko.emailapp.mail.MailModule.addAttachments(MailModule.java:210) ~[classes/:?]
	at ashulzhenko.emailapp.mail.MailModule.sendEmail(MailModule.java:180) [classes/:?]
	at ashulzhenko.emailapp.mail.MailModuleTest.init(MailModuleTest.java:114) [test-classes/:?]
	at sun.reflect.NativeMethodAccessorImpl.invoke0(Native Method) ~[?:1.8.0_91]
	at sun.reflect.NativeMethodAccessorImpl.invoke(NativeMethodAccessorImpl.java:62) ~[?:1.8.0_91]
	at sun.reflect.DelegatingMethodAccessorImpl.invoke(DelegatingMethodAccessorImpl.java:43) ~[?:1.8.0_91]
	at java.lang.reflect.Method.invoke(Method.java:498) ~[?:1.8.0_91]
	at org.junit.runners.model.FrameworkMethod$1.runReflectiveCall(FrameworkMethod.java:50) [junit-4.12.jar:4.12]
	at org.junit.internal.runners.model.ReflectiveCallable.run(ReflectiveCallable.java:12) [junit-4.12.jar:4.12]
	at org.junit.runners.model.FrameworkMethod.invokeExplosively(FrameworkMethod.java:47) [junit-4.12.jar:4.12]
	at org.junit.internal.runners.statements.RunBefores.evaluate(RunBefores.java:24) [junit-4.12.jar:4.12]
	at org.junit.runners.ParentRunner.runLeaf(ParentRunner.java:325) [junit-4.12.jar:4.12]
	at org.junit.runners.BlockJUnit4ClassRunner.runChild(BlockJUnit4ClassRunner.java:78) [junit-4.12.jar:4.12]
	at org.junit.runners.BlockJUnit4ClassRunner.runChild(BlockJUnit4ClassRunner.java:57) [junit-4.12.jar:4.12]
	at org.junit.runners.ParentRunner$3.run(ParentRunner.java:290) [junit-4.12.jar:4.12]
	at org.junit.runners.ParentRunner$1.schedule(ParentRunner.java:71) [junit-4.12.jar:4.12]
	at org.junit.runners.ParentRunner.runChildren(ParentRunner.java:288) [junit-4.12.jar:4.12]
	at org.junit.runners.ParentRunner.access$000(ParentRunner.java:58) [junit-4.12.jar:4.12]
	at org.junit.runners.ParentRunner$2.evaluate(ParentRunner.java:268) [junit-4.12.jar:4.12]
	at org.junit.runners.ParentRunner.run(ParentRunner.java:363) [junit-4.12.jar:4.12]
	at org.junit.runners.Suite.runChild(Suite.java:128) [junit-4.12.jar:4.12]
	at org.junit.runners.Suite.runChild(Suite.java:27) [junit-4.12.jar:4.12]
	at org.junit.runners.ParentRunner$3.run(ParentRunner.java:290) [junit-4.12.jar:4.12]
	at org.junit.runners.ParentRunner$1.schedule(ParentRunner.java:71) [junit-4.12.jar:4.12]
	at org.junit.runners.ParentRunner.runChildren(ParentRunner.java:288) [junit-4.12.jar:4.12]
	at org.junit.runners.ParentRunner.access$000(ParentRunner.java:58) [junit-4.12.jar:4.12]
	at org.junit.runners.ParentRunner$2.evaluate(ParentRunner.java:268) [junit-4.12.jar:4.12]
	at org.junit.runners.ParentRunner.run(ParentRunner.java:363) [junit-4.12.jar:4.12]
	at org.apache.maven.surefire.junit4.JUnit4Provider.execute(JUnit4Provider.java:367) [surefire-junit4-2.19.1.jar:2.19.1]
	at org.apache.maven.surefire.junit4.JUnit4Provider.executeWithRerun(JUnit4Provider.java:274) [surefire-junit4-2.19.1.jar:2.19.1]
	at org.apache.maven.surefire.junit4.JUnit4Provider.executeTestSet(JUnit4Provider.java:238) [surefire-junit4-2.19.1.jar:2.19.1]
	at org.apache.maven.surefire.junit4.JUnit4Provider.invoke(JUnit4Provider.java:161) [surefire-junit4-2.19.1.jar:2.19.1]
	at org.apache.maven.surefire.booter.ForkedBooter.invokeProviderInSameClassLoader(ForkedBooter.java:290) [surefire-booter-2.19.1.jar:2.19.1]
	at org.apache.maven.surefire.booter.ForkedBooter.runSuitesInProcess(ForkedBooter.java:242) [surefire-booter-2.19.1.jar:2.19.1]
	at org.apache.maven.surefire.booter.ForkedBooter.main(ForkedBooter.java:121) [surefire-booter-2.19.1.jar:2.19.1]
[ERROR] 2016-10-18 21:17:26.326 [main] MailModule - Error with the attachments
java.lang.NullPointerException
	at ashulzhenko.emailapp.mail.MailModule.addAttachments(MailModule.java:210) ~[classes/:?]
	at ashulzhenko.emailapp.mail.MailModule.sendEmail(MailModule.java:180) [classes/:?]
	at ashulzhenko.emailapp.mail.MailModuleTest.init(MailModuleTest.java:114) [test-classes/:?]
	at sun.reflect.NativeMethodAccessorImpl.invoke0(Native Method) ~[?:1.8.0_91]
	at sun.reflect.NativeMethodAccessorImpl.invoke(NativeMethodAccessorImpl.java:62) ~[?:1.8.0_91]
	at sun.reflect.DelegatingMethodAccessorImpl.invoke(DelegatingMethodAccessorImpl.java:43) ~[?:1.8.0_91]
	at java.lang.reflect.Method.invoke(Method.java:498) ~[?:1.8.0_91]
	at org.junit.runners.model.FrameworkMethod$1.runReflectiveCall(FrameworkMethod.java:50) [junit-4.12.jar:4.12]
	at org.junit.internal.runners.model.ReflectiveCallable.run(ReflectiveCallable.java:12) [junit-4.12.jar:4.12]
	at org.junit.runners.model.FrameworkMethod.invokeExplosively(FrameworkMethod.java:47) [junit-4.12.jar:4.12]
	at org.junit.internal.runners.statements.RunBefores.evaluate(RunBefores.java:24) [junit-4.12.jar:4.12]
	at org.junit.runners.ParentRunner.runLeaf(ParentRunner.java:325) [junit-4.12.jar:4.12]
	at org.junit.runners.BlockJUnit4ClassRunner.runChild(BlockJUnit4ClassRunner.java:78) [junit-4.12.jar:4.12]
	at org.junit.runners.BlockJUnit4ClassRunner.runChild(BlockJUnit4ClassRunner.java:57) [junit-4.12.jar:4.12]
	at org.junit.runners.ParentRunner$3.run(ParentRunner.java:290) [junit-4.12.jar:4.12]
	at org.junit.runners.ParentRunner$1.schedule(ParentRunner.java:71) [junit-4.12.jar:4.12]
	at org.junit.runners.ParentRunner.runChildren(ParentRunner.java:288) [junit-4.12.jar:4.12]
	at org.junit.runners.ParentRunner.access$000(ParentRunner.java:58) [junit-4.12.jar:4.12]
	at org.junit.runners.ParentRunner$2.evaluate(ParentRunner.java:268) [junit-4.12.jar:4.12]
	at org.junit.runners.ParentRunner.run(ParentRunner.java:363) [junit-4.12.jar:4.12]
	at org.junit.runners.Suite.runChild(Suite.java:128) [junit-4.12.jar:4.12]
	at org.junit.runners.Suite.runChild(Suite.java:27) [junit-4.12.jar:4.12]
	at org.junit.runners.ParentRunner$3.run(ParentRunner.java:290) [junit-4.12.jar:4.12]
	at org.junit.runners.ParentRunner$1.schedule(ParentRunner.java:71) [junit-4.12.jar:4.12]
	at org.junit.runners.ParentRunner.runChildren(ParentRunner.java:288) [junit-4.12.jar:4.12]
	at org.junit.runners.ParentRunner.access$000(ParentRunner.java:58) [junit-4.12.jar:4.12]
	at org.junit.runners.ParentRunner$2.evaluate(ParentRunner.java:268) [junit-4.12.jar:4.12]
	at org.junit.runners.ParentRunner.run(ParentRunner.java:363) [junit-4.12.jar:4.12]
	at org.apache.maven.surefire.junit4.JUnit4Provider.execute(JUnit4Provider.java:367) [surefire-junit4-2.19.1.jar:2.19.1]
	at org.apache.maven.surefire.junit4.JUnit4Provider.executeWithRerun(JUnit4Provider.java:274) [surefire-junit4-2.19.1.jar:2.19.1]
	at org.apache.maven.surefire.junit4.JUnit4Provider.executeTestSet(JUnit4Provider.java:238) [surefire-junit4-2.19.1.jar:2.19.1]
	at org.apache.maven.surefire.junit4.JUnit4Provider.invoke(JUnit4Provider.java:161) [surefire-junit4-2.19.1.jar:2.19.1]
	at org.apache.maven.surefire.booter.ForkedBooter.invokeProviderInSameClassLoader(ForkedBooter.java:290) [surefire-booter-2.19.1.jar:2.19.1]
	at org.apache.maven.surefire.booter.ForkedBooter.runSuitesInProcess(ForkedBooter.java:242) [surefire-booter-2.19.1.jar:2.19.1]
	at org.apache.maven.surefire.booter.ForkedBooter.main(ForkedBooter.java:121) [surefire-booter-2.19.1.jar:2.19.1]
[ERROR] 2016-10-18 21:17:26.329 [main] MailModule - Error with the attachments
java.lang.NullPointerException
	at ashulzhenko.emailapp.mail.MailModule.addAttachments(MailModule.java:210) ~[classes/:?]
	at ashulzhenko.emailapp.mail.MailModule.sendEmail(MailModule.java:180) [classes/:?]
	at ashulzhenko.emailapp.mail.MailModuleTest.init(MailModuleTest.java:114) [test-classes/:?]
	at sun.reflect.NativeMethodAccessorImpl.invoke0(Native Method) ~[?:1.8.0_91]
	at sun.reflect.NativeMethodAccessorImpl.invoke(NativeMethodAccessorImpl.java:62) ~[?:1.8.0_91]
	at sun.reflect.DelegatingMethodAccessorImpl.invoke(DelegatingMethodAccessorImpl.java:43) ~[?:1.8.0_91]
	at java.lang.reflect.Method.invoke(Method.java:498) ~[?:1.8.0_91]
	at org.junit.runners.model.FrameworkMethod$1.runReflectiveCall(FrameworkMethod.java:50) [junit-4.12.jar:4.12]
	at org.junit.internal.runners.model.ReflectiveCallable.run(ReflectiveCallable.java:12) [junit-4.12.jar:4.12]
	at org.junit.runners.model.FrameworkMethod.invokeExplosively(FrameworkMethod.java:47) [junit-4.12.jar:4.12]
	at org.junit.internal.runners.statements.RunBefores.evaluate(RunBefores.java:24) [junit-4.12.jar:4.12]
	at org.junit.runners.ParentRunner.runLeaf(ParentRunner.java:325) [junit-4.12.jar:4.12]
	at org.junit.runners.BlockJUnit4ClassRunner.runChild(BlockJUnit4ClassRunner.java:78) [junit-4.12.jar:4.12]
	at org.junit.runners.BlockJUnit4ClassRunner.runChild(BlockJUnit4ClassRunner.java:57) [junit-4.12.jar:4.12]
	at org.junit.runners.ParentRunner$3.run(ParentRunner.java:290) [junit-4.12.jar:4.12]
	at org.junit.runners.ParentRunner$1.schedule(ParentRunner.java:71) [junit-4.12.jar:4.12]
	at org.junit.runners.ParentRunner.runChildren(ParentRunner.java:288) [junit-4.12.jar:4.12]
	at org.junit.runners.ParentRunner.access$000(ParentRunner.java:58) [junit-4.12.jar:4.12]
	at org.junit.runners.ParentRunner$2.evaluate(ParentRunner.java:268) [junit-4.12.jar:4.12]
	at org.junit.runners.ParentRunner.run(ParentRunner.java:363) [junit-4.12.jar:4.12]
	at org.junit.runners.Suite.runChild(Suite.java:128) [junit-4.12.jar:4.12]
	at org.junit.runners.Suite.runChild(Suite.java:27) [junit-4.12.jar:4.12]
	at org.junit.runners.ParentRunner$3.run(ParentRunner.java:290) [junit-4.12.jar:4.12]
	at org.junit.runners.ParentRunner$1.schedule(ParentRunner.java:71) [junit-4.12.jar:4.12]
	at org.junit.runners.ParentRunner.runChildren(ParentRunner.java:288) [junit-4.12.jar:4.12]
	at org.junit.runners.ParentRunner.access$000(ParentRunner.java:58) [junit-4.12.jar:4.12]
	at org.junit.runners.ParentRunner$2.evaluate(ParentRunner.java:268) [junit-4.12.jar:4.12]
	at org.junit.runners.ParentRunner.run(ParentRunner.java:363) [junit-4.12.jar:4.12]
	at org.apache.maven.surefire.junit4.JUnit4Provider.execute(JUnit4Provider.java:367) [surefire-junit4-2.19.1.jar:2.19.1]
	at org.apache.maven.surefire.junit4.JUnit4Provider.executeWithRerun(JUnit4Provider.java:274) [surefire-junit4-2.19.1.jar:2.19.1]
	at org.apache.maven.surefire.junit4.JUnit4Provider.executeTestSet(JUnit4Provider.java:238) [surefire-junit4-2.19.1.jar:2.19.1]
	at org.apache.maven.surefire.junit4.JUnit4Provider.invoke(JUnit4Provider.java:161) [surefire-junit4-2.19.1.jar:2.19.1]
	at org.apache.maven.surefire.booter.ForkedBooter.invokeProviderInSameClassLoader(ForkedBooter.java:290) [surefire-booter-2.19.1.jar:2.19.1]
	at org.apache.maven.surefire.booter.ForkedBooter.runSuitesInProcess(ForkedBooter.java:242) [surefire-booter-2.19.1.jar:2.19.1]
	at org.apache.maven.surefire.booter.ForkedBooter.main(ForkedBooter.java:121) [surefire-booter-2.19.1.jar:2.19.1]
[ERROR] 2016-10-18 21:17:26.332 [main] MailModule - Error with the attachments
java.lang.NullPointerException
	at ashulzhenko.emailapp.mail.MailModule.addAttachments(MailModule.java:210) ~[classes/:?]
	at ashulzhenko.emailapp.mail.MailModule.sendEmail(MailModule.java:180) [classes/:?]
	at ashulzhenko.emailapp.mail.MailModuleTest.init(MailModuleTest.java:114) [test-classes/:?]
	at sun.reflect.NativeMethodAccessorImpl.invoke0(Native Method) ~[?:1.8.0_91]
	at sun.reflect.NativeMethodAccessorImpl.invoke(NativeMethodAccessorImpl.java:62) ~[?:1.8.0_91]
	at sun.reflect.DelegatingMethodAccessorImpl.invoke(DelegatingMethodAccessorImpl.java:43) ~[?:1.8.0_91]
	at java.lang.reflect.Method.invoke(Method.java:498) ~[?:1.8.0_91]
	at org.junit.runners.model.FrameworkMethod$1.runReflectiveCall(FrameworkMethod.java:50) [junit-4.12.jar:4.12]
	at org.junit.internal.runners.model.ReflectiveCallable.run(ReflectiveCallable.java:12) [junit-4.12.jar:4.12]
	at org.junit.runners.model.FrameworkMethod.invokeExplosively(FrameworkMethod.java:47) [junit-4.12.jar:4.12]
	at org.junit.internal.runners.statements.RunBefores.evaluate(RunBefores.java:24) [junit-4.12.jar:4.12]
	at org.junit.runners.ParentRunner.runLeaf(ParentRunner.java:325) [junit-4.12.jar:4.12]
	at org.junit.runners.BlockJUnit4ClassRunner.runChild(BlockJUnit4ClassRunner.java:78) [junit-4.12.jar:4.12]
	at org.junit.runners.BlockJUnit4ClassRunner.runChild(BlockJUnit4ClassRunner.java:57) [junit-4.12.jar:4.12]
	at org.junit.runners.ParentRunner$3.run(ParentRunner.java:290) [junit-4.12.jar:4.12]
	at org.junit.runners.ParentRunner$1.schedule(ParentRunner.java:71) [junit-4.12.jar:4.12]
	at org.junit.runners.ParentRunner.runChildren(ParentRunner.java:288) [junit-4.12.jar:4.12]
	at org.junit.runners.ParentRunner.access$000(ParentRunner.java:58) [junit-4.12.jar:4.12]
	at org.junit.runners.ParentRunner$2.evaluate(ParentRunner.java:268) [junit-4.12.jar:4.12]
	at org.junit.runners.ParentRunner.run(ParentRunner.java:363) [junit-4.12.jar:4.12]
	at org.junit.runners.Suite.runChild(Suite.java:128) [junit-4.12.jar:4.12]
	at org.junit.runners.Suite.runChild(Suite.java:27) [junit-4.12.jar:4.12]
	at org.junit.runners.ParentRunner$3.run(ParentRunner.java:290) [junit-4.12.jar:4.12]
	at org.junit.runners.ParentRunner$1.schedule(ParentRunner.java:71) [junit-4.12.jar:4.12]
	at org.junit.runners.ParentRunner.runChildren(ParentRunner.java:288) [junit-4.12.jar:4.12]
	at org.junit.runners.ParentRunner.access$000(ParentRunner.java:58) [junit-4.12.jar:4.12]
	at org.junit.runners.ParentRunner$2.evaluate(ParentRunner.java:268) [junit-4.12.jar:4.12]
	at org.junit.runners.ParentRunner.run(ParentRunner.java:363) [junit-4.12.jar:4.12]
	at org.apache.maven.surefire.junit4.JUnit4Provider.execute(JUnit4Provider.java:367) [surefire-junit4-2.19.1.jar:2.19.1]
	at org.apache.maven.surefire.junit4.JUnit4Provider.executeWithRerun(JUnit4Provider.java:274) [surefire-junit4-2.19.1.jar:2.19.1]
	at org.apache.maven.surefire.junit4.JUnit4Provider.executeTestSet(JUnit4Provider.java:238) [surefire-junit4-2.19.1.jar:2.19.1]
	at org.apache.maven.surefire.junit4.JUnit4Provider.invoke(JUnit4Provider.java:161) [surefire-junit4-2.19.1.jar:2.19.1]
	at org.apache.maven.surefire.booter.ForkedBooter.invokeProviderInSameClassLoader(ForkedBooter.java:290) [surefire-booter-2.19.1.jar:2.19.1]
	at org.apache.maven.surefire.booter.ForkedBooter.runSuitesInProcess(ForkedBooter.java:242) [surefire-booter-2.19.1.jar:2.19.1]
	at org.apache.maven.surefire.booter.ForkedBooter.main(ForkedBooter.java:121) [surefire-booter-2.19.1.jar:2.19.1]
[ERROR] 2016-10-18 21:17:26.338 [main] MailModule - Error with the attachments
java.lang.NullPointerException
	at ashulzhenko.emailapp.mail.MailModule.addAttachments(MailModule.java:210) ~[classes/:?]
	at ashulzhenko.emailapp.mail.MailModule.sendEmail(MailModule.java:180) [classes/:?]
	at ashulzhenko.emailapp.mail.MailModuleTest.init(MailModuleTest.java:114) [test-classes/:?]
	at sun.reflect.NativeMethodAccessorImpl.invoke0(Native Method) ~[?:1.8.0_91]
	at sun.reflect.NativeMethodAccessorImpl.invoke(NativeMethodAccessorImpl.java:62) ~[?:1.8.0_91]
	at sun.reflect.DelegatingMethodAccessorImpl.invoke(DelegatingMethodAccessorImpl.java:43) ~[?:1.8.0_91]
	at java.lang.reflect.Method.invoke(Method.java:498) ~[?:1.8.0_91]
	at org.junit.runners.model.FrameworkMethod$1.runReflectiveCall(FrameworkMethod.java:50) [junit-4.12.jar:4.12]
	at org.junit.internal.runners.model.ReflectiveCallable.run(ReflectiveCallable.java:12) [junit-4.12.jar:4.12]
	at org.junit.runners.model.FrameworkMethod.invokeExplosively(FrameworkMethod.java:47) [junit-4.12.jar:4.12]
	at org.junit.internal.runners.statements.RunBefores.evaluate(RunBefores.java:24) [junit-4.12.jar:4.12]
	at org.junit.runners.ParentRunner.runLeaf(ParentRunner.java:325) [junit-4.12.jar:4.12]
	at org.junit.runners.BlockJUnit4ClassRunner.runChild(BlockJUnit4ClassRunner.java:78) [junit-4.12.jar:4.12]
	at org.junit.runners.BlockJUnit4ClassRunner.runChild(BlockJUnit4ClassRunner.java:57) [junit-4.12.jar:4.12]
	at org.junit.runners.ParentRunner$3.run(ParentRunner.java:290) [junit-4.12.jar:4.12]
	at org.junit.runners.ParentRunner$1.schedule(ParentRunner.java:71) [junit-4.12.jar:4.12]
	at org.junit.runners.ParentRunner.runChildren(ParentRunner.java:288) [junit-4.12.jar:4.12]
	at org.junit.runners.ParentRunner.access$000(ParentRunner.java:58) [junit-4.12.jar:4.12]
	at org.junit.runners.ParentRunner$2.evaluate(ParentRunner.java:268) [junit-4.12.jar:4.12]
	at org.junit.runners.ParentRunner.run(ParentRunner.java:363) [junit-4.12.jar:4.12]
	at org.junit.runners.Suite.runChild(Suite.java:128) [junit-4.12.jar:4.12]
	at org.junit.runners.Suite.runChild(Suite.java:27) [junit-4.12.jar:4.12]
	at org.junit.runners.ParentRunner$3.run(ParentRunner.java:290) [junit-4.12.jar:4.12]
	at org.junit.runners.ParentRunner$1.schedule(ParentRunner.java:71) [junit-4.12.jar:4.12]
	at org.junit.runners.ParentRunner.runChildren(ParentRunner.java:288) [junit-4.12.jar:4.12]
	at org.junit.runners.ParentRunner.access$000(ParentRunner.java:58) [junit-4.12.jar:4.12]
	at org.junit.runners.ParentRunner$2.evaluate(ParentRunner.java:268) [junit-4.12.jar:4.12]
	at org.junit.runners.ParentRunner.run(ParentRunner.java:363) [junit-4.12.jar:4.12]
	at org.apache.maven.surefire.junit4.JUnit4Provider.execute(JUnit4Provider.java:367) [surefire-junit4-2.19.1.jar:2.19.1]
	at org.apache.maven.surefire.junit4.JUnit4Provider.executeWithRerun(JUnit4Provider.java:274) [surefire-junit4-2.19.1.jar:2.19.1]
	at org.apache.maven.surefire.junit4.JUnit4Provider.executeTestSet(JUnit4Provider.java:238) [surefire-junit4-2.19.1.jar:2.19.1]
	at org.apache.maven.surefire.junit4.JUnit4Provider.invoke(JUnit4Provider.java:161) [surefire-junit4-2.19.1.jar:2.19.1]
	at org.apache.maven.surefire.booter.ForkedBooter.invokeProviderInSameClassLoader(ForkedBooter.java:290) [surefire-booter-2.19.1.jar:2.19.1]
	at org.apache.maven.surefire.booter.ForkedBooter.runSuitesInProcess(ForkedBooter.java:242) [surefire-booter-2.19.1.jar:2.19.1]
	at org.apache.maven.surefire.booter.ForkedBooter.main(ForkedBooter.java:121) [surefire-booter-2.19.1.jar:2.19.1]
[ERROR] 2016-10-18 21:17:26.341 [main] MailModule - Error with the attachments
java.lang.NullPointerException
	at ashulzhenko.emailapp.mail.MailModule.addAttachments(MailModule.java:210) ~[classes/:?]
	at ashulzhenko.emailapp.mail.MailModule.sendEmail(MailModule.java:180) [classes/:?]
	at ashulzhenko.emailapp.mail.MailModuleTest.init(MailModuleTest.java:114) [test-classes/:?]
	at sun.reflect.NativeMethodAccessorImpl.invoke0(Native Method) ~[?:1.8.0_91]
	at sun.reflect.NativeMethodAccessorImpl.invoke(NativeMethodAccessorImpl.java:62) ~[?:1.8.0_91]
	at sun.reflect.DelegatingMethodAccessorImpl.invoke(DelegatingMethodAccessorImpl.java:43) ~[?:1.8.0_91]
	at java.lang.reflect.Method.invoke(Method.java:498) ~[?:1.8.0_91]
	at org.junit.runners.model.FrameworkMethod$1.runReflectiveCall(FrameworkMethod.java:50) [junit-4.12.jar:4.12]
	at org.junit.internal.runners.model.ReflectiveCallable.run(ReflectiveCallable.java:12) [junit-4.12.jar:4.12]
	at org.junit.runners.model.FrameworkMethod.invokeExplosively(FrameworkMethod.java:47) [junit-4.12.jar:4.12]
	at org.junit.internal.runners.statements.RunBefores.evaluate(RunBefores.java:24) [junit-4.12.jar:4.12]
	at org.junit.runners.ParentRunner.runLeaf(ParentRunner.java:325) [junit-4.12.jar:4.12]
	at org.junit.runners.BlockJUnit4ClassRunner.runChild(BlockJUnit4ClassRunner.java:78) [junit-4.12.jar:4.12]
	at org.junit.runners.BlockJUnit4ClassRunner.runChild(BlockJUnit4ClassRunner.java:57) [junit-4.12.jar:4.12]
	at org.junit.runners.ParentRunner$3.run(ParentRunner.java:290) [junit-4.12.jar:4.12]
	at org.junit.runners.ParentRunner$1.schedule(ParentRunner.java:71) [junit-4.12.jar:4.12]
	at org.junit.runners.ParentRunner.runChildren(ParentRunner.java:288) [junit-4.12.jar:4.12]
	at org.junit.runners.ParentRunner.access$000(ParentRunner.java:58) [junit-4.12.jar:4.12]
	at org.junit.runners.ParentRunner$2.evaluate(ParentRunner.java:268) [junit-4.12.jar:4.12]
	at org.junit.runners.ParentRunner.run(ParentRunner.java:363) [junit-4.12.jar:4.12]
	at org.junit.runners.Suite.runChild(Suite.java:128) [junit-4.12.jar:4.12]
	at org.junit.runners.Suite.runChild(Suite.java:27) [junit-4.12.jar:4.12]
	at org.junit.runners.ParentRunner$3.run(ParentRunner.java:290) [junit-4.12.jar:4.12]
	at org.junit.runners.ParentRunner$1.schedule(ParentRunner.java:71) [junit-4.12.jar:4.12]
	at org.junit.runners.ParentRunner.runChildren(ParentRunner.java:288) [junit-4.12.jar:4.12]
	at org.junit.runners.ParentRunner.access$000(ParentRunner.java:58) [junit-4.12.jar:4.12]
	at org.junit.runners.ParentRunner$2.evaluate(ParentRunner.java:268) [junit-4.12.jar:4.12]
	at org.junit.runners.ParentRunner.run(ParentRunner.java:363) [junit-4.12.jar:4.12]
	at org.apache.maven.surefire.junit4.JUnit4Provider.execute(JUnit4Provider.java:367) [surefire-junit4-2.19.1.jar:2.19.1]
	at org.apache.maven.surefire.junit4.JUnit4Provider.executeWithRerun(JUnit4Provider.java:274) [surefire-junit4-2.19.1.jar:2.19.1]
	at org.apache.maven.surefire.junit4.JUnit4Provider.executeTestSet(JUnit4Provider.java:238) [surefire-junit4-2.19.1.jar:2.19.1]
	at org.apache.maven.surefire.junit4.JUnit4Provider.invoke(JUnit4Provider.java:161) [surefire-junit4-2.19.1.jar:2.19.1]
	at org.apache.maven.surefire.booter.ForkedBooter.invokeProviderInSameClassLoader(ForkedBooter.java:290) [surefire-booter-2.19.1.jar:2.19.1]
	at org.apache.maven.surefire.booter.ForkedBooter.runSuitesInProcess(ForkedBooter.java:242) [surefire-booter-2.19.1.jar:2.19.1]
	at org.apache.maven.surefire.booter.ForkedBooter.main(ForkedBooter.java:121) [surefire-booter-2.19.1.jar:2.19.1]
[DEBUG] 2016-10-18 21:17:39.163 [main] MailModuleTest - in TestSentAndReceivedMessages with plain email 1 attach
[DEBUG] 2016-10-18 21:18:05.929 [main] MailModuleTest - in TestSentAndReceivedMessages with html email 1 embed attach
[INFO ] 2016-10-18 21:19:49.395 [main] PropertiesManagerTest - Starting test [testWriteText]
[DEBUG] 2016-10-18 21:20:04.191 [main] MailModuleTest - in TestSentAndReceivedMessages with plain email 1 receiver
[DEBUG] 2016-10-18 21:20:31.684 [main] MailModuleTest - in TestSentAndReceivedMessages with plain email 2 receivers
[DEBUG] 2016-10-18 21:20:57.515 [main] MailModuleTest - in TestSentAndReceivedMessages with plain email 1 receiver 1 cc
[DEBUG] 2016-10-18 21:21:21.019 [main] MailModuleTest - in TestSentAndReceivedMessages with plain email 1 receiver 2 cc
[DEBUG] 2016-10-18 21:21:51.959 [main] MailModuleTest - in TestSentAndReceivedMessages with plain email 1 receiver 1 bcc
[DEBUG] 2016-10-18 21:22:15.787 [main] MailModuleTest - in TestSentAndReceivedMessages with plain email 1 receiver 2 bcc
[DEBUG] 2016-10-18 21:22:40.464 [main] MailModuleTest - in TestSentAndReceivedMessages with plain email 1 attach
[DEBUG] 2016-10-18 21:23:05.573 [main] MailModuleTest - in TestSentAndReceivedMessages with html email 1 embed attach
[DEBUG] 2016-10-18 21:25:01.739 [main] MailModuleTest - in TestSentAndReceivedMessages with html email 1 invalid cid embed attach (becomes usual attach)
[DEBUG] 2016-10-18 21:25:20.188 [main] MailModuleExceptionsTest - in TestExceptions with no to's addresses
[DEBUG] 2016-10-18 21:25:20.190 [main] MailModuleExceptionsTest - in TestExceptions with null for cc
[DEBUG] 2016-10-18 21:25:20.192 [main] MailModuleExceptionsTest - in TestExceptions with to with invalid email
[DEBUG] 2016-10-18 21:25:20.194 [main] MailModuleExceptionsTest - in TestExceptions with cc with invalid email
[DEBUG] 2016-10-18 21:25:20.196 [main] MailModuleExceptionsTest - in TestExceptions with bcc with invalid email
[DEBUG] 2016-10-18 21:25:20.198 [main] MailModuleExceptionsTest - in TestExceptions with attachment error: file not found
[INFO ] 2016-10-18 21:29:31.568 [main] PropertiesManagerTest - Starting test [testWriteText]
[DEBUG] 2016-10-18 21:29:31.628 [main] MailModule - BEFORE
[DEBUG] 2016-10-18 21:29:49.751 [main] MailModuleTest - in TestSentAndReceivedMessages with plain email 1 receiver
[DEBUG] 2016-10-18 21:29:49.757 [main] MailModule - BEFORE
[INFO ] 2016-10-18 21:33:49.625 [main] PropertiesManagerTest - Starting test [testWriteText]
[DEBUG] 2016-10-18 21:33:49.682 [main] MailModule - BEFORE: 0
[DEBUG] 2016-10-18 21:34:03.414 [main] MailModuleTest - in TestSentAndReceivedMessages with plain email 1 receiver
[DEBUG] 2016-10-18 21:34:03.420 [main] MailModule - BEFORE: 0
[DEBUG] 2016-10-18 21:34:13.864 [main] MailModule - BEFORE: 0
[DEBUG] 2016-10-18 21:34:22.681 [main] MailModule - BEFORE: 0
[DEBUG] 2016-10-18 21:34:38.885 [main] MailModule - BEFORE: 0
[DEBUG] 2016-10-18 21:34:50.064 [main] MailModuleTest - in TestSentAndReceivedMessages with plain email 1 receiver 1 cc
[DEBUG] 2016-10-18 21:34:50.067 [main] MailModule - BEFORE: 0
[DEBUG] 2016-10-18 21:35:00.088 [main] MailModule - BEFORE: 0
[DEBUG] 2016-10-18 21:35:11.372 [main] MailModuleTest - in TestSentAndReceivedMessages with plain email 1 receiver 2 cc
[DEBUG] 2016-10-18 21:35:11.375 [main] MailModule - BEFORE: 0
[DEBUG] 2016-10-18 21:35:21.408 [main] MailModule - BEFORE: 0
[DEBUG] 2016-10-18 21:35:30.539 [main] MailModuleTest - in TestSentAndReceivedMessages with plain email 1 receiver 1 bcc
[DEBUG] 2016-10-18 21:35:30.542 [main] MailModule - BEFORE: 0
[DEBUG] 2016-10-18 21:35:40.964 [main] MailModule - BEFORE: 0
[DEBUG] 2016-10-18 21:35:50.857 [main] MailModuleTest - in TestSentAndReceivedMessages with plain email 1 receiver 2 bcc
[DEBUG] 2016-10-18 21:35:50.859 [main] MailModule - BEFORE: 0
[DEBUG] 2016-10-18 21:36:01.437 [main] MailModule - BEFORE: 1
[DEBUG] 2016-10-18 21:36:14.449 [main] MailModuleTest - in TestSentAndReceivedMessages with plain email 1 attach
[DEBUG] 2016-10-18 21:36:14.461 [main] MailModule - BEFORE: 1
[DEBUG] 2016-10-18 21:36:26.828 [main] MailModule - BEFORE: 1
[DEBUG] 2016-10-18 21:36:29.406 [main] MailModule - AFTER: 0
[DEBUG] 2016-10-18 21:36:38.279 [main] MailModuleTest - in TestSentAndReceivedMessages with html email 1 embed attach
[DEBUG] 2016-10-18 21:36:38.288 [main] MailModule - BEFORE: 1
[DEBUG] 2016-10-18 21:36:40.983 [main] MailModule - AFTER: 0
[DEBUG] 2016-10-18 21:36:50.226 [main] MailModule - BEFORE: 2
[DEBUG] 2016-10-18 21:36:56.979 [main] MailModule - AFTER: 1
[DEBUG] 2016-10-18 21:37:04.712 [main] MailModule - BEFORE: 2
[DEBUG] 2016-10-18 21:37:11.657 [main] MailModule - AFTER: 1
[DEBUG] 2016-10-18 21:37:19.606 [main] MailModule - BEFORE: 2
[DEBUG] 2016-10-18 21:37:30.780 [main] MailModule - AFTER: 1
[DEBUG] 2016-10-18 21:37:38.565 [main] MailModule - BEFORE: 2
[DEBUG] 2016-10-18 21:37:47.585 [main] MailModule - AFTER: 1
[DEBUG] 2016-10-18 21:37:55.221 [main] MailModule - BEFORE: 1
[DEBUG] 2016-10-18 21:37:58.835 [main] MailModule - AFTER: 0
[DEBUG] 2016-10-18 21:38:12.714 [main] MailModuleTest - in TestSentAndReceivedMessages with html email 1 invalid cid embed attach (becomes usual attach)
[DEBUG] 2016-10-18 21:38:12.719 [main] MailModule - BEFORE: 1
[DEBUG] 2016-10-18 21:38:15.554 [main] MailModule - AFTER: 0
[DEBUG] 2016-10-18 21:38:29.331 [main] MailModuleExceptionsTest - in TestExceptions with no to's addresses
[DEBUG] 2016-10-18 21:38:29.334 [main] MailModuleExceptionsTest - in TestExceptions with null for cc
[DEBUG] 2016-10-18 21:38:29.336 [main] MailModuleExceptionsTest - in TestExceptions with to with invalid email
[DEBUG] 2016-10-18 21:38:29.339 [main] MailModuleExceptionsTest - in TestExceptions with cc with invalid email
[DEBUG] 2016-10-18 21:38:29.341 [main] MailModuleExceptionsTest - in TestExceptions with bcc with invalid email
[DEBUG] 2016-10-18 21:38:29.344 [main] MailModuleExceptionsTest - in TestExceptions with attachment error: file not found
[DEBUG] 2016-10-18 21:38:29.345 [main] MailModule - BEFORE: 1
[INFO ] 2016-10-18 21:43:13.237 [main] PropertiesManagerTest - Starting test [testWriteText]
[DEBUG] 2016-10-18 21:43:13.293 [main] MailModule - BEFORE: 0
[DEBUG] 2016-10-18 21:43:24.562 [main] MailModuleTest - in TestSentAndReceivedMessages with plain email 1 receiver
[DEBUG] 2016-10-18 21:43:24.567 [main] MailModule - BEFORE: 0
[DEBUG] 2016-10-18 21:43:35.977 [main] MailModule - BEFORE: 0
[DEBUG] 2016-10-18 21:43:46.523 [main] MailModuleTest - in TestSentAndReceivedMessages with plain email 2 receivers
[DEBUG] 2016-10-18 21:43:46.525 [main] MailModule - BEFORE: 0
[DEBUG] 2016-10-18 21:43:58.283 [main] MailModule - BEFORE: 0
[DEBUG] 2016-10-18 21:44:08.369 [main] MailModuleTest - in TestSentAndReceivedMessages with plain email 1 receiver 1 cc
[DEBUG] 2016-10-18 21:44:08.371 [main] MailModule - BEFORE: 0
[DEBUG] 2016-10-18 21:44:19.915 [main] MailModule - BEFORE: 0
[DEBUG] 2016-10-18 21:44:30.149 [main] MailModuleTest - in TestSentAndReceivedMessages with plain email 1 receiver 2 cc
[DEBUG] 2016-10-18 21:44:30.151 [main] MailModule - BEFORE: 0
[DEBUG] 2016-10-18 21:44:42.362 [main] MailModule - BEFORE: 0
[DEBUG] 2016-10-18 21:44:55.122 [main] MailModuleTest - in TestSentAndReceivedMessages with plain email 1 receiver 1 bcc
[DEBUG] 2016-10-18 21:44:55.125 [main] MailModule - BEFORE: 0
[DEBUG] 2016-10-18 21:45:05.367 [main] MailModule - BEFORE: 0
[DEBUG] 2016-10-18 21:45:16.065 [main] MailModuleTest - in TestSentAndReceivedMessages with plain email 1 receiver 2 bcc
[DEBUG] 2016-10-18 21:45:16.068 [main] MailModule - BEFORE: 0
[DEBUG] 2016-10-18 21:45:27.154 [main] MailModule - BEFORE: 1
[DEBUG] 2016-10-18 21:45:43.209 [main] MailModuleTest - in TestSentAndReceivedMessages with plain email 1 attach
[DEBUG] 2016-10-18 21:45:43.221 [main] MailModule - BEFORE: 1
[DEBUG] 2016-10-18 21:45:56.743 [main] MailModule - BEFORE: 1
[DEBUG] 2016-10-18 21:46:00.301 [main] MailModule - AFTER: 1
[DEBUG] 2016-10-18 21:46:09.228 [main] MailModuleTest - in TestSentAndReceivedMessages with html email 1 embed attach
[DEBUG] 2016-10-18 21:46:09.236 [main] MailModule - BEFORE: 1
[DEBUG] 2016-10-18 21:46:12.435 [main] MailModule - AFTER: 1
[DEBUG] 2016-10-18 21:46:21.814 [main] MailModule - BEFORE: 2
[DEBUG] 2016-10-18 21:46:28.739 [main] MailModule - AFTER: 2
[DEBUG] 2016-10-18 21:46:35.950 [main] MailModule - BEFORE: 2
[DEBUG] 2016-10-18 21:46:42.576 [main] MailModule - AFTER: 2
[DEBUG] 2016-10-18 21:46:49.836 [main] MailModule - BEFORE: 2
[DEBUG] 2016-10-18 21:46:56.510 [main] MailModule - AFTER: 2
[DEBUG] 2016-10-18 21:47:03.695 [main] MailModule - BEFORE: 2
[DEBUG] 2016-10-18 21:47:10.467 [main] MailModule - AFTER: 2
[DEBUG] 2016-10-18 21:47:16.964 [main] MailModule - BEFORE: 1
[DEBUG] 2016-10-18 21:47:20.274 [main] MailModule - AFTER: 1
[DEBUG] 2016-10-18 21:47:26.874 [main] MailModule - BEFORE: 1
[DEBUG] 2016-10-18 21:47:30.073 [main] MailModule - AFTER: 1
[DEBUG] 2016-10-18 21:47:42.966 [main] MailModuleExceptionsTest - in TestExceptions with no to's addresses
[DEBUG] 2016-10-18 21:47:42.967 [main] MailModuleExceptionsTest - in TestExceptions with null for cc
[DEBUG] 2016-10-18 21:47:42.968 [main] MailModuleExceptionsTest - in TestExceptions with to with invalid email
[DEBUG] 2016-10-18 21:47:42.969 [main] MailModuleExceptionsTest - in TestExceptions with cc with invalid email
[DEBUG] 2016-10-18 21:47:42.970 [main] MailModuleExceptionsTest - in TestExceptions with bcc with invalid email
[DEBUG] 2016-10-18 21:47:42.971 [main] MailModuleExceptionsTest - in TestExceptions with attachment error: file not found
[DEBUG] 2016-10-18 21:47:42.972 [main] MailModule - BEFORE: 1
[INFO ] 2016-10-18 21:55:15.364 [main] PropertiesManagerTest - Starting test [testWriteText]
[DEBUG] 2016-10-18 21:55:15.442 [main] MailModule - BEFORE: 0
[DEBUG] 2016-10-18 21:55:37.390 [main] MailModuleTest - in TestSentAndReceivedMessages with plain email 1 receiver
[DEBUG] 2016-10-18 21:55:37.394 [main] MailModule - BEFORE: 0
[DEBUG] 2016-10-18 21:55:48.412 [main] MailModule - BEFORE: 0
[DEBUG] 2016-10-18 21:55:57.659 [main] MailModuleTest - in TestSentAndReceivedMessages with plain email 2 receivers
[DEBUG] 2016-10-18 21:55:57.661 [main] MailModule - BEFORE: 0
[DEBUG] 2016-10-18 21:56:11.133 [main] MailModule - BEFORE: 0
[DEBUG] 2016-10-18 21:56:21.995 [main] MailModuleTest - in TestSentAndReceivedMessages with plain email 1 receiver 1 cc
[DEBUG] 2016-10-18 21:56:21.996 [main] MailModule - BEFORE: 0
[DEBUG] 2016-10-18 21:56:32.817 [main] MailModule - BEFORE: 0
[DEBUG] 2016-10-18 21:56:42.609 [main] MailModuleTest - in TestSentAndReceivedMessages with plain email 1 receiver 2 cc
[DEBUG] 2016-10-18 21:56:42.611 [main] MailModule - BEFORE: 0
[DEBUG] 2016-10-18 21:56:51.877 [main] MailModule - BEFORE: 0
[DEBUG] 2016-10-18 21:57:02.810 [main] MailModuleTest - in TestSentAndReceivedMessages with plain email 1 receiver 1 bcc
[DEBUG] 2016-10-18 21:57:02.812 [main] MailModule - BEFORE: 0
[DEBUG] 2016-10-18 21:57:15.222 [main] MailModule - BEFORE: 0
[DEBUG] 2016-10-18 21:57:26.090 [main] MailModuleTest - in TestSentAndReceivedMessages with plain email 1 receiver 2 bcc
[DEBUG] 2016-10-18 21:57:26.092 [main] MailModule - BEFORE: 0
[DEBUG] 2016-10-18 21:57:36.083 [main] MailModule - BEFORE: 1
[DEBUG] 2016-10-18 21:57:49.265 [main] MailModuleTest - in TestSentAndReceivedMessages with plain email 1 attach
[DEBUG] 2016-10-18 21:57:49.271 [main] MailModule - BEFORE: 1
[DEBUG] 2016-10-18 21:58:02.230 [main] MailModule - BEFORE: 1
[DEBUG] 2016-10-18 21:58:05.448 [main] MailModule - AFTER: 1
[DEBUG] 2016-10-18 21:58:15.818 [main] MailModuleTest - in TestSentAndReceivedMessages with html email 1 embed attach
[DEBUG] 2016-10-18 21:58:15.826 [main] MailModule - BEFORE: 1
[DEBUG] 2016-10-18 21:58:18.777 [main] MailModule - AFTER: 1
[DEBUG] 2016-10-18 21:58:28.745 [main] MailModule - BEFORE: 2
[DEBUG] 2016-10-18 21:58:36.620 [main] MailModule - AFTER: 2
[DEBUG] 2016-10-18 21:58:48.249 [main] MailModuleTest - in TestSentAndReceivedMessages with html email 1 embed attach and 1 usual attach
[DEBUG] 2016-10-18 21:58:48.263 [main] MailModule - BEFORE: 2
[DEBUG] 2016-10-18 21:58:55.075 [main] MailModule - AFTER: 2
[DEBUG] 2016-10-18 21:59:06.504 [main] MailModule - BEFORE: 2
[DEBUG] 2016-10-18 21:59:13.400 [main] MailModule - AFTER: 2
[DEBUG] 2016-10-18 21:59:23.144 [main] MailModuleTest - in TestSentAndReceivedMessages with html email 2 to, 1 cc, 1 bcc, 1 embed and 1 attach
[DEBUG] 2016-10-18 21:59:23.146 [main] MailModule - BEFORE: 2
[DEBUG] 2016-10-18 21:59:30.072 [main] MailModule - AFTER: 2
[DEBUG] 2016-10-18 21:59:40.937 [main] MailModule - BEFORE: 1
[DEBUG] 2016-10-18 21:59:44.057 [main] MailModule - AFTER: 1
[DEBUG] 2016-10-18 21:59:53.230 [main] MailModuleTest - in TestSentAndReceivedMessages with html email 1 invalid cid embed attach (becomes usual attach)
[DEBUG] 2016-10-18 21:59:53.233 [main] MailModule - BEFORE: 1
[DEBUG] 2016-10-18 21:59:55.851 [main] MailModule - AFTER: 1
[DEBUG] 2016-10-18 22:00:04.909 [main] MailModuleExceptionsTest - in TestExceptions with no to's addresses
[DEBUG] 2016-10-18 22:00:04.911 [main] MailModuleExceptionsTest - in TestExceptions with null for cc
[DEBUG] 2016-10-18 22:00:04.912 [main] MailModuleExceptionsTest - in TestExceptions with to with invalid email
[DEBUG] 2016-10-18 22:00:04.913 [main] MailModuleExceptionsTest - in TestExceptions with cc with invalid email
[DEBUG] 2016-10-18 22:00:04.914 [main] MailModuleExceptionsTest - in TestExceptions with bcc with invalid email
[DEBUG] 2016-10-18 22:00:04.916 [main] MailModuleExceptionsTest - in TestExceptions with attachment error: file not found
[DEBUG] 2016-10-18 22:00:04.917 [main] MailModule - BEFORE: 1
[INFO ] 2016-10-18 22:01:30.981 [main] FolderStorageModuleTest - Starting test [createDirectoryTest]
[INFO ] 2016-10-18 22:01:30.985 [main] MailStorageModuleTest - Seeding
[INFO ] 2016-10-18 22:01:31.736 [main] FolderStorageModule - Connected to the database.
[INFO ] 2016-10-18 22:01:33.446 [main] FolderStorageModule - Connected to the database.
[INFO ] 2016-10-18 22:01:33.695 [main] FolderStorageModule - Connected to the database.
[INFO ] 2016-10-18 22:01:33.731 [main] FolderStorageModuleTest - Starting test [updateDirectoryTest_DuplicateDir]
[INFO ] 2016-10-18 22:01:33.732 [main] MailStorageModuleTest - Seeding
[INFO ] 2016-10-18 22:01:34.188 [main] FolderStorageModule - Connected to the database.
[INFO ] 2016-10-18 22:01:35.975 [main] FolderStorageModule - Connected to the database.
[ERROR] 2016-10-18 22:01:36.033 [main] FolderStorageModule - Such directory already exists
com.mysql.jdbc.exceptions.jdbc4.MySQLIntegrityConstraintViolationException: Duplicate entry 'trash' for key 'name'
	at sun.reflect.NativeConstructorAccessorImpl.newInstance0(Native Method) ~[?:1.8.0_91]
	at sun.reflect.NativeConstructorAccessorImpl.newInstance(NativeConstructorAccessorImpl.java:62) ~[?:1.8.0_91]
	at sun.reflect.DelegatingConstructorAccessorImpl.newInstance(DelegatingConstructorAccessorImpl.java:45) ~[?:1.8.0_91]
	at java.lang.reflect.Constructor.newInstance(Constructor.java:423) ~[?:1.8.0_91]
	at com.mysql.jdbc.Util.handleNewInstance(Util.java:404) ~[mysql-connector-java-5.1.39.jar:5.1.39]
	at com.mysql.jdbc.Util.getInstance(Util.java:387) ~[mysql-connector-java-5.1.39.jar:5.1.39]
	at com.mysql.jdbc.SQLError.createSQLException(SQLError.java:934) ~[mysql-connector-java-5.1.39.jar:5.1.39]
	at com.mysql.jdbc.MysqlIO.checkErrorPacket(MysqlIO.java:3966) ~[mysql-connector-java-5.1.39.jar:5.1.39]
	at com.mysql.jdbc.MysqlIO.checkErrorPacket(MysqlIO.java:3902) ~[mysql-connector-java-5.1.39.jar:5.1.39]
	at com.mysql.jdbc.MysqlIO.sendCommand(MysqlIO.java:2526) ~[mysql-connector-java-5.1.39.jar:5.1.39]
	at com.mysql.jdbc.MysqlIO.sqlQueryDirect(MysqlIO.java:2673) ~[mysql-connector-java-5.1.39.jar:5.1.39]
	at com.mysql.jdbc.ConnectionImpl.execSQL(ConnectionImpl.java:2549) ~[mysql-connector-java-5.1.39.jar:5.1.39]
	at com.mysql.jdbc.PreparedStatement.executeInternal(PreparedStatement.java:1861) ~[mysql-connector-java-5.1.39.jar:5.1.39]
	at com.mysql.jdbc.PreparedStatement.executeUpdateInternal(PreparedStatement.java:2073) ~[mysql-connector-java-5.1.39.jar:5.1.39]
	at com.mysql.jdbc.PreparedStatement.executeUpdateInternal(PreparedStatement.java:2009) ~[mysql-connector-java-5.1.39.jar:5.1.39]
	at com.mysql.jdbc.PreparedStatement.executeLargeUpdate(PreparedStatement.java:5098) ~[mysql-connector-java-5.1.39.jar:5.1.39]
	at com.mysql.jdbc.PreparedStatement.executeUpdate(PreparedStatement.java:1994) ~[mysql-connector-java-5.1.39.jar:5.1.39]
	at ashulzhenko.emailapp.data.FolderStorageModule.updateDirectory(FolderStorageModule.java:146) [classes/:?]
	at ashulzhenko.emailapp.data.FolderStorageModuleTest.updateDirectoryTest_DuplicateDir(FolderStorageModuleTest.java:103) [test-classes/:?]
	at sun.reflect.NativeMethodAccessorImpl.invoke0(Native Method) ~[?:1.8.0_91]
	at sun.reflect.NativeMethodAccessorImpl.invoke(NativeMethodAccessorImpl.java:62) ~[?:1.8.0_91]
	at sun.reflect.DelegatingMethodAccessorImpl.invoke(DelegatingMethodAccessorImpl.java:43) ~[?:1.8.0_91]
	at java.lang.reflect.Method.invoke(Method.java:498) ~[?:1.8.0_91]
	at org.junit.runners.model.FrameworkMethod$1.runReflectiveCall(FrameworkMethod.java:50) [junit-4.12.jar:4.12]
	at org.junit.internal.runners.model.ReflectiveCallable.run(ReflectiveCallable.java:12) [junit-4.12.jar:4.12]
	at org.junit.runners.model.FrameworkMethod.invokeExplosively(FrameworkMethod.java:47) [junit-4.12.jar:4.12]
	at org.junit.internal.runners.statements.InvokeMethod.evaluate(InvokeMethod.java:17) [junit-4.12.jar:4.12]
	at org.junit.internal.runners.statements.ExpectException.evaluate(ExpectException.java:19) [junit-4.12.jar:4.12]
	at org.junit.internal.runners.statements.RunBefores.evaluate(RunBefores.java:26) [junit-4.12.jar:4.12]
	at org.junit.rules.TestWatcher$1.evaluate(TestWatcher.java:55) [junit-4.12.jar:4.12]
	at org.junit.rules.RunRules.evaluate(RunRules.java:20) [junit-4.12.jar:4.12]
	at org.junit.runners.ParentRunner.runLeaf(ParentRunner.java:325) [junit-4.12.jar:4.12]
	at org.junit.runners.BlockJUnit4ClassRunner.runChild(BlockJUnit4ClassRunner.java:78) [junit-4.12.jar:4.12]
	at org.junit.runners.BlockJUnit4ClassRunner.runChild(BlockJUnit4ClassRunner.java:57) [junit-4.12.jar:4.12]
	at org.junit.runners.ParentRunner$3.run(ParentRunner.java:290) [junit-4.12.jar:4.12]
	at org.junit.runners.ParentRunner$1.schedule(ParentRunner.java:71) [junit-4.12.jar:4.12]
	at org.junit.runners.ParentRunner.runChildren(ParentRunner.java:288) [junit-4.12.jar:4.12]
	at org.junit.runners.ParentRunner.access$000(ParentRunner.java:58) [junit-4.12.jar:4.12]
	at org.junit.runners.ParentRunner$2.evaluate(ParentRunner.java:268) [junit-4.12.jar:4.12]
	at org.junit.runners.ParentRunner.run(ParentRunner.java:363) [junit-4.12.jar:4.12]
	at org.apache.maven.surefire.junit4.JUnit4Provider.execute(JUnit4Provider.java:367) [surefire-junit4-2.19.1.jar:2.19.1]
	at org.apache.maven.surefire.junit4.JUnit4Provider.executeWithRerun(JUnit4Provider.java:274) [surefire-junit4-2.19.1.jar:2.19.1]
	at org.apache.maven.surefire.junit4.JUnit4Provider.executeTestSet(JUnit4Provider.java:238) [surefire-junit4-2.19.1.jar:2.19.1]
	at org.apache.maven.surefire.junit4.JUnit4Provider.invoke(JUnit4Provider.java:161) [surefire-junit4-2.19.1.jar:2.19.1]
	at org.apache.maven.surefire.booter.ForkedBooter.invokeProviderInSameClassLoader(ForkedBooter.java:290) [surefire-booter-2.19.1.jar:2.19.1]
	at org.apache.maven.surefire.booter.ForkedBooter.runSuitesInProcess(ForkedBooter.java:242) [surefire-booter-2.19.1.jar:2.19.1]
	at org.apache.maven.surefire.booter.ForkedBooter.main(ForkedBooter.java:121) [surefire-booter-2.19.1.jar:2.19.1]
[INFO ] 2016-10-18 22:01:36.044 [main] FolderStorageModuleTest - Starting test [deleteDirectoryTest_DirNotExists]
[INFO ] 2016-10-18 22:01:36.045 [main] MailStorageModuleTest - Seeding
[INFO ] 2016-10-18 22:01:36.428 [main] FolderStorageModule - Connected to the database.
[INFO ] 2016-10-18 22:01:37.633 [main] FolderStorageModule - Connected to the database.
[INFO ] 2016-10-18 22:01:37.687 [main] FolderStorageModuleTest - Starting test [findAllTest]
[INFO ] 2016-10-18 22:01:37.688 [main] MailStorageModuleTest - Seeding
[INFO ] 2016-10-18 22:01:38.218 [main] FolderStorageModule - Connected to the database.
[INFO ] 2016-10-18 22:01:39.924 [main] FolderStorageModule - Connected to the database.
[INFO ] 2016-10-18 22:01:39.976 [main] FolderStorageModuleTest - Starting test [deleteDirectoryTest_InvalidArgument]
[INFO ] 2016-10-18 22:01:39.976 [main] MailStorageModuleTest - Seeding
[INFO ] 2016-10-18 22:01:40.451 [main] FolderStorageModule - Connected to the database.
[INFO ] 2016-10-18 22:01:41.821 [main] FolderStorageModuleTest - Starting test [deleteDirectoryTest]
[INFO ] 2016-10-18 22:01:41.821 [main] MailStorageModuleTest - Seeding
[INFO ] 2016-10-18 22:01:42.451 [main] FolderStorageModule - Connected to the database.
[INFO ] 2016-10-18 22:01:45.498 [main] FolderStorageModule - Connected to the database.
[INFO ] 2016-10-18 22:01:45.911 [main] FolderStorageModule - Connected to the database.
[INFO ] 2016-10-18 22:01:45.974 [main] FolderStorageModuleTest - Starting test [updateDirectoryTest]
[INFO ] 2016-10-18 22:01:45.974 [main] MailStorageModuleTest - Seeding
[INFO ] 2016-10-18 22:01:46.616 [main] FolderStorageModule - Connected to the database.
[INFO ] 2016-10-18 22:01:48.601 [main] FolderStorageModule - Connected to the database.
[INFO ] 2016-10-18 22:01:49.048 [main] FolderStorageModule - Connected to the database.
[INFO ] 2016-10-18 22:01:49.555 [main] FolderStorageModule - Connected to the database.
[INFO ] 2016-10-18 22:01:49.626 [main] FolderStorageModuleTest - Starting test [createDirectoryTest_InvalidArgument]
[INFO ] 2016-10-18 22:01:49.634 [main] MailStorageModuleTest - Seeding
[INFO ] 2016-10-18 22:01:50.577 [main] FolderStorageModule - Connected to the database.
[INFO ] 2016-10-18 22:01:52.346 [main] FolderStorageModuleTest - Starting test [updateDirectoryTest_InvalidSameValueArgument]
[INFO ] 2016-10-18 22:01:52.347 [main] MailStorageModuleTest - Seeding
[INFO ] 2016-10-18 22:01:53.576 [main] FolderStorageModule - Connected to the database.
[INFO ] 2016-10-18 22:01:56.047 [main] FolderStorageModuleTest - Starting test [updateDirectoryTest_InvalidArgument]
[INFO ] 2016-10-18 22:01:56.047 [main] MailStorageModuleTest - Seeding
[INFO ] 2016-10-18 22:01:56.699 [main] FolderStorageModule - Connected to the database.
[INFO ] 2016-10-18 22:01:58.318 [main] FolderStorageModuleTest - Starting test [createDirectoryTest_DuplicateDir]
[INFO ] 2016-10-18 22:01:58.318 [main] MailStorageModuleTest - Seeding
[INFO ] 2016-10-18 22:01:59.455 [main] FolderStorageModule - Connected to the database.
[INFO ] 2016-10-18 22:02:03.000 [main] FolderStorageModule - Connected to the database.
[ERROR] 2016-10-18 22:02:03.169 [main] FolderStorageModule - Such directory already exists
com.mysql.jdbc.exceptions.jdbc4.MySQLIntegrityConstraintViolationException: Duplicate entry 'new' for key 'name'
	at sun.reflect.NativeConstructorAccessorImpl.newInstance0(Native Method) ~[?:1.8.0_91]
	at sun.reflect.NativeConstructorAccessorImpl.newInstance(NativeConstructorAccessorImpl.java:62) ~[?:1.8.0_91]
	at sun.reflect.DelegatingConstructorAccessorImpl.newInstance(DelegatingConstructorAccessorImpl.java:45) ~[?:1.8.0_91]
	at java.lang.reflect.Constructor.newInstance(Constructor.java:423) ~[?:1.8.0_91]
	at com.mysql.jdbc.Util.handleNewInstance(Util.java:404) ~[mysql-connector-java-5.1.39.jar:5.1.39]
	at com.mysql.jdbc.Util.getInstance(Util.java:387) ~[mysql-connector-java-5.1.39.jar:5.1.39]
	at com.mysql.jdbc.SQLError.createSQLException(SQLError.java:934) ~[mysql-connector-java-5.1.39.jar:5.1.39]
	at com.mysql.jdbc.MysqlIO.checkErrorPacket(MysqlIO.java:3966) ~[mysql-connector-java-5.1.39.jar:5.1.39]
	at com.mysql.jdbc.MysqlIO.checkErrorPacket(MysqlIO.java:3902) ~[mysql-connector-java-5.1.39.jar:5.1.39]
	at com.mysql.jdbc.MysqlIO.sendCommand(MysqlIO.java:2526) ~[mysql-connector-java-5.1.39.jar:5.1.39]
	at com.mysql.jdbc.MysqlIO.sqlQueryDirect(MysqlIO.java:2673) ~[mysql-connector-java-5.1.39.jar:5.1.39]
	at com.mysql.jdbc.ConnectionImpl.execSQL(ConnectionImpl.java:2549) ~[mysql-connector-java-5.1.39.jar:5.1.39]
	at com.mysql.jdbc.PreparedStatement.executeInternal(PreparedStatement.java:1861) ~[mysql-connector-java-5.1.39.jar:5.1.39]
	at com.mysql.jdbc.PreparedStatement.executeUpdateInternal(PreparedStatement.java:2073) ~[mysql-connector-java-5.1.39.jar:5.1.39]
	at com.mysql.jdbc.PreparedStatement.executeUpdateInternal(PreparedStatement.java:2009) ~[mysql-connector-java-5.1.39.jar:5.1.39]
	at com.mysql.jdbc.PreparedStatement.executeLargeUpdate(PreparedStatement.java:5098) ~[mysql-connector-java-5.1.39.jar:5.1.39]
	at com.mysql.jdbc.PreparedStatement.executeUpdate(PreparedStatement.java:1994) ~[mysql-connector-java-5.1.39.jar:5.1.39]
	at ashulzhenko.emailapp.data.FolderStorageModule.createDirectory(FolderStorageModule.java:56) [classes/:?]
	at ashulzhenko.emailapp.data.FolderStorageModuleTest.createDirectoryTest_DuplicateDir(FolderStorageModuleTest.java:55) [test-classes/:?]
	at sun.reflect.NativeMethodAccessorImpl.invoke0(Native Method) ~[?:1.8.0_91]
	at sun.reflect.NativeMethodAccessorImpl.invoke(NativeMethodAccessorImpl.java:62) ~[?:1.8.0_91]
	at sun.reflect.DelegatingMethodAccessorImpl.invoke(DelegatingMethodAccessorImpl.java:43) ~[?:1.8.0_91]
	at java.lang.reflect.Method.invoke(Method.java:498) ~[?:1.8.0_91]
	at org.junit.runners.model.FrameworkMethod$1.runReflectiveCall(FrameworkMethod.java:50) [junit-4.12.jar:4.12]
	at org.junit.internal.runners.model.ReflectiveCallable.run(ReflectiveCallable.java:12) [junit-4.12.jar:4.12]
	at org.junit.runners.model.FrameworkMethod.invokeExplosively(FrameworkMethod.java:47) [junit-4.12.jar:4.12]
	at org.junit.internal.runners.statements.InvokeMethod.evaluate(InvokeMethod.java:17) [junit-4.12.jar:4.12]
	at org.junit.internal.runners.statements.ExpectException.evaluate(ExpectException.java:19) [junit-4.12.jar:4.12]
	at org.junit.internal.runners.statements.RunBefores.evaluate(RunBefores.java:26) [junit-4.12.jar:4.12]
	at org.junit.rules.TestWatcher$1.evaluate(TestWatcher.java:55) [junit-4.12.jar:4.12]
	at org.junit.rules.RunRules.evaluate(RunRules.java:20) [junit-4.12.jar:4.12]
	at org.junit.runners.ParentRunner.runLeaf(ParentRunner.java:325) [junit-4.12.jar:4.12]
	at org.junit.runners.BlockJUnit4ClassRunner.runChild(BlockJUnit4ClassRunner.java:78) [junit-4.12.jar:4.12]
	at org.junit.runners.BlockJUnit4ClassRunner.runChild(BlockJUnit4ClassRunner.java:57) [junit-4.12.jar:4.12]
	at org.junit.runners.ParentRunner$3.run(ParentRunner.java:290) [junit-4.12.jar:4.12]
	at org.junit.runners.ParentRunner$1.schedule(ParentRunner.java:71) [junit-4.12.jar:4.12]
	at org.junit.runners.ParentRunner.runChildren(ParentRunner.java:288) [junit-4.12.jar:4.12]
	at org.junit.runners.ParentRunner.access$000(ParentRunner.java:58) [junit-4.12.jar:4.12]
	at org.junit.runners.ParentRunner$2.evaluate(ParentRunner.java:268) [junit-4.12.jar:4.12]
	at org.junit.runners.ParentRunner.run(ParentRunner.java:363) [junit-4.12.jar:4.12]
	at org.apache.maven.surefire.junit4.JUnit4Provider.execute(JUnit4Provider.java:367) [surefire-junit4-2.19.1.jar:2.19.1]
	at org.apache.maven.surefire.junit4.JUnit4Provider.executeWithRerun(JUnit4Provider.java:274) [surefire-junit4-2.19.1.jar:2.19.1]
	at org.apache.maven.surefire.junit4.JUnit4Provider.executeTestSet(JUnit4Provider.java:238) [surefire-junit4-2.19.1.jar:2.19.1]
	at org.apache.maven.surefire.junit4.JUnit4Provider.invoke(JUnit4Provider.java:161) [surefire-junit4-2.19.1.jar:2.19.1]
	at org.apache.maven.surefire.booter.ForkedBooter.invokeProviderInSameClassLoader(ForkedBooter.java:290) [surefire-booter-2.19.1.jar:2.19.1]
	at org.apache.maven.surefire.booter.ForkedBooter.runSuitesInProcess(ForkedBooter.java:242) [surefire-booter-2.19.1.jar:2.19.1]
	at org.apache.maven.surefire.booter.ForkedBooter.main(ForkedBooter.java:121) [surefire-booter-2.19.1.jar:2.19.1]
[INFO ] 2016-10-18 22:02:03.189 [main] MailStorageModuleTest - Starting test [findEmailByIdTest]
[INFO ] 2016-10-18 22:02:03.190 [main] MailStorageModuleTest - Seeding
[INFO ] 2016-10-18 22:02:03.902 [main] MailStorageModule - Connected to the database.
[INFO ] 2016-10-18 22:02:07.265 [main] MailStorageModule - Connected to the database.
[INFO ] 2016-10-18 22:02:07.737 [main] MailStorageModuleTest - Starting test [findEmailsWithNumberTest]
[INFO ] 2016-10-18 22:02:07.738 [main] MailStorageModuleTest - Seeding
[INFO ] 2016-10-18 22:02:08.982 [main] MailStorageModule - Connected to the database.
[INFO ] 2016-10-18 22:02:13.270 [main] MailStorageModule - Connected to the database.
[INFO ] 2016-10-18 22:02:14.711 [main] MailStorageModuleTest - Starting test [deleteEmailTest]
[INFO ] 2016-10-18 22:02:14.711 [main] MailStorageModuleTest - Seeding
[INFO ] 2016-10-18 22:02:15.695 [main] MailStorageModule - Connected to the database.
[INFO ] 2016-10-18 22:02:18.203 [main] MailStorageModule - Connected to the database.
[INFO ] 2016-10-18 22:02:18.720 [main] MailStorageModule - Connected to the database.
[INFO ] 2016-10-18 22:02:18.836 [main] MailStorageModuleTest - Starting test [findAllInDirectoryTest]
[INFO ] 2016-10-18 22:02:18.836 [main] MailStorageModuleTest - Seeding
[INFO ] 2016-10-18 22:02:19.910 [main] MailStorageModule - Connected to the database.
[INFO ] 2016-10-18 22:02:24.485 [main] MailStorageModule - Connected to the database.
[INFO ] 2016-10-18 22:02:27.101 [main] MailStorageModuleTest - Starting test [findAllInDirectoryTest_DirNotExists]
[INFO ] 2016-10-18 22:02:27.102 [main] MailStorageModuleTest - Seeding
[INFO ] 2016-10-18 22:02:27.994 [main] MailStorageModule - Connected to the database.
[INFO ] 2016-10-18 22:02:31.298 [main] MailStorageModule - Connected to the database.
[INFO ] 2016-10-18 22:02:31.454 [main] MailStorageModuleTest - Starting test [findEmailByIdTest_NotInDb]
[INFO ] 2016-10-18 22:02:31.455 [main] MailStorageModuleTest - Seeding
[INFO ] 2016-10-18 22:02:32.285 [main] MailStorageModule - Connected to the database.
[INFO ] 2016-10-18 22:02:36.149 [main] MailStorageModule - Connected to the database.
[INFO ] 2016-10-18 22:02:36.248 [main] MailStorageModuleTest - Starting test [deleteEmailTest_InvalidArgument]
[INFO ] 2016-10-18 22:02:36.248 [main] MailStorageModuleTest - Seeding
[INFO ] 2016-10-18 22:02:37.848 [main] MailStorageModule - Connected to the database.
[INFO ] 2016-10-18 22:02:43.825 [main] MailStorageModuleTest - Starting test [findAllTest]
[INFO ] 2016-10-18 22:02:43.825 [main] MailStorageModuleTest - Seeding
[INFO ] 2016-10-18 22:02:46.018 [main] MailStorageModule - Connected to the database.
[INFO ] 2016-10-18 22:02:50.609 [main] MailStorageModule - Connected to the database.
[INFO ] 2016-10-18 22:02:58.078 [main] MailStorageModuleTest - Starting test [deleteEmailTest_IdNotExists]
[INFO ] 2016-10-18 22:02:58.079 [main] MailStorageModuleTest - Seeding
[INFO ] 2016-10-18 22:03:00.147 [main] MailStorageModule - Connected to the database.
[INFO ] 2016-10-18 22:03:05.942 [main] MailStorageModule - Connected to the database.
[INFO ] 2016-10-18 22:03:06.027 [main] MailStorageModuleTest - Starting test [saveEmailTest]
[INFO ] 2016-10-18 22:03:06.027 [main] MailStorageModuleTest - Seeding
[INFO ] 2016-10-18 22:03:07.767 [main] MailStorageModule - Connected to the database.
[INFO ] 2016-10-18 22:03:11.484 [main] MailStorageModule - Connected to the database.
[INFO ] 2016-10-18 22:03:21.150 [main] MailStorageModule - Connected to the database.
[INFO ] 2016-10-18 22:03:23.381 [main] MailStorageModuleTest - Starting test [updateEmailDirectoryTest_InvalidArgument]
[INFO ] 2016-10-18 22:03:23.382 [main] MailStorageModuleTest - Seeding
[INFO ] 2016-10-18 22:03:24.129 [main] MailStorageModule - Connected to the database.
[INFO ] 2016-10-18 22:03:25.839 [main] MailStorageModuleTest - Starting test [findEmailByIdTest_InvalidArgument]
[INFO ] 2016-10-18 22:03:25.839 [main] MailStorageModuleTest - Seeding
[INFO ] 2016-10-18 22:03:26.554 [main] MailStorageModule - Connected to the database.
[INFO ] 2016-10-18 22:03:28.372 [main] MailStorageModuleTest - Starting test [saveEmailTest_InvalidArgument]
[INFO ] 2016-10-18 22:03:28.373 [main] MailStorageModuleTest - Seeding
[INFO ] 2016-10-18 22:03:29.572 [main] MailStorageModule - Connected to the database.
[INFO ] 2016-10-18 22:03:32.643 [main] MailStorageModuleTest - Starting test [updateEmailDirectoryTest]
[INFO ] 2016-10-18 22:03:32.644 [main] MailStorageModuleTest - Seeding
[INFO ] 2016-10-18 22:03:33.970 [main] MailStorageModule - Connected to the database.
[INFO ] 2016-10-18 22:03:36.965 [main] MailStorageModule - Connected to the database.
[INFO ] 2016-10-18 22:03:37.787 [main] MailStorageModule - Connected to the database.
[INFO ] 2016-10-18 22:03:38.276 [main] MailStorageModule - Connected to the database.
[INFO ] 2016-10-18 22:03:38.674 [main] MailStorageModuleTest - Starting test [findEmailsWithNumberAndStartTest]
[INFO ] 2016-10-18 22:03:38.675 [main] MailStorageModuleTest - Seeding
[INFO ] 2016-10-18 22:03:40.653 [main] MailStorageModule - Connected to the database.
[INFO ] 2016-10-18 22:03:45.732 [main] MailStorageModule - Connected to the database.
[INFO ] 2016-10-18 22:03:47.334 [main] MailStorageModuleTest - Starting test [updateEmailDirectoryTest_EmailIdNotInDb]
[INFO ] 2016-10-18 22:03:47.336 [main] MailStorageModuleTest - Seeding
[INFO ] 2016-10-18 22:03:49.461 [main] MailStorageModule - Connected to the database.
[INFO ] 2016-10-18 22:03:58.879 [main] MailStorageModule - Connected to the database.
[INFO ] 2016-10-18 22:03:59.293 [main] MailStorageModuleTest - Starting test [findAllInDirectoryTest_InvalidArgument]
[INFO ] 2016-10-18 22:03:59.293 [main] MailStorageModuleTest - Seeding
[INFO ] 2016-10-18 22:04:00.770 [main] MailStorageModule - Connected to the database.
[INFO ] 2016-10-18 22:04:04.109 [main] PropertiesManagerTest - Starting test [testWriteText]
[DEBUG] 2016-10-18 22:04:14.947 [main] MailModuleTest - in TestSentAndReceivedMessages with plain email 1 receiver
[DEBUG] 2016-10-18 22:04:35.426 [main] MailModuleTest - in TestSentAndReceivedMessages with plain email 2 receivers
[DEBUG] 2016-10-18 22:04:55.848 [main] MailModuleTest - in TestSentAndReceivedMessages with plain email 1 receiver 1 cc
[DEBUG] 2016-10-18 22:05:16.402 [main] MailModuleTest - in TestSentAndReceivedMessages with plain email 1 receiver 2 cc
[DEBUG] 2016-10-18 22:05:37.950 [main] MailModuleTest - in TestSentAndReceivedMessages with plain email 1 receiver 1 bcc
[DEBUG] 2016-10-18 22:05:58.002 [main] MailModuleTest - in TestSentAndReceivedMessages with plain email 1 receiver 2 bcc
[DEBUG] 2016-10-18 22:06:20.732 [main] MailModuleTest - in TestSentAndReceivedMessages with plain email 1 attach
[DEBUG] 2016-10-18 22:06:45.006 [main] MailModuleTest - in TestSentAndReceivedMessages with html email 1 embed attach
[DEBUG] 2016-10-18 22:07:14.758 [main] MailModuleTest - in TestSentAndReceivedMessages with html email 1 embed attach and 1 usual attach
[DEBUG] 2016-10-18 22:07:52.939 [main] MailModuleTest - in TestSentAndReceivedMessages with html email 2 to, 1 cc, 1 bcc, 1 embed and 1 attach
[DEBUG] 2016-10-18 22:08:27.986 [main] MailModuleTest - in TestSentAndReceivedMessages with html email 1 invalid cid embed attach (becomes usual attach)
[DEBUG] 2016-10-18 22:08:40.958 [main] MailModuleExceptionsTest - in TestExceptions with no to's addresses
[DEBUG] 2016-10-18 22:08:40.959 [main] MailModuleExceptionsTest - in TestExceptions with null for cc
[DEBUG] 2016-10-18 22:08:40.960 [main] MailModuleExceptionsTest - in TestExceptions with to with invalid email
[DEBUG] 2016-10-18 22:08:40.961 [main] MailModuleExceptionsTest - in TestExceptions with cc with invalid email
[DEBUG] 2016-10-18 22:08:40.962 [main] MailModuleExceptionsTest - in TestExceptions with bcc with invalid email
[DEBUG] 2016-10-18 22:08:40.963 [main] MailModuleExceptionsTest - in TestExceptions with attachment error: file not found
[INFO ] 2016-10-18 22:11:09.306 [main] FolderStorageModuleTest - Starting test [createDirectoryTest]
[INFO ] 2016-10-18 22:11:09.309 [main] MailStorageModuleTest - Seeding
[INFO ] 2016-10-18 22:11:10.628 [main] FolderStorageModule - Connected to the database.
[INFO ] 2016-10-18 22:11:13.263 [main] FolderStorageModule - Connected to the database.
[INFO ] 2016-10-18 22:11:13.666 [main] FolderStorageModule - Connected to the database.
[INFO ] 2016-10-18 22:11:13.721 [main] FolderStorageModuleTest - Starting test [updateDirectoryTest_DuplicateDir]
[INFO ] 2016-10-18 22:11:13.721 [main] MailStorageModuleTest - Seeding
[INFO ] 2016-10-18 22:11:14.694 [main] FolderStorageModule - Connected to the database.
[INFO ] 2016-10-18 22:11:16.399 [main] FolderStorageModule - Connected to the database.
[ERROR] 2016-10-18 22:11:16.453 [main] FolderStorageModule - Such directory already exists
com.mysql.jdbc.exceptions.jdbc4.MySQLIntegrityConstraintViolationException: Duplicate entry 'trash' for key 'name'
	at sun.reflect.NativeConstructorAccessorImpl.newInstance0(Native Method) ~[?:1.8.0_91]
	at sun.reflect.NativeConstructorAccessorImpl.newInstance(NativeConstructorAccessorImpl.java:62) ~[?:1.8.0_91]
	at sun.reflect.DelegatingConstructorAccessorImpl.newInstance(DelegatingConstructorAccessorImpl.java:45) ~[?:1.8.0_91]
	at java.lang.reflect.Constructor.newInstance(Constructor.java:423) ~[?:1.8.0_91]
	at com.mysql.jdbc.Util.handleNewInstance(Util.java:404) ~[mysql-connector-java-5.1.39.jar:5.1.39]
	at com.mysql.jdbc.Util.getInstance(Util.java:387) ~[mysql-connector-java-5.1.39.jar:5.1.39]
	at com.mysql.jdbc.SQLError.createSQLException(SQLError.java:934) ~[mysql-connector-java-5.1.39.jar:5.1.39]
	at com.mysql.jdbc.MysqlIO.checkErrorPacket(MysqlIO.java:3966) ~[mysql-connector-java-5.1.39.jar:5.1.39]
	at com.mysql.jdbc.MysqlIO.checkErrorPacket(MysqlIO.java:3902) ~[mysql-connector-java-5.1.39.jar:5.1.39]
	at com.mysql.jdbc.MysqlIO.sendCommand(MysqlIO.java:2526) ~[mysql-connector-java-5.1.39.jar:5.1.39]
	at com.mysql.jdbc.MysqlIO.sqlQueryDirect(MysqlIO.java:2673) ~[mysql-connector-java-5.1.39.jar:5.1.39]
	at com.mysql.jdbc.ConnectionImpl.execSQL(ConnectionImpl.java:2549) ~[mysql-connector-java-5.1.39.jar:5.1.39]
	at com.mysql.jdbc.PreparedStatement.executeInternal(PreparedStatement.java:1861) ~[mysql-connector-java-5.1.39.jar:5.1.39]
	at com.mysql.jdbc.PreparedStatement.executeUpdateInternal(PreparedStatement.java:2073) ~[mysql-connector-java-5.1.39.jar:5.1.39]
	at com.mysql.jdbc.PreparedStatement.executeUpdateInternal(PreparedStatement.java:2009) ~[mysql-connector-java-5.1.39.jar:5.1.39]
	at com.mysql.jdbc.PreparedStatement.executeLargeUpdate(PreparedStatement.java:5098) ~[mysql-connector-java-5.1.39.jar:5.1.39]
	at com.mysql.jdbc.PreparedStatement.executeUpdate(PreparedStatement.java:1994) ~[mysql-connector-java-5.1.39.jar:5.1.39]
	at ashulzhenko.emailapp.data.FolderStorageModule.updateDirectory(FolderStorageModule.java:146) [classes/:?]
	at ashulzhenko.emailapp.data.FolderStorageModuleTest.updateDirectoryTest_DuplicateDir(FolderStorageModuleTest.java:103) [test-classes/:?]
	at sun.reflect.NativeMethodAccessorImpl.invoke0(Native Method) ~[?:1.8.0_91]
	at sun.reflect.NativeMethodAccessorImpl.invoke(NativeMethodAccessorImpl.java:62) ~[?:1.8.0_91]
	at sun.reflect.DelegatingMethodAccessorImpl.invoke(DelegatingMethodAccessorImpl.java:43) ~[?:1.8.0_91]
	at java.lang.reflect.Method.invoke(Method.java:498) ~[?:1.8.0_91]
	at org.junit.runners.model.FrameworkMethod$1.runReflectiveCall(FrameworkMethod.java:50) [junit-4.12.jar:4.12]
	at org.junit.internal.runners.model.ReflectiveCallable.run(ReflectiveCallable.java:12) [junit-4.12.jar:4.12]
	at org.junit.runners.model.FrameworkMethod.invokeExplosively(FrameworkMethod.java:47) [junit-4.12.jar:4.12]
	at org.junit.internal.runners.statements.InvokeMethod.evaluate(InvokeMethod.java:17) [junit-4.12.jar:4.12]
	at org.junit.internal.runners.statements.ExpectException.evaluate(ExpectException.java:19) [junit-4.12.jar:4.12]
	at org.junit.internal.runners.statements.RunBefores.evaluate(RunBefores.java:26) [junit-4.12.jar:4.12]
	at org.junit.rules.TestWatcher$1.evaluate(TestWatcher.java:55) [junit-4.12.jar:4.12]
	at org.junit.rules.RunRules.evaluate(RunRules.java:20) [junit-4.12.jar:4.12]
	at org.junit.runners.ParentRunner.runLeaf(ParentRunner.java:325) [junit-4.12.jar:4.12]
	at org.junit.runners.BlockJUnit4ClassRunner.runChild(BlockJUnit4ClassRunner.java:78) [junit-4.12.jar:4.12]
	at org.junit.runners.BlockJUnit4ClassRunner.runChild(BlockJUnit4ClassRunner.java:57) [junit-4.12.jar:4.12]
	at org.junit.runners.ParentRunner$3.run(ParentRunner.java:290) [junit-4.12.jar:4.12]
	at org.junit.runners.ParentRunner$1.schedule(ParentRunner.java:71) [junit-4.12.jar:4.12]
	at org.junit.runners.ParentRunner.runChildren(ParentRunner.java:288) [junit-4.12.jar:4.12]
	at org.junit.runners.ParentRunner.access$000(ParentRunner.java:58) [junit-4.12.jar:4.12]
	at org.junit.runners.ParentRunner$2.evaluate(ParentRunner.java:268) [junit-4.12.jar:4.12]
	at org.junit.runners.ParentRunner.run(ParentRunner.java:363) [junit-4.12.jar:4.12]
	at org.apache.maven.surefire.junit4.JUnit4Provider.execute(JUnit4Provider.java:367) [surefire-junit4-2.19.1.jar:2.19.1]
	at org.apache.maven.surefire.junit4.JUnit4Provider.executeWithRerun(JUnit4Provider.java:274) [surefire-junit4-2.19.1.jar:2.19.1]
	at org.apache.maven.surefire.junit4.JUnit4Provider.executeTestSet(JUnit4Provider.java:238) [surefire-junit4-2.19.1.jar:2.19.1]
	at org.apache.maven.surefire.junit4.JUnit4Provider.invoke(JUnit4Provider.java:161) [surefire-junit4-2.19.1.jar:2.19.1]
	at org.apache.maven.surefire.booter.ForkedBooter.invokeProviderInSameClassLoader(ForkedBooter.java:290) [surefire-booter-2.19.1.jar:2.19.1]
	at org.apache.maven.surefire.booter.ForkedBooter.runSuitesInProcess(ForkedBooter.java:242) [surefire-booter-2.19.1.jar:2.19.1]
	at org.apache.maven.surefire.booter.ForkedBooter.main(ForkedBooter.java:121) [surefire-booter-2.19.1.jar:2.19.1]
[INFO ] 2016-10-18 22:11:16.476 [main] FolderStorageModuleTest - Starting test [deleteDirectoryTest_DirNotExists]
[INFO ] 2016-10-18 22:11:16.478 [main] MailStorageModuleTest - Seeding
[INFO ] 2016-10-18 22:11:16.963 [main] FolderStorageModule - Connected to the database.
[INFO ] 2016-10-18 22:11:18.683 [main] FolderStorageModule - Connected to the database.
[INFO ] 2016-10-18 22:11:18.710 [main] FolderStorageModuleTest - Starting test [findAllTest]
[INFO ] 2016-10-18 22:11:18.711 [main] MailStorageModuleTest - Seeding
[INFO ] 2016-10-18 22:11:19.107 [main] FolderStorageModule - Connected to the database.
[INFO ] 2016-10-18 22:11:20.743 [main] FolderStorageModule - Connected to the database.
[INFO ] 2016-10-18 22:11:20.772 [main] FolderStorageModuleTest - Starting test [deleteDirectoryTest_InvalidArgument]
[INFO ] 2016-10-18 22:11:20.772 [main] MailStorageModuleTest - Seeding
[INFO ] 2016-10-18 22:11:21.156 [main] FolderStorageModule - Connected to the database.
[INFO ] 2016-10-18 22:11:23.272 [main] FolderStorageModuleTest - Starting test [deleteDirectoryTest]
[INFO ] 2016-10-18 22:11:23.272 [main] MailStorageModuleTest - Seeding
[INFO ] 2016-10-18 22:11:23.724 [main] FolderStorageModule - Connected to the database.
[INFO ] 2016-10-18 22:11:25.202 [main] FolderStorageModule - Connected to the database.
[INFO ] 2016-10-18 22:11:25.509 [main] FolderStorageModule - Connected to the database.
[INFO ] 2016-10-18 22:11:25.545 [main] FolderStorageModuleTest - Starting test [updateDirectoryTest]
[INFO ] 2016-10-18 22:11:25.546 [main] MailStorageModuleTest - Seeding
[INFO ] 2016-10-18 22:11:26.316 [main] FolderStorageModule - Connected to the database.
[INFO ] 2016-10-18 22:11:29.078 [main] FolderStorageModule - Connected to the database.
[INFO ] 2016-10-18 22:11:29.947 [main] FolderStorageModule - Connected to the database.
[INFO ] 2016-10-18 22:11:31.384 [main] FolderStorageModule - Connected to the database.
[INFO ] 2016-10-18 22:11:31.461 [main] FolderStorageModuleTest - Starting test [createDirectoryTest_InvalidArgument]
[INFO ] 2016-10-18 22:11:31.461 [main] MailStorageModuleTest - Seeding
[INFO ] 2016-10-18 22:11:33.227 [main] FolderStorageModule - Connected to the database.
[INFO ] 2016-10-18 22:11:36.222 [main] FolderStorageModuleTest - Starting test [updateDirectoryTest_InvalidSameValueArgument]
[INFO ] 2016-10-18 22:11:36.222 [main] MailStorageModuleTest - Seeding
[INFO ] 2016-10-18 22:11:36.986 [main] FolderStorageModule - Connected to the database.
[INFO ] 2016-10-18 22:11:39.479 [main] FolderStorageModuleTest - Starting test [updateDirectoryTest_InvalidArgument]
[INFO ] 2016-10-18 22:11:39.479 [main] MailStorageModuleTest - Seeding
[INFO ] 2016-10-18 22:11:40.656 [main] FolderStorageModule - Connected to the database.
[INFO ] 2016-10-18 22:11:43.245 [main] FolderStorageModuleTest - Starting test [createDirectoryTest_DuplicateDir]
[INFO ] 2016-10-18 22:11:43.246 [main] MailStorageModuleTest - Seeding
[INFO ] 2016-10-18 22:11:44.473 [main] FolderStorageModule - Connected to the database.
[INFO ] 2016-10-18 22:11:47.562 [main] FolderStorageModule - Connected to the database.
[ERROR] 2016-10-18 22:11:47.631 [main] FolderStorageModule - Such directory already exists
com.mysql.jdbc.exceptions.jdbc4.MySQLIntegrityConstraintViolationException: Duplicate entry 'new' for key 'name'
	at sun.reflect.NativeConstructorAccessorImpl.newInstance0(Native Method) ~[?:1.8.0_91]
	at sun.reflect.NativeConstructorAccessorImpl.newInstance(NativeConstructorAccessorImpl.java:62) ~[?:1.8.0_91]
	at sun.reflect.DelegatingConstructorAccessorImpl.newInstance(DelegatingConstructorAccessorImpl.java:45) ~[?:1.8.0_91]
	at java.lang.reflect.Constructor.newInstance(Constructor.java:423) ~[?:1.8.0_91]
	at com.mysql.jdbc.Util.handleNewInstance(Util.java:404) ~[mysql-connector-java-5.1.39.jar:5.1.39]
	at com.mysql.jdbc.Util.getInstance(Util.java:387) ~[mysql-connector-java-5.1.39.jar:5.1.39]
	at com.mysql.jdbc.SQLError.createSQLException(SQLError.java:934) ~[mysql-connector-java-5.1.39.jar:5.1.39]
	at com.mysql.jdbc.MysqlIO.checkErrorPacket(MysqlIO.java:3966) ~[mysql-connector-java-5.1.39.jar:5.1.39]
	at com.mysql.jdbc.MysqlIO.checkErrorPacket(MysqlIO.java:3902) ~[mysql-connector-java-5.1.39.jar:5.1.39]
	at com.mysql.jdbc.MysqlIO.sendCommand(MysqlIO.java:2526) ~[mysql-connector-java-5.1.39.jar:5.1.39]
	at com.mysql.jdbc.MysqlIO.sqlQueryDirect(MysqlIO.java:2673) ~[mysql-connector-java-5.1.39.jar:5.1.39]
	at com.mysql.jdbc.ConnectionImpl.execSQL(ConnectionImpl.java:2549) ~[mysql-connector-java-5.1.39.jar:5.1.39]
	at com.mysql.jdbc.PreparedStatement.executeInternal(PreparedStatement.java:1861) ~[mysql-connector-java-5.1.39.jar:5.1.39]
	at com.mysql.jdbc.PreparedStatement.executeUpdateInternal(PreparedStatement.java:2073) ~[mysql-connector-java-5.1.39.jar:5.1.39]
	at com.mysql.jdbc.PreparedStatement.executeUpdateInternal(PreparedStatement.java:2009) ~[mysql-connector-java-5.1.39.jar:5.1.39]
	at com.mysql.jdbc.PreparedStatement.executeLargeUpdate(PreparedStatement.java:5098) ~[mysql-connector-java-5.1.39.jar:5.1.39]
	at com.mysql.jdbc.PreparedStatement.executeUpdate(PreparedStatement.java:1994) ~[mysql-connector-java-5.1.39.jar:5.1.39]
	at ashulzhenko.emailapp.data.FolderStorageModule.createDirectory(FolderStorageModule.java:56) [classes/:?]
	at ashulzhenko.emailapp.data.FolderStorageModuleTest.createDirectoryTest_DuplicateDir(FolderStorageModuleTest.java:55) [test-classes/:?]
	at sun.reflect.NativeMethodAccessorImpl.invoke0(Native Method) ~[?:1.8.0_91]
	at sun.reflect.NativeMethodAccessorImpl.invoke(NativeMethodAccessorImpl.java:62) ~[?:1.8.0_91]
	at sun.reflect.DelegatingMethodAccessorImpl.invoke(DelegatingMethodAccessorImpl.java:43) ~[?:1.8.0_91]
	at java.lang.reflect.Method.invoke(Method.java:498) ~[?:1.8.0_91]
	at org.junit.runners.model.FrameworkMethod$1.runReflectiveCall(FrameworkMethod.java:50) [junit-4.12.jar:4.12]
	at org.junit.internal.runners.model.ReflectiveCallable.run(ReflectiveCallable.java:12) [junit-4.12.jar:4.12]
	at org.junit.runners.model.FrameworkMethod.invokeExplosively(FrameworkMethod.java:47) [junit-4.12.jar:4.12]
	at org.junit.internal.runners.statements.InvokeMethod.evaluate(InvokeMethod.java:17) [junit-4.12.jar:4.12]
	at org.junit.internal.runners.statements.ExpectException.evaluate(ExpectException.java:19) [junit-4.12.jar:4.12]
	at org.junit.internal.runners.statements.RunBefores.evaluate(RunBefores.java:26) [junit-4.12.jar:4.12]
	at org.junit.rules.TestWatcher$1.evaluate(TestWatcher.java:55) [junit-4.12.jar:4.12]
	at org.junit.rules.RunRules.evaluate(RunRules.java:20) [junit-4.12.jar:4.12]
	at org.junit.runners.ParentRunner.runLeaf(ParentRunner.java:325) [junit-4.12.jar:4.12]
	at org.junit.runners.BlockJUnit4ClassRunner.runChild(BlockJUnit4ClassRunner.java:78) [junit-4.12.jar:4.12]
	at org.junit.runners.BlockJUnit4ClassRunner.runChild(BlockJUnit4ClassRunner.java:57) [junit-4.12.jar:4.12]
	at org.junit.runners.ParentRunner$3.run(ParentRunner.java:290) [junit-4.12.jar:4.12]
	at org.junit.runners.ParentRunner$1.schedule(ParentRunner.java:71) [junit-4.12.jar:4.12]
	at org.junit.runners.ParentRunner.runChildren(ParentRunner.java:288) [junit-4.12.jar:4.12]
	at org.junit.runners.ParentRunner.access$000(ParentRunner.java:58) [junit-4.12.jar:4.12]
	at org.junit.runners.ParentRunner$2.evaluate(ParentRunner.java:268) [junit-4.12.jar:4.12]
	at org.junit.runners.ParentRunner.run(ParentRunner.java:363) [junit-4.12.jar:4.12]
	at org.apache.maven.surefire.junit4.JUnit4Provider.execute(JUnit4Provider.java:367) [surefire-junit4-2.19.1.jar:2.19.1]
	at org.apache.maven.surefire.junit4.JUnit4Provider.executeWithRerun(JUnit4Provider.java:274) [surefire-junit4-2.19.1.jar:2.19.1]
	at org.apache.maven.surefire.junit4.JUnit4Provider.executeTestSet(JUnit4Provider.java:238) [surefire-junit4-2.19.1.jar:2.19.1]
	at org.apache.maven.surefire.junit4.JUnit4Provider.invoke(JUnit4Provider.java:161) [surefire-junit4-2.19.1.jar:2.19.1]
	at org.apache.maven.surefire.booter.ForkedBooter.invokeProviderInSameClassLoader(ForkedBooter.java:290) [surefire-booter-2.19.1.jar:2.19.1]
	at org.apache.maven.surefire.booter.ForkedBooter.runSuitesInProcess(ForkedBooter.java:242) [surefire-booter-2.19.1.jar:2.19.1]
	at org.apache.maven.surefire.booter.ForkedBooter.main(ForkedBooter.java:121) [surefire-booter-2.19.1.jar:2.19.1]
[INFO ] 2016-10-18 22:11:47.652 [main] MailStorageModuleTest - Starting test [findEmailByIdTest]
[INFO ] 2016-10-18 22:11:47.653 [main] MailStorageModuleTest - Seeding
[INFO ] 2016-10-18 22:11:48.774 [main] MailStorageModule - Connected to the database.
[INFO ] 2016-10-18 22:11:51.725 [main] MailStorageModule - Connected to the database.
[INFO ] 2016-10-18 22:11:52.528 [main] MailStorageModuleTest - Starting test [findEmailsWithNumberTest]
[INFO ] 2016-10-18 22:11:52.528 [main] MailStorageModuleTest - Seeding
[INFO ] 2016-10-18 22:11:58.483 [main] MailStorageModule - Connected to the database.
[INFO ] 2016-10-18 22:12:01.267 [main] MailStorageModule - Connected to the database.
[INFO ] 2016-10-18 22:12:03.008 [main] MailStorageModuleTest - Starting test [deleteEmailTest]
[INFO ] 2016-10-18 22:12:03.009 [main] MailStorageModuleTest - Seeding
[INFO ] 2016-10-18 22:12:04.663 [main] MailStorageModule - Connected to the database.
[INFO ] 2016-10-18 22:12:08.143 [main] MailStorageModule - Connected to the database.
[INFO ] 2016-10-18 22:12:09.016 [main] MailStorageModule - Connected to the database.
[INFO ] 2016-10-18 22:12:09.275 [main] MailStorageModuleTest - Starting test [findAllInDirectoryTest]
[INFO ] 2016-10-18 22:12:09.275 [main] MailStorageModuleTest - Seeding
[INFO ] 2016-10-18 22:12:11.647 [main] MailStorageModule - Connected to the database.
[INFO ] 2016-10-18 22:12:15.078 [main] MailStorageModule - Connected to the database.
[INFO ] 2016-10-18 22:12:16.617 [main] MailStorageModuleTest - Starting test [findAllInDirectoryTest_DirNotExists]
[INFO ] 2016-10-18 22:12:16.617 [main] MailStorageModuleTest - Seeding
[INFO ] 2016-10-18 22:12:18.201 [main] MailStorageModule - Connected to the database.
[INFO ] 2016-10-18 22:12:26.404 [main] MailStorageModule - Connected to the database.
[INFO ] 2016-10-18 22:12:26.516 [main] MailStorageModuleTest - Starting test [findEmailByIdTest_NotInDb]
[INFO ] 2016-10-18 22:12:26.517 [main] MailStorageModuleTest - Seeding
[INFO ] 2016-10-18 22:12:27.016 [main] MailStorageModule - Connected to the database.
[INFO ] 2016-10-18 22:12:29.135 [main] MailStorageModule - Connected to the database.
[INFO ] 2016-10-18 22:12:29.177 [main] MailStorageModuleTest - Starting test [deleteEmailTest_InvalidArgument]
[INFO ] 2016-10-18 22:12:29.177 [main] MailStorageModuleTest - Seeding
[INFO ] 2016-10-18 22:12:29.775 [main] MailStorageModule - Connected to the database.
[INFO ] 2016-10-18 22:12:31.192 [main] MailStorageModuleTest - Starting test [findAllTest]
[INFO ] 2016-10-18 22:12:31.192 [main] MailStorageModuleTest - Seeding
[INFO ] 2016-10-18 22:12:31.675 [main] MailStorageModule - Connected to the database.
[INFO ] 2016-10-18 22:12:34.492 [main] MailStorageModule - Connected to the database.
[INFO ] 2016-10-18 22:12:35.626 [main] MailStorageModuleTest - Starting test [deleteEmailTest_IdNotExists]
[INFO ] 2016-10-18 22:12:35.627 [main] MailStorageModuleTest - Seeding
[INFO ] 2016-10-18 22:12:36.337 [main] MailStorageModule - Connected to the database.
[INFO ] 2016-10-18 22:12:38.201 [main] MailStorageModule - Connected to the database.
[INFO ] 2016-10-18 22:12:38.229 [main] MailStorageModuleTest - Starting test [saveEmailTest]
[INFO ] 2016-10-18 22:12:38.229 [main] MailStorageModuleTest - Seeding
[INFO ] 2016-10-18 22:12:38.619 [main] MailStorageModule - Connected to the database.
[INFO ] 2016-10-18 22:12:40.349 [main] MailStorageModule - Connected to the database.
[INFO ] 2016-10-18 22:12:49.630 [main] MailStorageModule - Connected to the database.
[INFO ] 2016-10-18 22:12:50.623 [main] MailStorageModuleTest - Starting test [updateEmailDirectoryTest_InvalidArgument]
[INFO ] 2016-10-18 22:12:50.623 [main] MailStorageModuleTest - Seeding
[INFO ] 2016-10-18 22:12:51.033 [main] MailStorageModule - Connected to the database.
[INFO ] 2016-10-18 22:12:52.919 [main] MailStorageModuleTest - Starting test [findEmailByIdTest_InvalidArgument]
[INFO ] 2016-10-18 22:12:52.919 [main] MailStorageModuleTest - Seeding
[INFO ] 2016-10-18 22:12:53.685 [main] MailStorageModule - Connected to the database.
[INFO ] 2016-10-18 22:12:54.745 [main] MailStorageModuleTest - Starting test [saveEmailTest_InvalidArgument]
[INFO ] 2016-10-18 22:12:54.746 [main] MailStorageModuleTest - Seeding
[INFO ] 2016-10-18 22:12:55.120 [main] MailStorageModule - Connected to the database.
[INFO ] 2016-10-18 22:12:56.221 [main] MailStorageModuleTest - Starting test [updateEmailDirectoryTest]
[INFO ] 2016-10-18 22:12:56.221 [main] MailStorageModuleTest - Seeding
[INFO ] 2016-10-18 22:12:56.898 [main] MailStorageModule - Connected to the database.
[INFO ] 2016-10-18 22:12:59.113 [main] MailStorageModule - Connected to the database.
[INFO ] 2016-10-18 22:12:59.506 [main] MailStorageModule - Connected to the database.
[INFO ] 2016-10-18 22:12:59.749 [main] MailStorageModule - Connected to the database.
[INFO ] 2016-10-18 22:12:59.936 [main] MailStorageModuleTest - Starting test [findEmailsWithNumberAndStartTest]
[INFO ] 2016-10-18 22:12:59.937 [main] MailStorageModuleTest - Seeding
[INFO ] 2016-10-18 22:13:00.688 [main] MailStorageModule - Connected to the database.
[INFO ] 2016-10-18 22:13:03.161 [main] MailStorageModule - Connected to the database.
[INFO ] 2016-10-18 22:13:03.724 [main] MailStorageModuleTest - Starting test [updateEmailDirectoryTest_EmailIdNotInDb]
[INFO ] 2016-10-18 22:13:03.725 [main] MailStorageModuleTest - Seeding
[INFO ] 2016-10-18 22:13:04.622 [main] MailStorageModule - Connected to the database.
[INFO ] 2016-10-18 22:13:06.540 [main] MailStorageModule - Connected to the database.
[INFO ] 2016-10-18 22:13:06.599 [main] MailStorageModuleTest - Starting test [findAllInDirectoryTest_InvalidArgument]
[INFO ] 2016-10-18 22:13:06.599 [main] MailStorageModuleTest - Seeding
[INFO ] 2016-10-18 22:13:06.981 [main] MailStorageModule - Connected to the database.
[INFO ] 2016-10-18 22:13:08.034 [main] PropertiesManagerTest - Starting test [testWriteText]
[DEBUG] 2016-10-18 22:13:08.067 [main] MailModuleExceptionsTest - in TestExceptions with no to's addresses
[DEBUG] 2016-10-18 22:13:08.069 [main] MailModuleExceptionsTest - in TestExceptions with null for cc
[DEBUG] 2016-10-18 22:13:08.070 [main] MailModuleExceptionsTest - in TestExceptions with to with invalid email
[DEBUG] 2016-10-18 22:13:08.072 [main] MailModuleExceptionsTest - in TestExceptions with cc with invalid email
[DEBUG] 2016-10-18 22:13:08.073 [main] MailModuleExceptionsTest - in TestExceptions with bcc with invalid email
[DEBUG] 2016-10-18 22:13:08.075 [main] MailModuleExceptionsTest - in TestExceptions with attachment error: file not found
